v ATLAS
# This file was created by ATLAS version 5.28.1.R on Fri Jun 19 17:51:24 2026.
#SSF 2.0 generic
##############################################################################
#                    Copyright (c) 1984 - 2019                               #
#                    Silvaco Inc. All rights reserved                        #
#                                                                            #
# This file format and the following Key are copyright Silvaco Inc.          #
# You may not use, this format or key without reproducing this message in    #
# full and obtaining express written permission from Silvaco Inc.            #
#                                                                            #
# To obtain such permission please contact: Silvaco Inc.                     #
#                                           support@silvaco.com              #
#                                                                            #
# KEY=SVC86hn7562asdx                       PROD=345                         #
##############################################################################
y 3 700 711 15
z 3 0 300
f 3 "source" "drain" "gate" 
o 1 Ey_gate_source
o 2 Ey_gate_drain
o 3 Ey_field_plate
o 4 Ey_gate_drain_mid
o 5 Ex_gate_source
o 6 Ex_gate_drain
o 7 Ex_field_plate
o 8 Ex_gate_drain_mid
p 17 2 601 20 3 602 21 4 603 22 3000 3001 3002 3003 3004 3005 3006 3007 
d 0.000000000e+000 0.000000000e+000 1.578404866e-002 5.000000000e-001 5.000000000e-001 4.260520730e-006 -3.000000000e+000 -3.000000000e+000 -1.578830918e-002 -1.217386050e+004 1.194238378e+005 -4.034048019e+004 -1.688446879e+004 9.887313662e+004 2.536649066e+003 -1.107925424e+005 -1.998324986e+005 
d 0.000000000e+000 0.000000000e+000 1.578394719e-002 1.000000000e+000 1.000000000e+000 4.310678373e-006 -3.000000000e+000 -3.000000000e+000 -1.578825787e-002 -1.216640609e+004 1.192866844e+005 -5.342755811e+004 -2.167489929e+004 9.887349220e+004 2.524905238e+003 -1.285095343e+005 -2.320205193e+005 
d 0.000000000e+000 0.000000000e+000 1.578383322e-002 1.500000000e+000 1.500000000e+000 4.356209328e-006 -3.000000000e+000 -3.000000000e+000 -1.578818943e-002 -1.215794945e+004 1.191630517e+005 -6.646390161e+004 -2.644964231e+004 9.887390299e+004 2.514235146e+003 -1.462402797e+005 -2.642307797e+005 
d 0.000000000e+000 0.000000000e+000 1.578370430e-002 2.000000000e+000 2.000000000e+000 4.397902816e-006 -3.000000000e+000 -3.000000000e+000 -1.578810221e-002 -1.214830792e+004 1.190506736e+005 -7.945298841e+004 -3.120840723e+004 9.887437786e+004 2.504450512e+003 -1.639808153e+005 -2.964621326e+005 
d 0.000000000e+000 0.000000000e+000 1.578355384e-002 2.500000000e+000 2.500000000e+000 4.436243628e-006 -3.000000000e+000 -3.000000000e+000 -1.578799008e-002 -1.213697693e+004 1.189482476e+005 -9.240333055e+004 -3.595362460e+004 9.887494261e+004 2.495432283e+003 -1.817284294e+005 -3.287109178e+005 
d 0.000000000e+000 0.000000000e+000 1.578340290e-002 3.000000000e+000 3.000000000e+000 4.472207757e-006 -3.000000000e+000 -3.000000000e+000 -1.578787511e-002 -1.212558977e+004 1.188526013e+005 -1.053319831e+005 -4.069129376e+004 9.887551161e+004 2.486966185e+003 -1.994802381e+005 -3.609695084e+005 
d 0.000000000e+000 0.000000000e+000 1.578324396e-002 3.500000000e+000 3.500000000e+000 4.506009007e-006 -3.000000000e+000 -3.000000000e+000 -1.578774997e-002 -1.211356626e+004 1.187632487e+005 -1.182513967e+005 -4.542608391e+004 9.887611482e+004 2.478996864e+003 -2.172347602e+005 -3.932322507e+005 
d 0.000000000e+000 0.000000000e+000 1.578309042e-002 4.000000000e+000 4.000000000e+000 4.538245988e-006 -3.000000000e+000 -3.000000000e+000 -1.578762866e-002 -1.210194641e+004 1.186782562e+005 -1.311712803e+005 -5.016147412e+004 9.887669785e+004 2.471394485e+003 -2.349904887e+005 -4.254947829e+005 
d 0.000000000e+000 0.000000000e+000 1.578293945e-002 4.500000000e+000 4.500000000e+000 4.569076680e-006 -3.000000000e+000 -3.000000000e+000 -1.578750853e-002 -1.209051375e+004 1.185972206e+005 -1.440954005e+005 -5.489879216e+004 9.887727182e+004 2.464120232e+003 -2.527467726e+005 -4.577554124e+005 
d 0.000000000e+000 0.000000000e+000 1.578278271e-002 5.000000000e+000 5.000000000e+000 4.598480802e-006 -3.000000000e+000 -3.000000000e+000 -1.578738119e-002 -1.207862207e+004 1.185203282e+005 -1.570246663e+005 -5.963832354e+004 9.887787028e+004 2.457172101e+003 -2.705033565e+005 -4.900137325e+005 
d 0.000000000e+000 0.000000000e+000 1.578262892e-002 5.500000000e+000 5.500000000e+000 4.626804476e-006 -3.000000000e+000 -3.000000000e+000 -1.578725573e-002 -1.206695002e+004 1.184464538e+005 -1.699607235e+005 -6.438052597e+004 9.887845777e+004 2.450476378e+003 -2.882596753e+005 -5.222690339e+005 
d 0.000000000e+000 0.000000000e+000 1.578248877e-002 6.000000000e+000 6.000000000e+000 4.654417528e-006 -3.000000000e+000 -3.000000000e+000 -1.578714319e-002 -1.205632331e+004 1.183743862e+005 -1.829048739e+005 -6.912573567e+004 9.887899133e+004 2.443955985e+003 -3.060152216e+005 -5.545207611e+005 
d 0.000000000e+000 0.000000000e+000 1.578234037e-002 6.500000000e+000 6.500000000e+000 4.680904695e-006 -3.000000000e+000 -3.000000000e+000 -1.578702128e-002 -1.204505048e+004 1.183056371e+005 -1.958548236e+005 -7.387317279e+004 9.887955885e+004 2.437689501e+003 -3.237704090e+005 -5.867699199e+005 
d 0.000000000e+000 0.000000000e+000 1.578216367e-002 7.000000000e+000 7.000000000e+000 4.705872338e-006 -3.000000000e+000 -3.000000000e+000 -1.578686954e-002 -1.203157982e+004 1.182416091e+005 -2.088084454e+005 -7.862211806e+004 9.888024080e+004 2.431750911e+003 -3.415256307e+005 -6.190174423e+005 
d 0.000000000e+000 0.000000000e+000 1.578199555e-002 7.500000000e+000 7.500000000e+000 4.730265361e-006 -3.000000000e+000 -3.000000000e+000 -1.578672582e-002 -1.201876591e+004 1.181790686e+005 -2.217693374e+005 -8.337364114e+004 9.888088880e+004 2.425951490e+003 -3.592798444e+005 -6.512617731e+005 
d 0.000000000e+000 0.000000000e+000 1.578181949e-002 8.000000000e+000 8.000000000e+000 4.753754768e-006 -3.000000000e+000 -3.000000000e+000 -1.578657325e-002 -1.200533079e+004 1.181191888e+005 -2.347356368e+005 -8.812712146e+004 9.888156915e+004 2.420353539e+003 -3.770334170e+005 -6.835037267e+005 
d 0.000000000e+000 0.000000000e+000 1.578159553e-002 8.500000000e+000 8.500000000e+000 4.775438384e-006 -3.000000000e+000 -3.000000000e+000 -1.578637097e-002 -1.198818101e+004 1.180650838e+005 -2.477032244e+005 -9.288124438e+004 9.888244213e+004 2.415131228e+003 -3.947873090e+005 -7.157450957e+005 
d 0.000000000e+000 0.000000000e+000 1.578136204e-002 9.000000000e+000 9.000000000e+000 4.796277651e-006 -3.000000000e+000 -3.000000000e+000 -1.578615832e-002 -1.197028640e+004 1.180134672e+005 -2.606757448e+005 -9.763711389e+004 9.888335347e+004 2.410094160e+003 -4.125405160e+005 -7.479843016e+005 
d 0.000000000e+000 0.000000000e+000 1.578113415e-002 9.500000000e+000 9.500000000e+000 4.816678757e-006 -3.000000000e+000 -3.000000000e+000 -1.578595083e-002 -1.195281913e+004 1.179629756e+005 -2.736544651e+005 -1.023950990e+005 9.888424239e+004 2.405161378e+003 -4.302926501e+005 -7.802207973e+005 
d 0.000000000e+000 0.000000000e+000 1.578090515e-002 1.000000000e+001 1.000000000e+001 4.836520110e-006 -3.000000000e+000 -3.000000000e+000 -1.578574167e-002 -1.193526004e+004 1.179140483e+005 -2.866385142e+005 -1.071549082e+005 9.888513578e+004 2.400355278e+003 -4.480438781e+005 -8.124549635e+005 
d 0.000000000e+000 0.000000000e+000 1.578067313e-002 1.050000000e+001 1.050000000e+001 4.855790398e-006 -3.000000000e+000 -3.000000000e+000 -1.578552892e-002 -1.191746090e+004 1.178667432e+005 -2.996275089e+005 -1.119164046e+005 9.888604125e+004 2.395676807e+003 -4.657942504e+005 -8.446869684e+005 
d 0.000000000e+000 0.000000000e+000 1.578044156e-002 1.100000000e+001 1.100000000e+001 4.874604802e-006 -3.000000000e+000 -3.000000000e+000 -1.578531617e-002 -1.189969108e+004 1.178206871e+005 -3.126215931e+005 -1.166796173e+005 9.888694485e+004 2.391102384e+003 -4.835436889e+005 -8.769167512e+005 
d 0.000000000e+000 0.000000000e+000 1.578020484e-002 1.150000000e+001 1.150000000e+001 4.892856178e-006 -3.000000000e+000 -3.000000000e+000 -1.578509770e-002 -1.188151658e+004 1.177762578e+005 -3.256200566e+005 -1.214443125e+005 9.888786897e+004 2.386651851e+003 -5.012923392e+005 -9.091446215e+005 
d 0.000000000e+000 0.000000000e+000 1.577997479e-002 1.200000000e+001 1.200000000e+001 4.910856610e-006 -3.000000000e+000 -3.000000000e+000 -1.578488565e-002 -1.186385414e+004 1.177324171e+005 -3.386238374e+005 -1.262107697e+005 9.888876627e+004 2.382263568e+003 -5.190399300e+005 -9.413701734e+005 
d 0.000000000e+000 0.000000000e+000 1.577971337e-002 1.250000000e+001 1.250000000e+001 4.927705868e-006 -3.000000000e+000 -3.000000000e+000 -1.578464107e-002 -1.184375541e+004 1.176922033e+005 -3.516292222e+005 -1.309778255e+005 9.888978874e+004 2.378111703e+003 -5.367873824e+005 -9.735950196e+005 
d 0.000000000e+000 0.000000000e+000 1.577942968e-002 1.300000000e+001 1.300000000e+001 4.943643674e-006 -3.000000000e+000 -3.000000000e+000 -1.578437333e-002 -1.182192625e+004 1.176548092e+005 -3.646369394e+005 -1.357456969e+005 9.889089973e+004 2.374148772e+003 -5.545344859e+005 -1.005818845e+006 
d 0.000000000e+000 0.000000000e+000 1.577914813e-002 1.350000000e+001 1.350000000e+001 4.959281292e-006 -3.000000000e+000 -3.000000000e+000 -1.578410741e-002 -1.180025622e+004 1.176181916e+005 -3.776490986e+005 -1.405150310e+005 9.889200179e+004 2.370255292e+003 -5.722806787e+005 -1.038040734e+006 
d 0.000000000e+000 0.000000000e+000 1.577887537e-002 1.400000000e+001 1.400000000e+001 4.974799592e-006 -3.000000000e+000 -3.000000000e+000 -1.578385017e-002 -1.177926282e+004 1.175817581e+005 -3.906661521e+005 -1.452859608e+005 9.889306833e+004 2.366395522e+003 -5.900258254e+005 -1.070260492e+006 
d 0.000000000e+000 0.000000000e+000 1.577860252e-002 1.450000000e+001 1.450000000e+001 4.989999027e-006 -3.000000000e+000 -3.000000000e+000 -1.578359252e-002 -1.175825726e+004 1.175461868e+005 -4.036871412e+005 -1.500581824e+005 9.889413480e+004 2.362607683e+003 -6.077701541e+005 -1.102478534e+006 
d 0.000000000e+000 0.000000000e+000 1.577832850e-002 1.500000000e+001 1.500000000e+001 5.004868670e-006 -3.000000000e+000 -3.000000000e+000 -1.578333337e-002 -1.173715614e+004 1.175115227e+005 -4.167118394e+005 -1.548316198e+005 9.889520548e+004 2.358893373e+003 -6.255137073e+005 -1.134694960e+006 
d 0.000000000e+000 0.000000000e+000 1.577805083e-002 1.550000000e+001 1.550000000e+001 5.019362056e-006 -3.000000000e+000 -3.000000000e+000 -1.578307019e-002 -1.171576712e+004 1.174779275e+005 -4.297399048e+005 -1.596061619e+005 9.889629021e+004 2.355261132e+003 -6.432565590e+005 -1.166909919e+006 
d 0.000000000e+000 0.000000000e+000 1.577777336e-002 1.600000000e+001 1.600000000e+001 5.033586500e-006 -3.000000000e+000 -3.000000000e+000 -1.578280695e-002 -1.169438884e+004 1.174450516e+005 -4.427715684e+005 -1.643818760e+005 9.889737365e+004 2.351689670e+003 -6.609986378e+005 -1.199123311e+006 
d 0.000000000e+000 0.000000000e+000 1.577749398e-002 1.650000000e+001 1.650000000e+001 5.047502512e-006 -3.000000000e+000 -3.000000000e+000 -1.578254148e-002 -1.167285736e+004 1.174130326e+005 -4.558065274e+005 -1.691586640e+005 9.889846419e+004 2.348186244e+003 -6.787400103e+005 -1.231335267e+006 
d 0.000000000e+000 0.000000000e+000 1.577721160e-002 1.700000000e+001 1.700000000e+001 5.061095051e-006 -3.000000000e+000 -3.000000000e+000 -1.578227270e-002 -1.165108943e+004 1.173819257e+005 -4.688445764e+005 -1.739364585e+005 9.889956605e+004 2.344753396e+003 -6.964807190e+005 -1.263545877e+006 
d 0.000000000e+000 0.000000000e+000 1.577692919e-002 1.750000000e+001 1.750000000e+001 5.074446938e-006 -3.000000000e+000 -3.000000000e+000 -1.578200364e-002 -1.162931368e+004 1.173514626e+005 -4.818858669e+005 -1.787153030e+005 9.890066754e+004 2.341374689e+003 -7.142207161e+005 -1.295755076e+006 
d 0.000000000e+000 0.000000000e+000 1.577664630e-002 1.800000000e+001 1.800000000e+001 5.087557368e-006 -3.000000000e+000 -3.000000000e+000 -1.578173386e-002 -1.160749627e+004 1.173216513e+005 -4.949302541e+005 -1.834951498e+005 9.890177036e+004 2.338049952e+003 -7.319600303e+005 -1.327962927e+006 
d 0.000000000e+000 0.000000000e+000 1.577645904e-002 1.850000000e+001 1.850000000e+001 5.102801171e-006 -3.000000000e+000 -3.000000000e+000 -1.578156184e-002 -1.159309635e+004 1.172846888e+005 -5.079859957e+005 -1.882785587e+005 9.890249387e+004 2.334317686e+003 -7.496965394e+005 -1.360165845e+006 
d 0.000000000e+000 0.000000000e+000 1.577627369e-002 1.900000000e+001 1.900000000e+001 5.117885951e-006 -3.000000000e+000 -3.000000000e+000 -1.578139158e-002 -1.157884180e+004 1.172481425e+005 -5.210447731e+005 -1.930629456e+005 9.890320969e+004 2.330623026e+003 -7.674323667e+005 -1.392367442e+006 
d 0.000000000e+000 0.000000000e+000 1.577608589e-002 1.950000000e+001 1.950000000e+001 5.132712201e-006 -3.000000000e+000 -3.000000000e+000 -1.578121860e-002 -1.156439360e+004 1.172123428e+005 -5.341061271e+005 -1.978481657e+005 9.890393511e+004 2.326984980e+003 -7.851676238e+005 -1.424567916e+006 
d 0.000000000e+000 0.000000000e+000 1.577590157e-002 2.000000000e+001 2.000000000e+001 5.147434641e-006 -3.000000000e+000 -3.000000000e+000 -1.578104901e-002 -1.155021413e+004 1.171767866e+005 -5.471704974e+005 -2.026343533e+005 9.890464656e+004 2.323373264e+003 -8.029021926e+005 -1.456767079e+006 
d 0.000000000e+000 0.000000000e+000 1.577571666e-002 2.050000000e+001 2.050000000e+001 5.161959505e-006 -3.000000000e+000 -3.000000000e+000 -1.578087862e-002 -1.153598558e+004 1.171417846e+005 -5.602374611e+005 -2.074213755e+005 9.890536024e+004 2.319805795e+003 -8.206361765e+005 -1.488965112e+006 
d 0.000000000e+000 0.000000000e+000 1.577553026e-002 2.100000000e+001 2.100000000e+001 5.176271436e-006 -3.000000000e+000 -3.000000000e+000 -1.578070653e-002 -1.152163872e+004 1.171073898e+005 -5.733068764e+005 -2.122091865e+005 9.890607965e+004 2.316285286e+003 -8.383696071e+005 -1.521162079e+006 
d 0.000000000e+000 0.000000000e+000 1.577534984e-002 2.150000000e+001 2.150000000e+001 5.190562297e-006 -3.000000000e+000 -3.000000000e+000 -1.578054040e-002 -1.150775404e+004 1.170729804e+005 -5.863793113e+005 -2.169979610e+005 9.890677527e+004 2.312774377e+003 -8.561023346e+005 -1.553357731e+006 
d 0.000000000e+000 0.000000000e+000 1.577515521e-002 2.200000000e+001 2.200000000e+001 5.204336592e-006 -3.000000000e+000 -3.000000000e+000 -1.578035955e-002 -1.149276351e+004 1.170401708e+005 -5.994529919e+005 -2.217871470e+005 9.890752684e+004 2.309368679e+003 -8.738348094e+005 -1.585552841e+006 
d 0.000000000e+000 0.000000000e+000 1.577496009e-002 2.250000000e+001 2.250000000e+001 5.217940070e-006 -3.000000000e+000 -3.000000000e+000 -1.578017803e-002 -1.147773233e+004 1.170078367e+005 -6.125290168e+005 -2.265770841e+005 9.890828015e+004 2.306001075e+003 -8.915667462e+005 -1.617746930e+006 
d 0.000000000e+000 0.000000000e+000 1.577476492e-002 2.300000000e+001 2.300000000e+001 5.231389027e-006 -3.000000000e+000 -3.000000000e+000 -1.577999631e-002 -1.146269506e+004 1.169759276e+005 -6.256073564e+005 -2.313677616e+005 9.890903343e+004 2.302668223e+003 -9.092981489e+005 -1.649940012e+006 
d 0.000000000e+000 0.000000000e+000 1.577456568e-002 2.350000000e+001 2.350000000e+001 5.244587982e-006 -3.000000000e+000 -3.000000000e+000 -1.577981027e-002 -1.144733904e+004 1.169447543e+005 -6.386876097e+005 -2.361590539e+005 9.890980254e+004 2.299388374e+003 -9.270291168e+005 -1.682132261e+006 
d 0.000000000e+000 0.000000000e+000 1.577436377e-002 2.400000000e+001 2.400000000e+001 5.257576452e-006 -3.000000000e+000 -3.000000000e+000 -1.577962135e-002 -1.143177355e+004 1.169141898e+005 -6.517698337e+005 -2.409509775e+005 9.891058192e+004 2.296153707e+003 -9.447596322e+005 -1.714323652e+006 
d 0.000000000e+000 0.000000000e+000 1.577415826e-002 2.450000000e+001 2.450000000e+001 5.270335214e-006 -3.000000000e+000 -3.000000000e+000 -1.577942860e-002 -1.141592552e+004 1.168842973e+005 -6.648538937e+005 -2.457434895e+005 9.891137525e+004 2.292967753e+003 -9.624897268e+005 -1.746514245e+006 
d 0.000000000e+000 0.000000000e+000 1.577395272e-002 2.500000000e+001 2.500000000e+001 5.282957978e-006 -3.000000000e+000 -3.000000000e+000 -1.577923568e-002 -1.140007319e+004 1.168547756e+005 -6.779400326e+005 -2.505366644e+005 9.891216841e+004 2.289812264e+003 -9.802193357e+005 -1.778703933e+006 
d 0.000000000e+000 0.000000000e+000 1.577374739e-002 2.550000000e+001 2.550000000e+001 5.295454629e-006 -3.000000000e+000 -3.000000000e+000 -1.577904284e-002 -1.138423422e+004 1.168255950e+005 -6.910282190e+005 -2.553304915e+005 9.891296049e+004 2.286685181e+003 -9.979484645e+005 -1.810892730e+006 
d 0.000000000e+000 0.000000000e+000 1.577354172e-002 2.600000000e+001 2.600000000e+001 5.307815931e-006 -3.000000000e+000 -3.000000000e+000 -1.577884954e-002 -1.136836742e+004 1.167967869e+005 -7.041183640e+005 -2.601249423e+005 9.891375358e+004 2.283588139e+003 -1.015677134e+006 -1.843080675e+006 
d 0.000000000e+000 0.000000000e+000 1.577333493e-002 2.650000000e+001 2.650000000e+001 5.320025668e-006 -3.000000000e+000 -3.000000000e+000 -1.577865496e-002 -1.135241051e+004 1.167684050e+005 -7.172103613e+005 -2.649199834e+005 9.891455084e+004 2.280524118e+003 -1.033405369e+006 -1.875267815e+006 
d 0.000000000e+000 0.000000000e+000 1.577313415e-002 2.700000000e+001 2.700000000e+001 5.332267010e-006 -3.000000000e+000 -3.000000000e+000 -1.577846642e-002 -1.133691845e+004 1.167398642e+005 -7.303047529e+005 -2.697157821e+005 9.891532419e+004 2.277457684e+003 -1.051133030e+006 -1.907453913e+006 
d 0.000000000e+000 0.000000000e+000 1.577293404e-002 2.750000000e+001 2.750000000e+001 5.344409856e-006 -3.000000000e+000 -3.000000000e+000 -1.577827845e-002 -1.132147678e+004 1.167115840e+005 -7.434010658e+005 -2.745121911e+005 9.891609461e+004 2.274413787e+003 -1.068860235e+006 -1.939639176e+006 
d 0.000000000e+000 0.000000000e+000 1.577262748e-002 2.800000000e+001 2.800000000e+001 5.353760640e-006 -3.000000000e+000 -3.000000000e+000 -1.577798124e-002 -1.129775785e+004 1.166921680e+005 -7.564906299e+005 -2.793065193e+005 9.891728247e+004 2.271911206e+003 -1.086589205e+006 -1.971827367e+006 
d 0.000000000e+000 0.000000000e+000 1.577232053e-002 2.850000000e+001 2.850000000e+001 5.362989771e-006 -3.000000000e+000 -3.000000000e+000 -1.577768352e-002 -1.127400595e+004 1.166730706e+005 -7.695820107e+005 -2.841014242e+005 9.891847100e+004 2.269435523e+003 -1.104317744e+006 -2.004014767e+006 
d 0.000000000e+000 0.000000000e+000 1.577201480e-002 2.900000000e+001 2.900000000e+001 5.372140303e-006 -3.000000000e+000 -3.000000000e+000 -1.577738694e-002 -1.125034408e+004 1.166541563e+005 -7.826752955e+005 -2.888969323e+005 9.891965400e+004 2.266978330e+003 -1.122045827e+006 -2.036201340e+006 
d 0.000000000e+000 0.000000000e+000 1.577170824e-002 2.950000000e+001 2.950000000e+001 5.381164219e-006 -3.000000000e+000 -3.000000000e+000 -1.577708940e-002 -1.122661463e+004 1.166355799e+005 -7.957702800e+005 -2.936929796e+005 9.892083943e+004 2.264548789e+003 -1.139773506e+006 -2.068387173e+006 
d 0.000000000e+000 0.000000000e+000 1.577140012e-002 3.000000000e+001 3.000000000e+001 5.390045667e-006 -3.000000000e+000 -3.000000000e+000 -1.577679017e-002 -1.120275990e+004 1.166173934e+005 -8.088668634e+005 -2.984895345e+005 9.892203018e+004 2.262149879e+003 -1.157500804e+006 -2.100572311e+006 
d 0.000000000e+000 0.000000000e+000 1.577109202e-002 3.050000000e+001 3.050000000e+001 5.398827254e-006 -3.000000000e+000 -3.000000000e+000 -1.577649085e-002 -1.117890307e+004 1.165994623e+005 -8.219651296e+005 -3.032866222e+005 9.892322003e+004 2.259773292e+003 -1.175227700e+006 -2.132756718e+006 
d 0.000000000e+000 0.000000000e+000 1.577078369e-002 3.100000000e+001 3.100000000e+001 5.407505296e-006 -3.000000000e+000 -3.000000000e+000 -1.577619120e-002 -1.115502486e+004 1.165817999e+005 -8.350650162e+005 -3.080842231e+005 9.892440997e+004 2.257419660e+003 -1.192954208e+006 -2.164940419e+006 
d 0.000000000e+000 0.000000000e+000 1.577045542e-002 3.150000000e+001 3.150000000e+001 5.415585108e-006 -3.000000000e+000 -3.000000000e+000 -1.577587101e-002 -1.112959164e+004 1.165659779e+005 -8.481649239e+005 -3.128818403e+005 9.892567692e+004 2.255184626e+003 -1.210680736e+006 -2.197124110e+006 
d 0.000000000e+000 0.000000000e+000 1.577012661e-002 3.200000000e+001 3.200000000e+001 5.423558071e-006 -3.000000000e+000 -3.000000000e+000 -1.577555017e-002 -1.110411222e+004 1.165504351e+005 -8.612663551e+005 -3.176799396e+005 9.892694505e+004 2.252973166e+003 -1.228406897e+006 -2.229307139e+006 
d 0.000000000e+000 0.000000000e+000 1.576979603e-002 3.250000000e+001 3.250000000e+001 5.431395587e-006 -3.000000000e+000 -3.000000000e+000 -1.577522742e-002 -1.107849122e+004 1.165352635e+005 -8.743691776e+005 -3.224784796e+005 9.892821913e+004 2.250790753e+003 -1.246132726e+006 -2.261489563e+006 
d 0.000000000e+000 0.000000000e+000 1.576946350e-002 3.300000000e+001 3.300000000e+001 5.439095420e-006 -3.000000000e+000 -3.000000000e+000 -1.577490260e-002 -1.105271475e+004 1.165204711e+005 -8.874733457e+005 -3.272774456e+005 9.892949985e+004 2.248637772e+003 -1.263858233e+006 -2.293671401e+006 
d 0.000000000e+000 0.000000000e+000 1.576913034e-002 3.350000000e+001 3.350000000e+001 5.446692960e-006 -3.000000000e+000 -3.000000000e+000 -1.577457703e-002 -1.102688511e+004 1.165059468e+005 -9.005789341e+005 -3.320768607e+005 9.893078207e+004 2.246507306e+003 -1.281583397e+006 -2.325852622e+006 
d 0.000000000e+000 0.000000000e+000 1.576879427e-002 3.400000000e+001 3.400000000e+001 5.454132813e-006 -3.000000000e+000 -3.000000000e+000 -1.577424840e-002 -1.100082467e+004 1.164918672e+005 -9.136857387e+005 -3.368766612e+005 9.893207465e+004 2.244410053e+003 -1.299308270e+006 -2.358033314e+006 
d 0.000000000e+000 0.000000000e+000 1.576845509e-002 3.450000000e+001 3.450000000e+001 5.461412270e-006 -3.000000000e+000 -3.000000000e+000 -1.577391650e-002 -1.097451842e+004 1.164782416e+005 -9.267937232e+005 -3.416768354e+005 9.893337832e+004 2.242346505e+003 -1.317032861e+006 -2.390213493e+006 
d 0.000000000e+000 0.000000000e+000 1.576814385e-002 3.500000000e+001 3.500000000e+001 5.469317207e-006 -3.000000000e+000 -3.000000000e+000 -1.577361317e-002 -1.095038441e+004 1.164625874e+005 -9.399052837e+005 -3.464781269e+005 9.893457254e+004 2.240163761e+003 -1.334756555e+006 -2.422392119e+006 
d 0.000000000e+000 0.000000000e+000 1.576783139e-002 3.550000000e+001 3.550000000e+001 5.477113312e-006 -3.000000000e+000 -3.000000000e+000 -1.577330850e-002 -1.092615085e+004 1.164472291e+005 -9.530181211e+005 -3.512798219e+005 9.893577073e+004 2.238004411e+003 -1.352479941e+006 -2.454570190e+006 
d 0.000000000e+000 0.000000000e+000 1.576751784e-002 3.600000000e+001 3.600000000e+001 5.484806318e-006 -3.000000000e+000 -3.000000000e+000 -1.577300264e-002 -1.090182943e+004 1.164321495e+005 -9.661322288e+005 -3.560819182e+005 9.893697227e+004 2.235867286e+003 -1.370203020e+006 -2.486747708e+006 
d 0.000000000e+000 0.000000000e+000 1.576720263e-002 3.650000000e+001 3.650000000e+001 5.492383650e-006 -3.000000000e+000 -3.000000000e+000 -1.577269501e-002 -1.087737563e+004 1.164173890e+005 -9.792475440e+005 -3.608843959e+005 9.893817939e+004 2.233754790e+003 -1.387925807e+006 -2.518924701e+006 
d 0.000000000e+000 0.000000000e+000 1.576699869e-002 3.700000000e+001 3.700000000e+001 5.502700625e-006 -3.000000000e+000 -3.000000000e+000 -1.577250139e-002 -1.086158657e+004 1.163939529e+005 -9.923727530e+005 -3.656899509e+005 9.893895513e+004 2.231110367e+003 -1.405646077e+006 -2.551097399e+006 
d 0.000000000e+000 0.000000000e+000 1.576680124e-002 3.750000000e+001 3.750000000e+001 5.513113979e-006 -3.000000000e+000 -3.000000000e+000 -1.577231435e-002 -1.084630101e+004 1.163701853e+005 -1.005499716e+006 -3.704960565e+005 9.893970547e+004 2.228448915e+003 -1.423365915e+006 -2.583269334e+006 
d 0.000000000e+000 0.000000000e+000 1.576660412e-002 3.800000000e+001 3.800000000e+001 5.523469781e-006 -3.000000000e+000 -3.000000000e+000 -1.577212759e-002 -1.083103941e+004 1.163465724e+005 -1.018627934e+006 -3.753025581e+005 9.894045425e+004 2.225800374e+003 -1.441085447e+006 -2.615440724e+006 
d 0.000000000e+000 0.000000000e+000 1.576640523e-002 3.850000000e+001 3.850000000e+001 5.533716375e-006 -3.000000000e+000 -3.000000000e+000 -1.577193894e-002 -1.081563837e+004 1.163232770e+005 -1.031757225e+006 -3.801093985e+005 9.894120958e+004 2.223174751e+003 -1.458804720e+006 -2.647611647e+006 
d 0.000000000e+000 0.000000000e+000 1.576620568e-002 3.900000000e+001 3.900000000e+001 5.543883336e-006 -3.000000000e+000 -3.000000000e+000 -1.577174956e-002 -1.080018483e+004 1.163002064e+005 -1.044887650e+006 -3.849165966e+005 9.894196713e+004 2.220566237e+003 -1.476523717e+006 -2.679782078e+006 
d 0.000000000e+000 0.000000000e+000 1.576600488e-002 3.950000000e+001 3.950000000e+001 5.553956634e-006 -3.000000000e+000 -3.000000000e+000 -1.577155884e-002 -1.078463174e+004 1.162774048e+005 -1.058019139e+006 -3.897241303e+005 9.894272922e+004 2.217977513e+003 -1.494242456e+006 -2.711952045e+006 
d 0.000000000e+000 0.000000000e+000 1.576573340e-002 4.000000000e+001 4.000000000e+001 5.562174858e-006 -3.000000000e+000 -3.000000000e+000 -1.577129558e-002 -1.076356910e+004 1.162603865e+005 -1.071146392e+006 -3.945303547e+005 9.894376368e+004 2.215751406e+003 -1.511962294e+006 -2.744123851e+006 
d 0.000000000e+000 0.000000000e+000 1.576546326e-002 4.050000000e+001 4.050000000e+001 5.570365474e-006 -3.000000000e+000 -3.000000000e+000 -1.577103362e-002 -1.074260743e+004 1.162434213e+005 -1.084274878e+006 -3.993369669e+005 9.894479241e+004 2.213532201e+003 -1.529681828e+006 -2.776295121e+006 
d 0.000000000e+000 0.000000000e+000 1.576519189e-002 4.100000000e+001 4.100000000e+001 5.578464868e-006 -3.000000000e+000 -3.000000000e+000 -1.577077035e-002 -1.072154773e+004 1.162267088e+005 -1.097404378e+006 -4.041438987e+005 9.894582524e+004 2.211332248e+003 -1.547401116e+006 -2.808465950e+006 
d 0.000000000e+000 0.000000000e+000 1.576492171e-002 4.150000000e+001 4.150000000e+001 5.586535787e-006 -3.000000000e+000 -3.000000000e+000 -1.577050825e-002 -1.070057887e+004 1.162100535e+005 -1.110535052e+006 -4.089511994e+005 9.894685285e+004 2.209139285e+003 -1.565120116e+006 -2.840636269e+006 
d 0.000000000e+000 0.000000000e+000 1.576465267e-002 4.200000000e+001 4.200000000e+001 5.594577674e-006 -3.000000000e+000 -3.000000000e+000 -1.577024725e-002 -1.067969547e+004 1.161934578e+005 -1.123666871e+006 -4.137588602e+005 9.894787551e+004 2.206953380e+003 -1.582838833e+006 -2.872806090e+006 
d 0.000000000e+000 0.000000000e+000 1.576438344e-002 4.250000000e+001 4.250000000e+001 5.602558430e-006 -3.000000000e+000 -3.000000000e+000 -1.576998600e-002 -1.065879546e+004 1.161770227e+005 -1.136799717e+006 -4.185668437e+005 9.894889825e+004 2.204780749e+003 -1.600557299e+006 -2.904975465e+006 
d 0.000000000e+000 0.000000000e+000 1.576411483e-002 4.300000000e+001 4.300000000e+001 5.610499509e-006 -3.000000000e+000 -3.000000000e+000 -1.576972533e-002 -1.063794104e+004 1.161606817e+005 -1.149933630e+006 -4.233751629e+005 9.894991803e+004 2.202617171e+003 -1.618275502e+006 -2.937144376e+006 
d 0.000000000e+000 0.000000000e+000 1.576384207e-002 4.350000000e+001 4.350000000e+001 5.618280886e-006 -3.000000000e+000 -3.000000000e+000 -1.576946035e-002 -1.061676083e+004 1.161448095e+005 -1.163068237e+006 -4.281837013e+005 9.895095313e+004 2.200486028e+003 -1.635993539e+006 -2.969312985e+006 
d 0.000000000e+000 0.000000000e+000 1.576357545e-002 4.400000000e+001 4.400000000e+001 5.626165357e-006 -3.000000000e+000 -3.000000000e+000 -1.576920161e-002 -1.059605660e+004 1.161285878e+005 -1.176204294e+006 -4.329926939e+005 9.895196406e+004 2.198336002e+003 -1.653711214e+006 -3.001480964e+006 
d 0.000000000e+000 0.000000000e+000 1.576330651e-002 4.450000000e+001 4.450000000e+001 5.633939185e-006 -3.000000000e+000 -3.000000000e+000 -1.576894045e-002 -1.057516981e+004 1.161126832e+005 -1.189341155e+006 -4.378019399e+005 9.895298326e+004 2.196208762e+003 -1.671428693e+006 -3.033648594e+006 
d 0.000000000e+000 0.000000000e+000 1.576303832e-002 4.500000000e+001 4.500000000e+001 5.641681157e-006 -3.000000000e+000 -3.000000000e+000 -1.576868000e-002 -1.055433831e+004 1.160968508e+005 -1.202479038e+006 -4.426115068e+005 9.895399902e+004 2.194088893e+003 -1.689145920e+006 -3.065815779e+006 
d 0.000000000e+000 0.000000000e+000 1.576276919e-002 4.550000000e+001 4.550000000e+001 5.649349748e-006 -3.000000000e+000 -3.000000000e+000 -1.576841854e-002 -1.053343142e+004 1.160812204e+005 -1.215617807e+006 -4.474213525e+005 9.895501777e+004 2.191984465e+003 -1.706862930e+006 -3.097982580e+006 
d 0.000000000e+000 0.000000000e+000 1.576250524e-002 4.600000000e+001 4.600000000e+001 5.657102109e-006 -3.000000000e+000 -3.000000000e+000 -1.576816234e-002 -1.051292668e+004 1.160653045e+005 -1.228757909e+006 -4.522316156e+005 9.895601606e+004 2.189864730e+003 -1.724579608e+006 -3.130148801e+006 
d 0.000000000e+000 0.000000000e+000 1.576222628e-002 4.650000000e+001 4.650000000e+001 5.664424251e-006 -3.000000000e+000 -3.000000000e+000 -1.576789070e-002 -1.049124777e+004 1.160506989e+005 -1.241897835e+006 -4.570418275e+005 9.895707123e+004 2.187830120e+003 -1.742296340e+006 -3.162315098e+006 
d 0.000000000e+000 0.000000000e+000 1.576194364e-002 4.700000000e+001 4.700000000e+001 5.671606358e-006 -3.000000000e+000 -3.000000000e+000 -1.576761525e-002 -1.046927976e+004 1.160365022e+005 -1.255038422e+006 -4.618522482e+005 9.895813979e+004 2.185823922e+003 -1.760012912e+006 -3.194481108e+006 
d 0.000000000e+000 0.000000000e+000 1.576166135e-002 4.750000000e+001 4.750000000e+001 5.678751977e-006 -3.000000000e+000 -3.000000000e+000 -1.576734010e-002 -1.044733631e+004 1.160223937e+005 -1.268179961e+006 -4.666629678e+005 9.895920635e+004 2.183825860e+003 -1.777729250e+006 -3.226646704e+006 
d 0.000000000e+000 0.000000000e+000 1.576137592e-002 4.800000000e+001 4.800000000e+001 5.685773152e-006 -3.000000000e+000 -3.000000000e+000 -1.576706169e-002 -1.042514532e+004 1.160086462e+005 -1.281322185e+006 -4.714739032e+005 9.896028423e+004 2.181853117e+003 -1.795445420e+006 -3.258812003e+006 
d 0.000000000e+000 0.000000000e+000 1.576108915e-002 4.850000000e+001 4.850000000e+001 5.692716807e-006 -3.000000000e+000 -3.000000000e+000 -1.576678187e-002 -1.040284744e+004 1.159951145e+005 -1.294465217e+006 -4.762850930e+005 9.896136652e+004 2.179896491e+003 -1.813161392e+006 -3.290976950e+006 
d 0.000000000e+000 0.000000000e+000 1.576080078e-002 4.900000000e+001 4.900000000e+001 5.699576834e-006 -3.000000000e+000 -3.000000000e+000 -1.576650035e-002 -1.038042126e+004 1.159818179e+005 -1.307609026e+006 -4.810965274e+005 9.896245427e+004 2.177957158e+003 -1.830877174e+006 -3.323141559e+006 
d 0.000000000e+000 0.000000000e+000 1.576051299e-002 4.950000000e+001 4.950000000e+001 5.706410392e-006 -3.000000000e+000 -3.000000000e+000 -1.576621940e-002 -1.035803897e+004 1.159685798e+005 -1.320753764e+006 -4.859082529e+005 9.896353904e+004 2.176023896e+003 -1.848592726e+006 -3.355305764e+006 
d 0.000000000e+000 0.000000000e+000 1.576023104e-002 5.000000000e+001 5.000000000e+001 5.713352067e-006 -3.000000000e+000 -3.000000000e+000 -1.576594439e-002 -1.033610953e+004 1.159549851e+005 -1.333899799e+006 -4.907203843e+005 9.896460091e+004 2.174070281e+003 -1.866307953e+006 -3.387469406e+006 
