v ATLAS
# This file was created by ATLAS version 5.28.1.R on Fri Jun 19 17:48:12 2026.
#SSF 2.0 generic
##############################################################################
#                    Copyright (c) 1984 - 2019                               #
#                    Silvaco Inc. All rights reserved                        #
#                                                                            #
# This file format and the following Key are copyright Silvaco Inc.          #
# You may not use, this format or key without reproducing this message in    #
# full and obtaining express written permission from Silvaco Inc.            #
#                                                                            #
# To obtain such permission please contact: Silvaco Inc.                     #
#                                           support@silvaco.com              #
#                                                                            #
# KEY=SVC86hn7562asdx                       PROD=345                         #
##############################################################################
y 3 700 711 15
z 3 0 300
f 3 "source" "drain" "gate" 
o 1 Ey_gate_source
o 2 Ey_gate_drain
o 3 Ey_field_plate
o 4 Ey_gate_drain_mid
o 5 Ex_gate_source
o 6 Ex_gate_drain
o 7 Ex_field_plate
o 8 Ex_gate_drain_mid
p 17 2 601 20 3 602 21 4 603 22 3000 3001 3002 3003 3004 3005 3006 3007 
d 0.000000000e+000 0.000000000e+000 6.807344924e-003 1.000000000e+001 1.000000000e+001 2.761512747e-006 -1.500000000e+000 -1.500000000e+000 -6.810106437e-003 4.257334707e+004 1.271303065e+005 -2.355085924e+005 -8.908372652e+004 4.896974167e+004 2.975834455e+003 -3.978773699e+005 -7.210401324e+005 
d 0.000000000e+000 0.000000000e+000 8.993108250e-003 1.000000000e+001 1.000000000e+001 3.060334461e-006 -1.875000000e+000 -1.875000000e+000 -8.996168585e-003 2.892796910e+004 1.254490795e+005 -2.475608179e+005 -9.337523933e+004 6.147326314e+004 2.868074592e+003 -4.106069182e+005 -7.442107580e+005 
d 0.000000000e+000 0.000000000e+000 1.121435637e-002 1.000000000e+001 1.000000000e+001 3.443047474e-006 -2.250000000e+000 -2.250000000e+000 -1.121779942e-002 1.553664389e+004 1.235325403e+005 -2.599463379e+005 -9.777017098e+004 7.397315282e+004 2.744950479e+003 -4.232510502e+005 -7.672367153e+005 
d 0.000000000e+000 0.000000000e+000 1.576120181e-002 1.000000000e+001 1.000000000e+001 4.390371344e-006 -3.000000000e+000 -3.000000000e+000 -1.576559218e-002 -1.040275042e+004 1.194826934e+005 -2.846905451e+005 -1.065495492e+005 9.896218653e+004 2.494329486e+003 -4.485406889e+005 -8.133006034e+005 
d 0.000000000e+000 0.000000000e+000 2.038262698e-002 1.000000000e+001 1.000000000e+001 4.407184607e-006 -3.750000000e+000 -3.750000000e+000 -2.038703416e-002 -3.156186769e+004 1.191977281e+005 -3.041888808e+005 -1.136964848e+005 1.241506796e+005 2.486747270e+003 -4.751626769e+005 -8.616421610e+005 
d 0.000000000e+000 0.000000000e+000 2.511554608e-002 1.000000000e+001 1.000000000e+001 4.423954215e-006 -4.500000000e+000 -4.500000000e+000 -2.511997004e-002 -5.211931837e+004 1.189437077e+005 -3.236967751e+005 -1.208466796e+005 1.493699058e+005 2.479648856e+003 -5.017830065e+005 -9.099795416e+005 
d 0.000000000e+000 0.000000000e+000 3.491794183e-002 1.000000000e+001 1.000000000e+001 4.457116808e-006 -6.000000000e+000 -6.000000000e+000 -3.492239895e-002 -9.218679261e+004 1.184953646e+005 -3.627418850e+005 -1.351568833e+005 1.998839472e+005 2.466470881e+003 -5.550180871e+005 -1.006641509e+006 
d 0.000000000e+000 0.000000000e+000 7.860109216e-002 1.000000000e+001 1.000000000e+001 4.571185157e-006 -1.200000000e+001 -1.200000000e+001 -7.860566334e-002 -2.478346284e+005 1.171197447e+005 -5.192192985e+005 -1.924958578e+005 4.025131290e+005 2.424206728e+003 -7.678985208e+005 -1.393159898e+006 
d 0.000000000e+000 0.000000000e+000 7.698383525e-002 1.000000000e+001 1.000000000e+001 4.216864121e-006 -1.180000000e+001 -1.180000000e+001 -7.698805211e-002 -2.417918957e+005 1.184178861e+005 -5.124221547e+005 -1.900932298e+005 3.957924058e+005 2.509065309e+003 -7.612060085e+005 -1.380962402e+006 
d 0.000000000e+000 0.000000000e+000 7.537673745e-002 1.000000000e+001 1.000000000e+001 3.904442474e-006 -1.160000000e+001 -1.160000000e+001 -7.538064189e-002 -2.357550546e+005 1.196320497e+005 -5.056489212e+005 -1.876977797e+005 3.890716677e+005 2.590934126e+003 -7.545067654e+005 -1.368754568e+006 
d 0.000000000e+000 0.000000000e+000 7.377941529e-002 1.000000000e+001 1.000000000e+001 3.622753751e-006 -1.140000000e+001 -1.140000000e+001 -7.378303805e-002 -2.297176238e+005 1.207903114e+005 -4.988887626e+005 -1.853061756e+005 3.823512857e+005 2.670933723e+003 -7.478036437e+005 -1.356541095e+006 
d 0.000000000e+000 0.000000000e+000 7.219262096e-002 1.000000000e+001 1.000000000e+001 3.370689028e-006 -1.120000000e+001 -1.120000000e+001 -7.219599165e-002 -2.236954346e+005 1.218849999e+005 -4.921701761e+005 -1.829273138e+005 3.756305724e+005 2.748031769e+003 -7.410894742e+005 -1.344309603e+006 
d 0.000000000e+000 0.000000000e+000 7.061541039e-002 1.000000000e+001 1.000000000e+001 3.138559233e-006 -1.100000000e+001 -1.100000000e+001 -7.061854895e-002 -2.176701784e+005 1.229472108e+005 -4.854616943e+005 -1.805514348e+005 3.689104303e+005 2.824168254e+003 -7.343723326e+005 -1.332073751e+006 
d 0.000000000e+000 0.000000000e+000 6.904628291e-002 1.000000000e+001 1.000000000e+001 2.915848527e-006 -1.080000000e+001 -1.080000000e+001 -6.904919876e-002 -2.116095775e+005 1.240197168e+005 -4.787079221e+005 -1.781613132e+005 3.621924059e+005 2.902411994e+003 -7.276663237e+005 -1.319857589e+006 
d 0.000000000e+000 0.000000000e+000 6.748748421e-002 1.000000000e+001 1.000000000e+001 2.712737604e-006 -1.060000000e+001 -1.060000000e+001 -6.749019695e-002 -2.055608496e+005 1.250503420e+005 -4.719916326e+005 -1.757827304e+005 3.554743376e+005 2.978784574e+003 -7.209504786e+005 -1.307625173e+006 
d 0.000000000e+000 0.000000000e+000 6.593851924e-002 1.000000000e+001 1.000000000e+001 2.524644478e-006 -1.040000000e+001 -1.040000000e+001 -6.594104388e-002 -1.995141000e+005 1.260544974e+005 -4.652957253e+005 -1.734103837e+005 3.487567214e+005 3.054343622e+003 -7.142291880e+005 -1.295383925e+006 
d 0.000000000e+000 0.000000000e+000 6.439947015e-002 1.000000000e+001 1.000000000e+001 2.350447246e-006 -1.020000000e+001 -1.020000000e+001 -6.440182059e-002 -1.934718178e+005 1.270323357e+005 -4.586244891e+005 -1.710456259e+005 3.420394671e+005 3.129025560e+003 -7.075014080e+005 -1.283131979e+006 
d 0.000000000e+000 0.000000000e+000 6.287029688e-002 1.000000000e+001 1.000000000e+001 2.188699817e-006 -1.000000000e+001 -1.000000000e+001 -6.287248558e-002 -1.874338392e+005 1.279864981e+005 -4.519775424e+005 -1.686883529e+005 3.353225977e+005 3.202975508e+003 -7.007672723e+005 -1.270869498e+006 
d 0.000000000e+000 0.000000000e+000 6.135136817e-002 1.000000000e+001 1.000000000e+001 2.039973652e-006 -9.800000000e+000 -9.800000000e+000 -6.135340814e-002 -1.814100045e+005 1.289083086e+005 -4.453714002e+005 -1.663437233e+005 3.286056573e+005 3.275424121e+003 -6.940226335e+005 -1.258589308e+006 
d 0.000000000e+000 0.000000000e+000 5.984200361e-002 1.000000000e+001 1.000000000e+001 1.900356170e-006 -9.600000000e+000 -9.600000000e+000 -5.984390396e-002 -1.753847587e+005 1.298165626e+005 -4.387790954e+005 -1.640033445e+005 3.218893646e+005 3.347858087e+003 -6.872743401e+005 -1.246303120e+006 
d 0.000000000e+000 0.000000000e+000 5.820901102e-002 1.000000000e+001 1.000000000e+001 1.269338661e-006 -9.400000000e+000 -9.400000000e+000 -5.821028036e-002 -1.658851591e+005 1.344315641e+005 -4.263113203e+005 -1.598312960e+005 3.153352429e+005 3.750853016e+003 -6.820104044e+005 -1.236568656e+006 
d 0.000000000e+000 0.000000000e+000 5.658906944e-002 1.000000000e+001 1.000000000e+001 7.812549714e-007 -9.200000000e+000 -9.200000000e+000 -5.658985069e-002 -1.562463751e+005 1.391593110e+005 -4.136340527e+005 -1.555934646e+005 3.087851778e+005 4.215091252e+003 -6.767982524e+005 -1.226925272e+006 
d 0.000000000e+000 0.000000000e+000 5.499399897e-002 1.000000000e+001 1.000000000e+001 4.472942845e-007 -9.000000000e+000 -9.000000000e+000 -5.499444626e-002 -1.468188614e+005 1.436676936e+005 -4.013258799e+005 -1.514707638e+005 3.022206849e+005 4.729374616e+003 -6.714931067e+005 -1.217121611e+006 
d 0.000000000e+000 0.000000000e+000 5.342486171e-002 1.000000000e+001 1.000000000e+001 2.370343154e-007 -8.800000000e+000 -8.800000000e+000 -5.342509875e-002 -1.376790480e+005 1.479116993e+005 -3.895028344e+005 -1.474996151e+005 2.956372994e+005 5.308616553e+003 -6.660662923e+005 -1.207107245e+006 
d 0.000000000e+000 0.000000000e+000 5.187886336e-002 1.000000000e+001 1.000000000e+001 1.157266057e-007 -8.600000000e+000 -8.600000000e+000 -5.187897909e-002 -1.287772713e+005 1.520048392e+005 -3.780782291e+005 -1.436529867e+005 2.890381155e+005 5.985413117e+003 -6.605396717e+005 -1.196919816e+006 
d 0.000000000e+000 0.000000000e+000 5.035310169e-002 1.000000000e+001 1.000000000e+001 5.286418829e-008 -8.400000000e+000 -8.400000000e+000 -5.035315456e-002 -1.200378270e+005 1.561177781e+005 -3.669648213e+005 -1.399036232e+005 2.824287423e+005 6.791940455e+003 -6.549350899e+005 -1.186597205e+006 
d 0.000000000e+000 0.000000000e+000 4.884589188e-002 1.000000000e+001 1.000000000e+001 2.323559579e-008 -8.200000000e+000 -8.200000000e+000 -4.884591511e-002 -1.114062994e+005 1.603810342e+005 -3.560945305e+005 -1.362302039e+005 2.758145356e+005 7.736707358e+003 -6.492694619e+005 -1.176168978e+006 
d 0.000000000e+000 0.000000000e+000 4.735919617e-002 1.000000000e+001 1.000000000e+001 1.024613903e-008 -8.000000000e+000 -8.000000000e+000 -4.735920642e-002 -1.029432858e+005 1.646978693e+005 -3.455910433e+005 -1.326711415e+005 2.691960367e+005 8.768666103e+003 -6.435111594e+005 -1.165581437e+006 
d 0.000000000e+000 0.000000000e+000 4.588912240e-002 1.000000000e+001 1.000000000e+001 4.466338713e-009 -7.800000000e+000 -7.800000000e+000 -4.588912686e-002 -9.451902201e+004 1.691771985e+005 -3.353046154e+005 -1.291798302e+005 2.625812287e+005 9.889121838e+003 -6.376982207e+005 -1.154899611e+006 
d 0.000000000e+000 0.000000000e+000 4.443551430e-002 1.000000000e+001 1.000000000e+001 1.947700429e-009 -7.600000000e+000 -7.600000000e+000 -4.443551624e-002 -8.612262672e+004 1.737953332e+005 -3.251915685e+005 -1.257425252e+005 2.559728209e+005 1.106947988e+004 -6.318413740e+005 -1.144142495e+006 
d 0.000000000e+000 0.000000000e+000 4.299973243e-002 1.000000000e+001 1.000000000e+001 8.793139971e-010 -7.400000000e+000 -7.400000000e+000 -4.299973331e-002 -7.780724752e+004 1.784284788e+005 -3.153836226e+005 -1.224003121e+005 2.493699938e+005 1.224895864e+004 -6.259073804e+005 -1.133252873e+006 
d 0.000000000e+000 0.000000000e+000 4.157810148e-002 1.000000000e+001 1.000000000e+001 4.005713437e-010 -7.200000000e+000 -7.200000000e+000 -4.157810188e-002 -6.943149968e+004 1.832683824e+005 -3.056776876e+005 -1.190898980e+005 2.427808311e+005 1.344872898e+004 -6.199476094e+005 -1.122318949e+006 
d 0.000000000e+000 0.000000000e+000 4.016390773e-002 1.000000000e+001 1.000000000e+001 1.704391333e-010 -7.000000000e+000 -7.000000000e+000 -4.016390790e-002 -6.068198487e+004 1.888371096e+005 -2.955847442e+005 -1.156588691e+005 2.362240465e+005 1.476897552e+004 -6.140857361e+005 -1.111553112e+006 
d 0.000000000e+000 0.000000000e+000 3.876395413e-002 1.000000000e+001 1.000000000e+001 7.360979868e-011 -6.800000000e+000 -6.800000000e+000 -3.876395421e-002 -5.181838635e+004 1.946547609e+005 -2.856113719e+005 -1.122651669e+005 2.296889631e+005 1.607096902e+004 -6.081937722e+005 -1.100735334e+006 
d 0.000000000e+000 0.000000000e+000 3.740149797e-002 1.000000000e+001 1.000000000e+001 4.404361124e-011 -6.600000000e+000 -6.600000000e+000 -3.740149801e-002 -4.405155843e+004 1.984653492e+005 -2.776031027e+005 -1.094839667e+005 2.231023508e+005 1.687769391e+004 -6.018048904e+005 -1.089064064e+006 
d 0.000000000e+000 0.000000000e+000 3.609025479e-002 1.000000000e+001 1.000000000e+001 4.284949569e-011 -6.400000000e+000 -6.400000000e+000 -3.609025483e-002 -3.837055560e+004 1.986760201e+005 -2.722184133e+005 -1.075197865e+005 2.163935894e+005 1.691460342e+004 -5.947508028e+005 -1.076253445e+006 
d 0.000000000e+000 0.000000000e+000 3.478791017e-002 1.000000000e+001 1.000000000e+001 4.183128914e-011 -6.200000000e+000 -6.200000000e+000 -3.478791021e-002 -3.268734922e+004 1.988578524e+005 -2.668493915e+005 -1.055604785e+005 2.096863296e+005 1.694551032e+004 -5.876927255e+005 -1.063436022e+006 
d 0.000000000e+000 0.000000000e+000 3.349437577e-002 1.000000000e+001 1.000000000e+001 4.094772200e-011 -6.000000000e+000 -6.000000000e+000 -3.349437581e-002 -2.699758443e+004 1.990166334e+005 -2.614924948e+005 -1.036049406e+005 2.029807794e+005 1.697162268e+004 -5.806315593e+005 -1.050613335e+006 
d 0.000000000e+000 0.000000000e+000 3.220941564e-002 1.000000000e+001 1.000000000e+001 4.009972177e-011 -5.800000000e+000 -5.800000000e+000 -3.220941568e-002 -2.128690452e+004 1.991718691e+005 -2.561376378e+005 -1.016500368e+005 1.962777930e+005 1.699690721e+004 -5.735698736e+005 -1.037789762e+006 
d 0.000000000e+000 0.000000000e+000 3.093299702e-002 1.000000000e+001 1.000000000e+001 3.927171688e-011 -5.600000000e+000 -5.600000000e+000 -3.093299706e-002 -1.555165455e+004 1.993266656e+005 -2.507832411e+005 -9.969527616e+004 1.895775550e+005 1.702198982e+004 -5.665080707e+005 -1.024965990e+006 
d 0.000000000e+000 0.000000000e+000 2.966511326e-002 1.000000000e+001 1.000000000e+001 3.846014168e-011 -5.400000000e+000 -5.400000000e+000 -2.966511329e-002 -9.789600695e+003 1.994817218e+005 -2.454289597e+005 -9.774055144e+004 1.828801443e+005 1.704700644e+004 -5.594462384e+005 -1.012142167e+006 
d 0.000000000e+000 0.000000000e+000 2.840575905e-002 1.000000000e+001 1.000000000e+001 3.766369218e-011 -5.200000000e+000 -5.200000000e+000 -2.840575909e-002 -3.998583763e+003 1.996372823e+005 -2.400746822e+005 -9.578582792e+004 1.761856134e+005 1.707200014e+004 -5.523844053e+005 -9.993183426e+005 
d 0.000000000e+000 0.000000000e+000 2.715492587e-002 1.000000000e+001 1.000000000e+001 3.688176409e-011 -5.000000000e+000 -5.000000000e+000 -2.715492590e-002 1.823737655e+003 1.997934515e+005 -2.347203699e+005 -9.383109365e+004 1.694939992e+005 1.709698471e+004 -5.453225810e+005 -9.864945334e+005 
d 0.000000000e+000 0.000000000e+000 2.591259996e-002 1.000000000e+001 1.000000000e+001 3.611398183e-011 -4.800000000e+000 -4.800000000e+000 -2.591260000e-002 7.680011423e+003 1.999502897e+005 -2.293660085e+005 -9.187634409e+004 1.628053236e+005 1.712196422e+004 -5.382607694e+005 -9.736707455e+005 
d 0.000000000e+000 0.000000000e+000 2.467876099e-002 1.000000000e+001 1.000000000e+001 3.536004535e-011 -4.600000000e+000 -4.600000000e+000 -2.467876102e-002 1.357328960e+004 2.001078455e+005 -2.240115909e+005 -8.992157712e+004 1.561195908e+005 1.714693944e+004 -5.311989722e+005 -9.608469819e+005 
d 0.000000000e+000 0.000000000e+000 2.345338059e-002 1.000000000e+001 1.000000000e+001 3.461968232e-011 -4.400000000e+000 -4.400000000e+000 -2.345338062e-002 1.950713353e+004 2.002661660e+005 -2.186571127e+005 -8.796679136e+004 1.494367812e+005 1.717190989e+004 -5.241371904e+005 -9.480232447e+005 
d 0.000000000e+000 0.000000000e+000 2.223642083e-002 1.000000000e+001 1.000000000e+001 3.389263354e-011 -4.200000000e+000 -4.200000000e+000 -2.223642087e-002 2.548574177e+004 2.004253002e+005 -2.133025704e+005 -8.601198567e+004 1.427568423e+005 1.719687439e+004 -5.170754251e+005 -9.351995353e+005 
d 0.000000000e+000 0.000000000e+000 2.102783248e-002 1.000000000e+001 1.000000000e+001 3.317864917e-011 -4.000000000e+000 -4.000000000e+000 -2.102783251e-002 3.151410747e+004 2.005852999e+005 -2.079479605e+005 -8.405715902e+004 1.360796774e+005 1.722183119e+004 -5.100136772e+005 -9.223758552e+005 
d 0.000000000e+000 0.000000000e+000 1.982755315e-002 1.000000000e+001 1.000000000e+001 3.247748796e-011 -3.800000000e+000 -3.800000000e+000 -1.982755318e-002 3.759820486e+004 2.007462202e+005 -2.025932800e+005 -8.210231046e+004 1.294051304e+005 1.724677787e+004 -5.029519473e+005 -9.095522058e+005 
d 0.000000000e+000 0.000000000e+000 1.863550567e-002 1.000000000e+001 1.000000000e+001 3.178891694e-011 -3.600000000e+000 -3.600000000e+000 -1.863550570e-002 4.374519485e+004 2.009081197e+005 -1.972385261e+005 -8.014743912e+004 1.227329689e+005 1.727171129e+004 -4.958902362e+005 -8.967285883e+005 
d 0.000000000e+000 0.000000000e+000 1.745159668e-002 1.000000000e+001 1.000000000e+001 3.111271018e-011 -3.400000000e+000 -3.400000000e+000 -1.745159672e-002 4.996362804e+004 2.010710618e+005 -1.918836961e+005 -7.819254416e+004 1.160628650e+005 1.729662752e+004 -4.888285446e+005 -8.839050038e+005 
d 0.000000000e+000 0.000000000e+000 1.627571554e-002 1.000000000e+001 1.000000000e+001 3.044864627e-011 -3.200000000e+000 -3.200000000e+000 -1.627571557e-002 5.626360999e+004 2.012351170e+005 -1.865287873e+005 -7.623762475e+004 1.093943766e+005 1.732152188e+004 -4.817668732e+005 -8.710814535e+005 
d 0.000000000e+000 0.000000000e+000 1.510773338e-002 1.000000000e+001 1.000000000e+001 2.979650437e-011 -3.000000000e+000 -3.000000000e+000 -1.510773341e-002 6.265688063e+004 2.014003673e+005 -1.811737965e+005 -7.428267989e+004 1.027269293e+005 1.734638898e+004 -4.747052228e+005 -8.582579387e+005 
d 0.000000000e+000 0.000000000e+000 1.394750185e-002 1.000000000e+001 1.000000000e+001 2.915605956e-011 -2.800000000e+000 -2.800000000e+000 -1.394750188e-002 6.915674600e+004 2.015669108e+005 -1.758187196e+005 -7.232770829e+004 9.605980058e+004 1.737122288e+004 -4.676435944e+005 -8.454344614e+005 
d 0.000000000e+000 0.000000000e+000 1.279485105e-002 1.000000000e+001 1.000000000e+001 2.852707902e-011 -2.600000000e+000 -2.600000000e+000 -1.279485108e-002 7.577778326e+004 2.017348684e+005 -1.704635508e+005 -7.037270819e+004 8.939210633e+004 1.739601703e+004 -4.605819896e+005 -8.326110240e+005 
d 0.000000000e+000 0.000000000e+000 1.164958624e-002 1.000000000e+001 1.000000000e+001 2.790932074e-011 -2.400000000e+000 -2.400000000e+000 -1.164958627e-002 8.253522030e+004 2.019043894e+005 -1.651082827e+005 -6.841767726e+004 8.272279248e+004 1.742076401e+004 -4.535204103e+005 -8.197876296e+005 
d 0.000000000e+000 0.000000000e+000 1.051148330e-002 1.000000000e+001 1.000000000e+001 2.730253657e-011 -2.200000000e+000 -2.200000000e+000 -1.051148333e-002 8.944388189e+004 2.020756568e+005 -1.597529060e+005 -6.646261262e+004 7.605063490e+004 1.744545477e+004 -4.464588588e+005 -8.069642825e+005 
d 0.000000000e+000 0.000000000e+000 9.380283767e-003 1.000000000e+001 1.000000000e+001 2.670648034e-011 -2.000000000e+000 -2.000000000e+000 -9.380283793e-003 9.651663336e+004 2.022488906e+005 -1.543974106e+005 -6.450751115e+004 6.937425694e+004 1.747007732e+004 -4.393973376e+005 -7.941409868e+005 
d 0.000000000e+000 0.000000000e+000 8.255690904e-003 1.000000000e+001 1.000000000e+001 2.612091933e-011 -1.800000000e+000 -1.800000000e+000 -8.255690930e-003 1.037623884e+005 2.024243505e+005 -1.490417866e+005 -6.255236978e+004 6.269217733e+004 1.749461472e+004 -4.323358494e+005 -7.813177469e+005 
d 0.000000000e+000 0.000000000e+000 7.137369683e-003 1.000000000e+001 1.000000000e+001 2.554564577e-011 -1.600000000e+000 -1.600000000e+000 -7.137369707e-003 1.111840000e+005 2.026023421e+005 -1.436860259e+005 -6.059718599e+004 5.600290096e+004 1.751904257e+004 -4.252743963e+005 -7.684945664e+005 
d 0.000000000e+000 0.000000000e+000 6.024953596e-003 1.000000000e+001 1.000000000e+001 2.498048386e-011 -1.400000000e+000 -1.400000000e+000 -6.024953620e-003 1.187766537e+005 2.027832313e+005 -1.383301232e+005 -5.864195811e+004 4.930505491e+004 1.754332599e+004 -4.182129795e+005 -7.556714476e+005 
d 0.000000000e+000 0.000000000e+000 4.918060266e-003 1.000000000e+001 1.000000000e+001 2.442528997e-011 -1.200000000e+000 -1.200000000e+000 -4.918060291e-003 1.265275512e+005 2.029674761e+005 -1.329740760e+005 -5.668668540e+004 4.259755016e+004 1.756741571e+004 -4.111515998e+005 -7.428483914e+005 
d 0.000000000e+000 0.000000000e+000 3.816314301e-003 1.000000000e+001 1.000000000e+001 2.387994541e-011 -1.000000000e+000 -1.000000000e+000 -3.816314326e-003 1.344175221e+005 2.031556870e+005 -1.276178841e+005 -5.473136778e+004 3.587972563e+004 1.759124227e+004 -4.040902571e+005 -7.300253981e+005 
d 0.000000000e+000 0.000000000e+000 2.719371858e-003 1.000000000e+001 1.000000000e+001 2.334434272e-011 -8.000000000e-001 -8.000000000e-001 -2.719371883e-003 1.424248041e+005 2.033487423e+005 -1.222615475e+005 -5.277600526e+004 2.915142440e+004 1.761470559e+004 -3.970289515e+005 -7.172024676e+005 
d 0.000000000e+000 0.000000000e+000 1.626957907e-003 1.000000000e+001 1.000000000e+001 2.281836435e-011 -6.000000000e-001 -6.000000000e-001 -1.626957932e-003 1.505314260e+005 2.035480289e+005 -1.169050624e+005 -5.082059666e+004 2.241297353e+004 1.763765290e+004 -3.899676840e+005 -7.043796015e+005 
d 0.000000000e+000 0.000000000e+000 5.522975890e-004 1.000000000e+001 1.000000000e+001 2.230183195e-011 -4.000000000e-001 -4.000000000e-001 -5.522976113e-004 1.587395772e+005 2.037561347e+005 -1.115484108e+005 -4.886513643e+004 1.566502884e+004 1.765981421e+004 -3.829064592e+005 -6.915568077e+005 
d 0.000000000e+000 0.000000000e+000 1.658989369e-005 1.000000000e+001 1.000000000e+001 2.178878313e-011 -2.000000000e-001 -2.000000000e-001 -1.658991548e-005 1.691051209e+005 2.040338555e+005 -1.061905050e+005 -4.690928709e+004 8.888305232e+003 1.767571056e+004 -3.758455561e+005 -6.787345583e+005 
d 0.000000000e+000 0.000000000e+000 -4.573839619e-012 1.000000000e+001 1.000000000e+001 2.489275359e-011 1.446557558e-014 1.446557558e-014 -2.031887362e-011 2.259050872e+005 2.190102414e+005 -1.007439589e+005 -4.492595728e+004 3.698352706e+003 1.640798380e+004 -3.688074327e+005 -6.659507809e+005 
d 0.000000000e+000 0.000000000e+000 -2.023315101e-007 1.000000000e+001 1.000000000e+001 6.698117908e-009 2.000000000e-001 2.000000000e-001 1.956333921e-007 3.115769596e+005 2.736580103e+005 -9.513388317e+004 -4.289208976e+004 1.134161924e+003 1.258426090e+004 -3.618117665e+005 -6.532379649e+005 
d 0.000000000e+000 0.000000000e+000 -8.073987498e-007 1.000000000e+001 1.000000000e+001 4.185788495e-007 4.000000000e-001 4.000000000e-001 3.888199003e-007 4.001597386e+005 3.376552065e+005 -8.915026156e+004 -4.075045917e+004 -9.911123215e+002 1.286583264e+004 -3.549340634e+005 -6.406866717e+005 
d 0.000000000e+000 0.000000000e+000 -2.469610282e-006 1.000000000e+001 1.000000000e+001 1.836285316e-006 6.000000000e-001 6.000000000e-001 6.333249656e-007 4.896276235e+005 4.023234781e+005 -8.269122780e+004 -3.847893510e+004 -3.004948165e+003 1.480608828e+004 -3.482261685e+005 -6.283403563e+005 
d 0.000000000e+000 0.000000000e+000 -5.186441482e-006 1.000000000e+001 1.000000000e+001 4.258770015e-006 8.000000000e-001 8.000000000e-001 9.276714668e-007 5.793645386e+005 4.669813919e+005 -7.596251671e+004 -3.613909903e+004 -4.958783318e+003 1.703068376e+004 -3.416287987e+005 -6.161097635e+005 
d 0.000000000e+000 0.000000000e+000 -8.928622997e-006 1.000000000e+001 1.000000000e+001 7.658179861e-006 1.000000000e+000 1.000000000e+000 1.270443137e-006 6.688239843e+005 5.314952572e+005 -6.902923138e+004 -3.374974643e+004 -6.869247883e+003 1.933938006e+004 -3.351209840e+005 -6.039666066e+005 
d 0.000000000e+000 0.000000000e+000 -1.367394548e-005 1.000000000e+001 1.000000000e+001 1.201511046e-005 1.200000000e+000 1.200000000e+000 1.658835013e-006 7.573760438e+005 5.955990986e+005 -6.191964368e+004 -3.131887321e+004 -8.741339256e+003 2.165895728e+004 -3.286928927e+005 -5.918985328e+005 
d 0.000000000e+000 0.000000000e+000 -1.939936164e-005 1.000000000e+001 1.000000000e+001 1.731165444e-005 1.400000000e+000 1.400000000e+000 2.087707191e-006 8.441124426e+005 6.588760772e+005 -5.464985443e+004 -2.885093330e+004 -1.057214057e+004 2.393733685e+004 -3.223384487e+005 -5.798984528e+005 
d 0.000000000e+000 0.000000000e+000 -2.607638097e-005 1.000000000e+001 1.000000000e+001 2.352773346e-005 1.600000000e+000 1.600000000e+000 2.548647509e-006 9.278359242e+005 7.207156957e+005 -4.723086055e+004 -2.634887532e+004 -1.234949568e+004 2.611863719e+004 -3.160531088e+005 -5.679614898e+005 
d 0.000000000e+000 0.000000000e+000 -3.367479351e-005 1.000000000e+001 1.000000000e+001 3.064181567e-005 1.800000000e+000 1.800000000e+000 3.032977837e-006 1.008066972e+006 7.805353125e+005 -3.967057084e+004 -2.381473161e+004 -1.405564590e+004 2.815311244e+004 -3.098332619e+005 -5.560841140e+005 
d 0.000000000e+000 0.000000000e+000 -4.217995750e-005 1.000000000e+001 1.000000000e+001 3.863967869e-005 2.000000000e+000 2.000000000e+000 3.540278806e-006 1.086094953e+006 8.384931138e+005 -3.197279665e+004 -2.124939504e+004 -1.569890395e+004 3.004963722e+004 -3.036767345e+005 -5.442645759e+005 
