v ATLAS
# This file was created by ATLAS version 5.28.1.R on Fri Jun 19 17:52:01 2026.
#SSF 2.0 generic
##############################################################################
#                    Copyright (c) 1984 - 2019                               #
#                    Silvaco Inc. All rights reserved                        #
#                                                                            #
# This file format and the following Key are copyright Silvaco Inc.          #
# You may not use, this format or key without reproducing this message in    #
# full and obtaining express written permission from Silvaco Inc.            #
#                                                                            #
# To obtain such permission please contact: Silvaco Inc.                     #
#                                           support@silvaco.com              #
#                                                                            #
# KEY=SVC86hn7562asdx                       PROD=345                         #
##############################################################################
y 3 700 711 15
z 3 0 300
f 3 "source" "drain" "gate" 
o 1 Ey_gate_source
o 2 Ey_gate_drain
o 3 Ey_field_plate
o 4 Ey_gate_drain_mid
o 5 Ex_gate_source
o 6 Ex_gate_drain
o 7 Ex_field_plate
o 8 Ex_gate_drain_mid
p 17 2 601 20 3 602 21 4 603 22 3000 3001 3002 3003 3004 3005 3006 3007 
d 0.000000000e+000 0.000000000e+000 -1.731969921e-006 5.000000000e-001 5.000000000e-001 1.944978474e-006 0.000000000e+000 0.000000000e+000 -2.130085527e-007 2.129046276e+005 1.723630638e+005 7.287580623e+004 2.307327276e+004 2.648678060e+003 4.267091711e+003 -1.239552896e+004 -2.189891204e+004 
d 0.000000000e+000 0.000000000e+000 -1.820768898e-006 1.000000000e+000 1.000000000e+000 2.053035452e-006 0.000000000e+000 0.000000000e+000 -2.322665545e-007 2.128536488e+005 1.713669964e+005 5.412976214e+004 1.613298629e+004 2.640764182e+003 4.213377721e+003 -2.949873728e+004 -5.150261760e+004 
d 0.000000000e+000 0.000000000e+000 -1.870819136e-006 1.500000000e+000 1.500000000e+000 2.114564070e-006 0.000000000e+000 0.000000000e+000 -2.437449333e-007 2.128252727e+005 1.707994242e+005 4.006072183e+004 1.105108483e+004 2.636323410e+003 4.182789136e+003 -4.693257637e+004 -8.326631857e+004 
d 0.000000000e+000 0.000000000e+000 -1.910258821e-006 2.000000000e+000 2.000000000e+000 2.163383693e-006 0.000000000e+000 0.000000000e+000 -2.531248713e-007 2.128030597e+005 1.703489649e+005 2.636384858e+004 6.073407113e+003 2.632831853e+003 4.158512347e+003 -6.448731495e+004 -1.151892480e+005 
d 0.000000000e+000 0.000000000e+000 -1.943655770e-006 2.500000000e+000 2.500000000e+000 2.204956410e-006 0.000000000e+000 0.000000000e+000 -2.613006402e-007 2.127842468e+005 1.699654509e+005 1.282883059e+004 1.139844464e+003 2.629874367e+003 4.137827429e+003 -8.209820141e+004 -1.471813556e+005 
d 0.000000000e+000 0.000000000e+000 -1.972892912e-006 3.000000000e+000 3.000000000e+000 2.241538715e-006 0.000000000e+000 0.000000000e+000 -2.686458029e-007 2.127678606e+005 1.696279459e+005 -6.081894790e+002 -3.765782071e+003 2.627289603e+003 4.119621612e+003 -9.974078015e+004 -1.792158069e+005 
d 0.000000000e+000 0.000000000e+000 -1.999082264e-006 3.500000000e+000 3.500000000e+000 2.274461444e-006 0.000000000e+000 0.000000000e+000 -2.753791805e-007 2.127532530e+005 1.693241866e+005 -1.397053142e+004 -8.648216507e+003 2.624977934e+003 4.103233558e+003 -1.174033988e+005 -2.112830673e+005 
d 0.000000000e+000 0.000000000e+000 -2.023216245e-006 4.000000000e+000 4.000000000e+000 2.304910463e-006 0.000000000e+000 0.000000000e+000 -2.816942182e-007 2.127395886e+005 1.690436246e+005 -2.727113942e+004 -1.350978203e+004 2.622835497e+003 4.088060712e+003 -1.350788429e+005 -2.433779115e+005 
d 0.000000000e+000 0.000000000e+000 -2.045467731e-006 4.500000000e+000 4.500000000e+000 2.333097052e-006 0.000000000e+000 0.000000000e+000 -2.876293206e-007 2.127270244e+005 1.687839525e+005 -4.051369195e+004 -1.835088544e+004 2.620861887e+003 4.074012771e+003 -1.527643937e+005 -2.754988807e+005 
d 0.000000000e+000 0.000000000e+000 -2.066203073e-006 5.000000000e+000 5.000000000e+000 2.359461617e-006 0.000000000e+000 0.000000000e+000 -2.932585441e-007 2.127153348e+005 1.685411277e+005 -5.371195337e+004 -2.317620065e+004 2.619023573e+003 4.060870133e+003 -1.704572689e+005 -3.076398301e+005 
d 0.000000000e+000 0.000000000e+000 -2.085696830e-006 5.500000000e+000 5.500000000e+000 2.384335436e-006 0.000000000e+000 0.000000000e+000 -2.986386061e-007 2.127043554e+005 1.683121041e+005 -6.688197929e+004 -2.799167536e+004 2.617295690e+003 4.048467888e+003 -1.881553541e+005 -3.397934711e+005 
d 0.000000000e+000 0.000000000e+000 -2.104101961e-006 6.000000000e+000 6.000000000e+000 2.407903655e-006 0.000000000e+000 0.000000000e+000 -3.038016947e-007 2.126940374e+005 1.680951094e+005 -8.003544651e+004 -3.280173876e+004 2.615666861e+003 4.036715680e+003 -2.058573334e+005 -3.719544719e+005 
d 0.000000000e+000 0.000000000e+000 -2.121634270e-006 6.500000000e+000 6.500000000e+000 2.430426175e-006 0.000000000e+000 0.000000000e+000 -3.087919049e-007 2.126842017e+005 1.678878341e+005 -9.318051068e+004 -3.760935795e+004 2.614114675e+003 4.025482001e+003 -2.235620106e+005 -4.041191445e+005 
d 0.000000000e+000 0.000000000e+000 -2.138381025e-006 7.000000000e+000 7.000000000e+000 2.452008346e-006 0.000000000e+000 0.000000000e+000 -3.136273214e-007 2.126748217e+005 1.676892673e+005 -1.063206096e+005 -4.241576786e+004 2.612632711e+003 4.014715521e+003 -2.412688280e+005 -4.362859317e+005 
d 0.000000000e+000 0.000000000e+000 -2.154421838e-006 7.500000000e+000 7.500000000e+000 2.472745988e-006 0.000000000e+000 0.000000000e+000 -3.183241504e-007 2.126658617e+005 1.674985065e+005 -1.194576030e+005 -4.722158244e+004 2.611214446e+003 4.004368977e+003 -2.589773590e+005 -4.684540041e+005 
d 0.000000000e+000 0.000000000e+000 -2.169821216e-006 8.000000000e+000 8.000000000e+000 2.492716612e-006 0.000000000e+000 0.000000000e+000 -3.228953970e-007 2.126572930e+005 1.673148194e+005 -1.325925118e+005 -5.202710020e+004 2.609854611e+003 3.994404065e+003 -2.766872807e+005 -5.006229157e+005 
d 0.000000000e+000 0.000000000e+000 -2.184666611e-006 8.500000000e+000 8.500000000e+000 2.512025548e-006 0.000000000e+000 0.000000000e+000 -3.273589362e-007 2.126490451e+005 1.671372687e+005 -1.457263976e+005 -5.683261444e+004 2.608544238e+003 3.984767710e+003 -2.943982283e+005 -5.327922106e+005 
d 0.000000000e+000 0.000000000e+000 -2.199045775e-006 9.000000000e+000 9.000000000e+000 2.530778789e-006 0.000000000e+000 0.000000000e+000 -3.317330147e-007 2.126410391e+005 1.669649284e+005 -1.588602138e+005 -6.163838169e+004 2.607273901e+003 3.975406441e+003 -3.121098622e+005 -5.649614827e+005 
d 0.000000000e+000 0.000000000e+000 -2.212971470e-006 9.500000000e+000 9.500000000e+000 2.548991559e-006 0.000000000e+000 0.000000000e+000 -3.360200891e-007 2.126332942e+005 1.667976103e+005 -1.719939007e+005 -6.644434522e+004 2.606043972e+003 3.966313572e+003 -3.298221076e+005 -5.971307664e+005 
d 0.000000000e+000 0.000000000e+000 -2.226479094e-006 1.000000000e+001 1.000000000e+001 2.566706460e-006 0.000000000e+000 0.000000000e+000 -3.402273653e-007 2.126257928e+005 1.666349155e+005 -1.851276825e+005 -7.125054252e+004 2.604851450e+003 3.957468016e+003 -3.475348329e+005 -6.292999719e+005 
d 0.000000000e+000 0.000000000e+000 -2.239604915e-006 1.050000000e+001 1.050000000e+001 2.583967205e-006 0.000000000e+000 0.000000000e+000 -3.443622902e-007 2.126185119e+005 1.664764444e+005 -1.982617910e+005 -7.605701901e+004 2.603692985e+003 3.948848002e+003 -3.652479182e+005 -6.614690053e+005 
d 0.000000000e+000 0.000000000e+000 -2.252353703e-006 1.100000000e+001 1.100000000e+001 2.600779141e-006 0.000000000e+000 0.000000000e+000 -3.484254375e-007 2.126114684e+005 1.663221083e+005 -2.113960647e+005 -8.086370215e+004 2.602569259e+003 3.940451305e+003 -3.829613543e+005 -6.936379424e+005 
d 0.000000000e+000 0.000000000e+000 -2.264788165e-006 1.150000000e+001 1.150000000e+001 2.617218348e-006 0.000000000e+000 0.000000000e+000 -3.524301833e-007 2.126045969e+005 1.661712623e+005 -2.245310801e+005 -8.567075404e+004 2.601473019e+003 3.932239445e+003 -4.006749554e+005 -7.258065374e+005 
d 0.000000000e+000 0.000000000e+000 -2.276886046e-006 1.200000000e+001 1.200000000e+001 2.633257194e-006 0.000000000e+000 0.000000000e+000 -3.563711474e-007 2.125979461e+005 1.660240887e+005 -2.376663624e+005 -9.047801147e+004 2.600408271e+003 3.924226863e+003 -4.183888070e+005 -7.579750002e+005 
d 0.000000000e+000 0.000000000e+000 -2.288694105e-006 1.250000000e+001 1.250000000e+001 2.648952424e-006 0.000000000e+000 0.000000000e+000 -3.602583191e-007 2.125914681e+005 1.658801049e+005 -2.508023152e+005 -9.528558800e+004 2.599369665e+003 3.916384895e+003 -4.361027783e+005 -7.901431583e+005 
d 0.000000000e+000 0.000000000e+000 -2.300241134e-006 1.300000000e+001 1.300000000e+001 2.664338969e-006 0.000000000e+000 0.000000000e+000 -3.640978350e-007 2.125851381e+005 1.657390048e+005 -2.639391304e+005 -1.000935327e+005 2.598354173e+003 3.908696048e+003 -4.538167952e+005 -8.223109308e+005 
d 0.000000000e+000 0.000000000e+000 -2.311532725e-006 1.350000000e+001 1.350000000e+001 2.679423352e-006 0.000000000e+000 0.000000000e+000 -3.678906272e-007 2.125789617e+005 1.656007100e+005 -2.770767293e+005 -1.049018116e+005 2.597361787e+003 3.901157217e+003 -4.715308542e+005 -8.544783533e+005 
d 0.000000000e+000 0.000000000e+000 -2.322563968e-006 1.400000000e+001 1.400000000e+001 2.694199139e-006 0.000000000e+000 0.000000000e+000 -3.716351710e-007 2.125729574e+005 1.654652455e+005 -2.902149215e+005 -1.097103569e+005 2.596393818e+003 3.893771761e+003 -4.892449817e+005 -8.866455099e+005 
d 0.000000000e+000 0.000000000e+000 -2.333364205e-006 1.450000000e+001 1.450000000e+001 2.708702045e-006 0.000000000e+000 0.000000000e+000 -3.753378400e-007 2.125670960e+005 1.653323070e+005 -3.033539439e+005 -1.145192347e+005 2.595446955e+003 3.886521716e+003 -5.069590982e+005 -9.188122988e+005 
d 0.000000000e+000 0.000000000e+000 -2.343950053e-006 1.500000000e+001 1.500000000e+001 2.722952215e-006 0.000000000e+000 0.000000000e+000 -3.790021626e-007 2.125613645e+005 1.652017148e+005 -3.164938825e+005 -1.193284653e+005 2.594519532e+003 3.879397010e+003 -5.246731638e+005 -9.509786832e+005 
d 0.000000000e+000 0.000000000e+000 -2.354315113e-006 1.550000000e+001 1.550000000e+001 2.736941396e-006 0.000000000e+000 0.000000000e+000 -3.826262833e-007 2.125557805e+005 1.650735141e+005 -3.296345515e+005 -1.241379843e+005 2.593612885e+003 3.872401822e+003 -5.423872089e+005 -9.831447446e+005 
d 0.000000000e+000 0.000000000e+000 -2.364466769e-006 1.600000000e+001 1.600000000e+001 2.750678307e-006 0.000000000e+000 0.000000000e+000 -3.862115386e-007 2.125503418e+005 1.649476179e+005 -3.427759343e+005 -1.289477810e+005 2.592726472e+003 3.865531754e+003 -5.601012227e+005 -1.015310491e+006 
d 0.000000000e+000 0.000000000e+000 -2.374406568e-006 1.650000000e+001 1.650000000e+001 2.764164440e-006 0.000000000e+000 0.000000000e+000 -3.897578720e-007 2.125450536e+005 1.648239973e+005 -3.559179466e+005 -1.337578243e+005 2.591860482e+003 3.858786001e+003 -5.778152133e+005 -1.047475959e+006 
d 0.000000000e+000 0.000000000e+000 -2.384202108e-006 1.700000000e+001 1.700000000e+001 2.777483240e-006 0.000000000e+000 0.000000000e+000 -3.932811323e-007 2.125398311e+005 1.647019854e+005 -3.690612810e+005 -1.385683257e+005 2.591006346e+003 3.852122876e+003 -5.955289940e+005 -1.079640848e+006 
d 0.000000000e+000 0.000000000e+000 -2.393882491e-006 1.750000000e+001 1.750000000e+001 2.790670704e-006 0.000000000e+000 0.000000000e+000 -3.967882129e-007 2.125346416e+005 1.645812887e+005 -3.822061695e+005 -1.433793535e+005 2.590160576e+003 3.845524566e+003 -6.132424959e+005 -1.111805059e+006 
d 0.000000000e+000 0.000000000e+000 -2.403399156e-006 1.800000000e+001 1.800000000e+001 2.803666336e-006 0.000000000e+000 0.000000000e+000 -4.002671803e-007 2.125295560e+005 1.644623669e+005 -3.953519408e+005 -1.481906952e+005 2.589329897e+003 3.839021273e+003 -6.309558793e+005 -1.143968883e+006 
d 0.000000000e+000 0.000000000e+000 -2.412827265e-006 1.850000000e+001 1.850000000e+001 2.816563462e-006 0.000000000e+000 0.000000000e+000 -4.037361973e-007 2.125244785e+005 1.643444825e+005 -4.084993715e+005 -1.530025897e+005 2.588504704e+003 3.832566692e+003 -6.486689403e+005 -1.176131982e+006 
d 0.000000000e+000 0.000000000e+000 -2.422121075e-006 1.900000000e+001 1.900000000e+001 2.829305029e-006 0.000000000e+000 0.000000000e+000 -4.071839543e-007 2.125194757e+005 1.642280692e+005 -4.216478388e+005 -1.578148403e+005 2.587691298e+003 3.826189238e+003 -6.663818293e+005 -1.208294629e+006 
d 0.000000000e+000 0.000000000e+000 -2.431316868e-006 1.950000000e+001 1.950000000e+001 2.841936134e-006 0.000000000e+000 0.000000000e+000 -4.106192658e-007 2.125145034e+005 1.641127670e+005 -4.347976780e+005 -1.626275493e+005 2.586885166e+003 3.819866633e+003 -6.840944556e+005 -1.240456678e+006 
d 0.000000000e+000 0.000000000e+000 -2.440412485e-006 2.000000000e+001 2.000000000e+001 2.854454009e-006 0.000000000e+000 0.000000000e+000 -4.140415238e-007 2.125095689e+005 1.639985888e+005 -4.479487869e+005 -1.674406828e+005 2.586086839e+003 3.813600336e+003 -7.018068398e+005 -1.272618173e+006 
d 0.000000000e+000 0.000000000e+000 -2.449382765e-006 2.050000000e+001 2.050000000e+001 2.866827065e-006 0.000000000e+000 0.000000000e+000 -4.174442999e-007 2.125047100e+005 1.638857700e+005 -4.611008113e+005 -1.722541287e+005 2.585299843e+003 3.807405963e+003 -7.195190668e+005 -1.304779268e+006 
d 0.000000000e+000 0.000000000e+000 -2.458233280e-006 2.100000000e+001 2.100000000e+001 2.879062074e-006 0.000000000e+000 0.000000000e+000 -4.208287936e-007 2.124999229e+005 1.637742492e+005 -4.742537565e+005 -1.770678869e+005 2.584523653e+003 3.801280146e+003 -7.372311309e+005 -1.336939962e+006 
d 0.000000000e+000 0.000000000e+000 -2.466969398e-006 2.150000000e+001 2.150000000e+001 2.891165574e-006 0.000000000e+000 0.000000000e+000 -4.241961760e-007 2.124952041e+005 1.636639673e+005 -4.874076307e+005 -1.818819587e+005 2.583757760e+003 3.795219640e+003 -7.549430263e+005 -1.369100250e+006 
d 0.000000000e+000 0.000000000e+000 -2.475602605e-006 2.200000000e+001 2.200000000e+001 2.903151813e-006 0.000000000e+000 0.000000000e+000 -4.275492078e-007 2.124905414e+005 1.635548065e+005 -5.005625142e+005 -1.866963676e+005 2.583000846e+003 3.789217424e+003 -7.726547288e+005 -1.401260098e+006 
d 0.000000000e+000 0.000000000e+000 -2.484150173e-006 2.250000000e+001 2.250000000e+001 2.915042373e-006 0.000000000e+000 0.000000000e+000 -4.308921994e-007 2.124859152e+005 1.634465931e+005 -5.137185527e+005 -1.915111580e+005 2.582250828e+003 3.783262924e+003 -7.903661982e+005 -1.433419443e+006 
d 0.000000000e+000 0.000000000e+000 -2.492576752e-006 2.300000000e+001 2.300000000e+001 2.926792650e-006 0.000000000e+000 0.000000000e+000 -4.342158978e-007 2.124813754e+005 1.633396631e+005 -5.268753056e+005 -1.963261911e+005 2.581512484e+003 3.777377937e+003 -8.080775425e+005 -1.465578476e+006 
d 0.000000000e+000 0.000000000e+000 -2.500898588e-006 2.350000000e+001 2.350000000e+001 2.938422876e-006 0.000000000e+000 0.000000000e+000 -4.375242882e-007 2.124769030e+005 1.632338537e+005 -5.400329106e+005 -2.011415089e+005 2.580783837e+003 3.771552501e+003 -8.257887237e+005 -1.497737138e+006 
d 0.000000000e+000 0.000000000e+000 -2.509158487e-006 2.400000000e+001 2.400000000e+001 2.949986893e-006 0.000000000e+000 0.000000000e+000 -4.408284054e-007 2.124724438e+005 1.631287458e+005 -5.531917949e+005 -2.059572433e+005 2.580059453e+003 3.765760349e+003 -8.434996305e+005 -1.529895242e+006 
d 0.000000000e+000 0.000000000e+000 -2.517275806e-006 2.450000000e+001 2.450000000e+001 2.961382759e-006 0.000000000e+000 0.000000000e+000 -4.441069524e-007 2.124681072e+005 1.630251142e+005 -5.663510217e+005 -2.107731015e+005 2.579349958e+003 3.760051072e+003 -8.612104972e+005 -1.562053197e+006 
d 0.000000000e+000 0.000000000e+000 -2.525292806e-006 2.500000000e+001 2.500000000e+001 2.972663557e-006 0.000000000e+000 0.000000000e+000 -4.473707502e-007 2.124638392e+005 1.629225459e+005 -5.795110122e+005 -2.155892135e+005 2.578649965e+003 3.754398728e+003 -8.789212142e+005 -1.594210818e+006 
d 0.000000000e+000 0.000000000e+000 -2.533256837e-006 2.550000000e+001 2.550000000e+001 2.983889046e-006 0.000000000e+000 0.000000000e+000 -4.506322084e-007 2.124595792e+005 1.628205790e+005 -5.926722351e+005 -2.204057245e+005 2.577953433e+003 3.748774295e+003 -8.966316603e+005 -1.626367903e+006 
d 0.000000000e+000 0.000000000e+000 -2.541151893e-006 2.600000000e+001 2.600000000e+001 2.995038904e-006 0.000000000e+000 0.000000000e+000 -4.538870109e-007 2.124553504e+005 1.627193646e+005 -6.058344641e+005 -2.252225631e+005 2.577262554e+003 3.743187655e+003 -9.143418901e+005 -1.658524550e+006 
d 0.000000000e+000 0.000000000e+000 -2.548964254e-006 2.650000000e+001 2.650000000e+001 3.006095611e-006 0.000000000e+000 0.000000000e+000 -4.571313574e-007 2.124511727e+005 1.626190317e+005 -6.189975014e+005 -2.300396667e+005 2.576579208e+003 3.737647273e+003 -9.320519513e+005 -1.690680845e+006 
d 0.000000000e+000 0.000000000e+000 -2.556654780e-006 2.700000000e+001 2.700000000e+001 3.017009253e-006 0.000000000e+000 0.000000000e+000 -4.603544738e-007 2.124470996e+005 1.625199552e+005 -6.321608793e+005 -2.348568890e+005 2.575908557e+003 3.732177174e+003 -9.497619604e+005 -1.722836991e+006 
d 0.000000000e+000 0.000000000e+000 -2.564275650e-006 2.750000000e+001 2.750000000e+001 3.027845882e-006 0.000000000e+000 0.000000000e+000 -4.635702319e-007 2.124430637e+005 1.624216277e+005 -6.453251194e+005 -2.396743917e+005 2.575243922e+003 3.726745397e+003 -9.674717833e+005 -1.754992761e+006 
d 0.000000000e+000 0.000000000e+000 -2.571868822e-006 2.800000000e+001 2.800000000e+001 3.038658818e-006 0.000000000e+000 0.000000000e+000 -4.667899966e-007 2.124390112e+005 1.623236406e+005 -6.584906291e+005 -2.444923011e+005 2.574579965e+003 3.721326283e+003 -9.851813148e+005 -1.787147979e+006 
d 0.000000000e+000 0.000000000e+000 -2.579476473e-006 2.850000000e+001 2.850000000e+001 3.049501903e-006 0.000000000e+000 0.000000000e+000 -4.700254296e-007 2.124348883e+005 1.622255835e+005 -6.716578154e+005 -2.493107433e+005 2.573911331e+003 3.715894073e+003 -1.002890450e+006 -1.819302468e+006 
d 0.000000000e+000 0.000000000e+000 -2.587009729e-006 2.900000000e+001 2.900000000e+001 3.060261908e-006 0.000000000e+000 0.000000000e+000 -4.732521790e-007 2.124308136e+005 1.621283122e+005 -6.848256904e+005 -2.541294100e+005 2.573249597e+003 3.710503241e+003 -1.020599439e+006 -1.851456657e+006 
d 0.000000000e+000 0.000000000e+000 -2.594472897e-006 2.950000000e+001 2.950000000e+001 3.070944193e-006 0.000000000e+000 0.000000000e+000 -4.764712955e-007 2.124267829e+005 1.620317824e+005 -6.979942700e+005 -2.589483059e+005 2.572594282e+003 3.705151167e+003 -1.038308275e+006 -1.883610539e+006 
d 0.000000000e+000 0.000000000e+000 -2.601804354e-006 3.000000000e+001 3.000000000e+001 3.081469786e-006 0.000000000e+000 0.000000000e+000 -4.796654322e-007 2.124228785e+005 1.619365863e+005 -7.111628767e+005 -2.637672195e+005 2.571953402e+003 3.699875548e+003 -1.056017129e+006 -1.915764408e+006 
d 0.000000000e+000 0.000000000e+000 -2.609090246e-006 3.050000000e+001 3.050000000e+001 3.091948639e-006 0.000000000e+000 0.000000000e+000 -4.828583937e-007 2.124189884e+005 1.618418889e+005 -7.243323997e+005 -2.685864273e+005 2.571315910e+003 3.694623691e+003 -1.073725775e+006 -1.947917879e+006 
d 0.000000000e+000 0.000000000e+000 -2.616324871e-006 3.100000000e+001 3.100000000e+001 3.102373417e-006 0.000000000e+000 0.000000000e+000 -4.860485462e-007 2.124151214e+005 1.617477424e+005 -7.375027558e+005 -2.734059032e+005 2.570682616e+003 3.689399101e+003 -1.091434233e+006 -1.980070987e+006 
d 0.000000000e+000 0.000000000e+000 -2.623500220e-006 3.150000000e+001 3.150000000e+001 3.112733788e-006 0.000000000e+000 0.000000000e+000 -4.892335679e-007 2.124112893e+005 1.616542216e+005 -7.506738405e+005 -2.782256142e+005 2.570054618e+003 3.684206680e+003 -1.109142529e+006 -2.012223777e+006 
d 0.000000000e+000 0.000000000e+000 -2.630615363e-006 3.200000000e+001 3.200000000e+001 3.123028471e-006 0.000000000e+000 0.000000000e+000 -4.924131078e-007 2.124074944e+005 1.615613327e+005 -7.638456260e+005 -2.830455516e+005 2.569432099e+003 3.679046999e+003 -1.126850669e+006 -2.044376263e+006 
d 0.000000000e+000 0.000000000e+000 -2.637672362e-006 3.250000000e+001 3.250000000e+001 3.133260026e-006 0.000000000e+000 0.000000000e+000 -4.955876642e-007 2.124037354e+005 1.614690531e+005 -7.770181166e+005 -2.878657162e+005 2.568814856e+003 3.673918800e+003 -1.144558651e+006 -2.076528442e+006 
d 0.000000000e+000 0.000000000e+000 -2.644679482e-006 3.300000000e+001 3.300000000e+001 3.143439010e-006 0.000000000e+000 0.000000000e+000 -4.987595277e-007 2.124000023e+005 1.613773007e+005 -7.901913806e+005 -2.926861293e+005 2.568201885e+003 3.668817037e+003 -1.162266457e+006 -2.108680284e+006 
d 0.000000000e+000 0.000000000e+000 -2.651625821e-006 3.350000000e+001 3.350000000e+001 3.153551307e-006 0.000000000e+000 0.000000000e+000 -5.019254868e-007 2.123963105e+005 1.612861783e+005 -8.033652876e+005 -2.975067498e+005 2.567594642e+003 3.663748365e+003 -1.179974120e+006 -2.140831847e+006 
d 0.000000000e+000 0.000000000e+000 -2.658529491e-006 3.400000000e+001 3.400000000e+001 3.163620186e-006 0.000000000e+000 0.000000000e+000 -5.050906950e-007 2.123926374e+005 1.611955088e+005 -8.165400061e+005 -3.023276301e+005 2.566990855e+003 3.658701735e+003 -1.197681596e+006 -2.172983056e+006 
d 0.000000000e+000 0.000000000e+000 -2.665380322e-006 3.450000000e+001 3.450000000e+001 3.173632463e-006 0.000000000e+000 0.000000000e+000 -5.082521414e-007 2.123889972e+005 1.611053883e+005 -8.297154114e+005 -3.071487311e+005 2.566391880e+003 3.653683359e+003 -1.215388916e+006 -2.205133966e+006 
d 0.000000000e+000 0.000000000e+000 -2.672178549e-006 3.500000000e+001 3.500000000e+001 3.183588355e-006 0.000000000e+000 0.000000000e+000 -5.114098060e-007 2.123853903e+005 1.610158128e+005 -8.428914854e+005 -3.119700467e+005 2.565797732e+003 3.648693096e+003 -1.233096084e+006 -2.237284585e+006 
d 0.000000000e+000 0.000000000e+000 -2.678922103e-006 3.550000000e+001 3.550000000e+001 3.193485086e-006 0.000000000e+000 0.000000000e+000 -5.145629827e-007 2.123818204e+005 1.609268004e+005 -8.560681850e+005 -3.167915635e+005 2.565208719e+003 3.643732217e+003 -1.250803110e+006 -2.269434932e+006 
d 0.000000000e+000 0.000000000e+000 -2.685630944e-006 3.600000000e+001 3.600000000e+001 3.203348413e-006 0.000000000e+000 0.000000000e+000 -5.177174693e-007 2.123782621e+005 1.608381568e+005 -8.692456905e+005 -3.216133373e+005 2.564622328e+003 3.638788570e+003 -1.268509948e+006 -2.301584928e+006 
d 0.000000000e+000 0.000000000e+000 -2.692281597e-006 3.650000000e+001 3.650000000e+001 3.213147848e-006 0.000000000e+000 0.000000000e+000 -5.208662506e-007 2.123747469e+005 1.607501073e+005 -8.824237389e+005 -3.264352859e+005 2.564041600e+003 3.633876472e+003 -1.286216664e+006 -2.333734688e+006 
d 0.000000000e+000 0.000000000e+000 -2.698882882e-006 3.700000000e+001 3.700000000e+001 3.222894706e-006 0.000000000e+000 0.000000000e+000 -5.240118244e-007 2.123712639e+005 1.606625652e+005 -8.956023958e+005 -3.312574295e+005 2.563465443e+003 3.628990561e+003 -1.303923240e+006 -2.365884184e+006 
d 0.000000000e+000 0.000000000e+000 -2.705435187e-006 3.750000000e+001 3.750000000e+001 3.232589391e-006 0.000000000e+000 0.000000000e+000 -5.271542038e-007 2.123678131e+005 1.605755257e+005 -9.087816408e+005 -3.360797616e+005 2.562893840e+003 3.624130617e+003 -1.321629682e+006 -2.398033423e+006 
d 0.000000000e+000 0.000000000e+000 -2.711941541e-006 3.800000000e+001 3.800000000e+001 3.242235737e-006 0.000000000e+000 0.000000000e+000 -5.302941954e-007 2.123643914e+005 1.604889583e+005 -9.219614805e+005 -3.409022838e+005 2.562326439e+003 3.619294813e+003 -1.339335986e+006 -2.430182403e+006 
d 0.000000000e+000 0.000000000e+000 -2.718414585e-006 3.850000000e+001 3.850000000e+001 3.251850117e-006 0.000000000e+000 0.000000000e+000 -5.334355322e-007 2.123609829e+005 1.604027398e+005 -9.351420183e+005 -3.457250282e+005 2.561761657e+003 3.614475476e+003 -1.357042125e+006 -2.462331080e+006 
d 0.000000000e+000 0.000000000e+000 -2.724847441e-006 3.900000000e+001 3.900000000e+001 3.261423517e-006 0.000000000e+000 0.000000000e+000 -5.365760762e-007 2.123575970e+005 1.603169357e+005 -9.483231620e+005 -3.505479659e+005 2.561200405e+003 3.609676810e+003 -1.374748124e+006 -2.494479493e+006 
d 0.000000000e+000 0.000000000e+000 -2.731227449e-006 3.950000000e+001 3.950000000e+001 3.270939334e-006 0.000000000e+000 0.000000000e+000 -5.397118846e-007 2.123542508e+005 1.602316670e+005 -9.615047642e+005 -3.553710507e+005 2.560644325e+003 3.604906527e+003 -1.392454017e+006 -2.526627706e+006 
d 0.000000000e+000 0.000000000e+000 -2.737565576e-006 4.000000000e+001 4.000000000e+001 3.280411774e-006 0.000000000e+000 0.000000000e+000 -5.428461979e-007 2.123509307e+005 1.601468267e+005 -9.746869148e+005 -3.601943106e+005 2.560092047e+003 3.600157969e+003 -1.410159783e+006 -2.558775681e+006 
d 0.000000000e+000 0.000000000e+000 -2.743858313e-006 4.050000000e+001 4.050000000e+001 3.289836167e-006 0.000000000e+000 0.000000000e+000 -5.459778537e-007 2.123476416e+005 1.600624477e+005 -9.878695613e+005 -3.650177289e+005 2.559544046e+003 3.595433281e+003 -1.427865434e+006 -2.590923440e+006 
d 0.000000000e+000 0.000000000e+000 -2.750113446e-006 4.100000000e+001 4.100000000e+001 3.299222615e-006 0.000000000e+000 0.000000000e+000 -5.491091687e-007 2.123443741e+005 1.599784538e+005 -1.001052764e+006 -3.698413245e+005 2.558999359e+003 3.590727739e+003 -1.445570954e+006 -2.623070957e+006 
d 0.000000000e+000 0.000000000e+000 -2.756339753e-006 4.150000000e+001 4.150000000e+001 3.308582566e-006 0.000000000e+000 0.000000000e+000 -5.522428129e-007 2.123411172e+005 1.598947592e+005 -1.014236596e+006 -3.746651195e+005 2.558456900e+003 3.586036022e+003 -1.463276325e+006 -2.655218201e+006 
d 0.000000000e+000 0.000000000e+000 -2.762617489e-006 4.200000000e+001 4.200000000e+001 3.318021320e-006 0.000000000e+000 0.000000000e+000 -5.554038317e-007 2.123377677e+005 1.598105886e+005 -1.027421833e+006 -3.794893556e+005 2.557906509e+003 3.581309414e+003 -1.480981349e+006 -2.687364834e+006 
d 0.000000000e+000 0.000000000e+000 -2.768866760e-006 4.250000000e+001 4.250000000e+001 3.327434226e-006 0.000000000e+000 0.000000000e+000 -5.585674657e-007 2.123344297e+005 1.597267117e+005 -1.040607671e+006 -3.843137827e+005 2.557358369e+003 3.576596451e+003 -1.498686230e+006 -2.719511205e+006 
d 0.000000000e+000 0.000000000e+000 -2.775079018e-006 4.300000000e+001 4.300000000e+001 3.336810020e-006 0.000000000e+000 0.000000000e+000 -5.617310021e-007 2.123311146e+005 1.596432097e+005 -1.053794018e+006 -3.891383714e+005 2.556813594e+003 3.571902321e+003 -1.516390991e+006 -2.751657356e+006 
d 0.000000000e+000 0.000000000e+000 -2.781255736e-006 4.350000000e+001 4.350000000e+001 3.346150590e-006 0.000000000e+000 0.000000000e+000 -5.648948540e-007 2.123278211e+005 1.595600672e+005 -1.066980878e+006 -3.939631233e+005 2.556272022e+003 3.567226126e+003 -1.534095630e+006 -2.783803282e+006 
d 0.000000000e+000 0.000000000e+000 -2.787401078e-006 4.400000000e+001 4.400000000e+001 3.355461377e-006 0.000000000e+000 0.000000000e+000 -5.680602986e-007 2.123245443e+005 1.594772429e+005 -1.080168284e+006 -3.987880487e+005 2.555733152e+003 3.562565337e+003 -1.551800140e+006 -2.815948972e+006 
d 0.000000000e+000 0.000000000e+000 -2.793507022e-006 4.450000000e+001 4.450000000e+001 3.364731769e-006 0.000000000e+000 0.000000000e+000 -5.712247473e-007 2.123212951e+005 1.593948129e+005 -1.093356152e+006 -4.036131209e+005 2.555198025e+003 3.557924809e+003 -1.569504541e+006 -2.848094460e+006 
d 0.000000000e+000 0.000000000e+000 -2.799586521e-006 4.500000000e+001 4.500000000e+001 3.373978812e-006 0.000000000e+000 0.000000000e+000 -5.743922910e-007 2.123180572e+005 1.593126511e+005 -1.106544601e+006 -4.084383772e+005 2.554665027e+003 3.553296680e+003 -1.587208804e+006 -2.880239696e+006 
d 0.000000000e+000 0.000000000e+000 -2.805629752e-006 4.550000000e+001 4.550000000e+001 3.383189511e-006 0.000000000e+000 0.000000000e+000 -5.775597583e-007 2.123148438e+005 1.592308511e+005 -1.119733529e+006 -4.132637860e+005 2.554135425e+003 3.548686897e+003 -1.604912952e+006 -2.912384723e+006 
d 0.000000000e+000 0.000000000e+000 -2.811648228e-006 4.600000000e+001 4.600000000e+001 3.392379049e-006 0.000000000e+000 0.000000000e+000 -5.807308208e-007 2.123116405e+005 1.591493007e+005 -1.132923042e+006 -4.180893799e+005 2.553607786e+003 3.544088473e+003 -1.622616961e+006 -2.944529496e+006 
d 0.000000000e+000 0.000000000e+000 -2.817643839e-006 4.650000000e+001 4.650000000e+001 3.401549927e-006 0.000000000e+000 0.000000000e+000 -5.839060880e-007 2.123084452e+005 1.590679805e+005 -1.146113152e+006 -4.229151625e+005 2.553081896e+003 3.539500258e+003 -1.640320826e+006 -2.976674010e+006 
d 0.000000000e+000 0.000000000e+000 -2.823609994e-006 4.700000000e+001 4.700000000e+001 3.410693405e-006 0.000000000e+000 0.000000000e+000 -5.870834111e-007 2.123052669e+005 1.589869531e+005 -1.159303787e+006 -4.277411118e+005 2.552558611e+003 3.534926238e+003 -1.658024566e+006 -3.008818295e+006 
d 0.000000000e+000 0.000000000e+000 -2.829554769e-006 4.750000000e+001 4.750000000e+001 3.419820175e-006 0.000000000e+000 0.000000000e+000 -5.902654054e-007 2.123020957e+005 1.589061397e+005 -1.172495018e+006 -4.325672496e+005 2.552036931e+003 3.530361516e+003 -1.675728162e+006 -3.040962320e+006 
d 0.000000000e+000 0.000000000e+000 -2.835464304e-006 4.800000000e+001 4.800000000e+001 3.428911818e-006 0.000000000e+000 0.000000000e+000 -5.934475143e-007 2.122989497e+005 1.588256728e+005 -1.185686704e+006 -4.373935319e+005 2.551518627e+003 3.525814479e+003 -1.693431650e+006 -3.073106148e+006 
d 0.000000000e+000 0.000000000e+000 -2.841344540e-006 4.850000000e+001 4.850000000e+001 3.437976179e-006 0.000000000e+000 0.000000000e+000 -5.966316393e-007 2.122958217e+005 1.587454945e+005 -1.198878893e+006 -4.422199735e+005 2.551002967e+003 3.521281528e+003 -1.711135018e+006 -3.105249757e+006 
d 0.000000000e+000 0.000000000e+000 -2.847204274e-006 4.900000000e+001 4.900000000e+001 3.447024931e-006 0.000000000e+000 0.000000000e+000 -5.998206568e-007 2.122927006e+005 1.586655190e+005 -1.212071659e+006 -4.470465973e+005 2.550488859e+003 3.516757338e+003 -1.728838247e+006 -3.137393115e+006 
d 0.000000000e+000 0.000000000e+000 -2.853037228e-006 4.950000000e+001 4.950000000e+001 3.456049699e-006 0.000000000e+000 0.000000000e+000 -6.030124702e-007 2.122895949e+005 1.585858063e+005 -1.225264930e+006 -4.518733813e+005 2.549977113e+003 3.512245711e+003 -1.746541354e+006 -3.169536254e+006 
d 0.000000000e+000 0.000000000e+000 -2.858843155e-006 5.000000000e+001 5.000000000e+001 3.465050115e-006 0.000000000e+000 0.000000000e+000 -6.062069598e-007 2.122865052e+005 1.585063581e+005 -1.238458694e+006 -4.567003210e+005 2.549467776e+003 3.507746801e+003 -1.764244343e+006 -3.201679178e+006 
