v ATLAS
# This file was created by ATLAS version 5.28.1.R on Fri Jun 19 17:46:56 2026.
#SSF 2.0 generic
##############################################################################
#                    Copyright (c) 1984 - 2019                               #
#                    Silvaco Inc. All rights reserved                        #
#                                                                            #
# This file format and the following Key are copyright Silvaco Inc.          #
# You may not use, this format or key without reproducing this message in    #
# full and obtaining express written permission from Silvaco Inc.            #
#                                                                            #
# To obtain such permission please contact: Silvaco Inc.                     #
#                                           support@silvaco.com              #
#                                                                            #
# KEY=SVC86hn7562asdx                       PROD=345                         #
##############################################################################
y 3 700 711 15
z 3 0 300
f 3 "source" "drain" "gate" 
o 1 Ey_gate_source
o 2 Ey_gate_drain
o 3 Ey_field_plate
o 4 Ey_gate_drain_mid
o 5 Ex_gate_source
o 6 Ex_gate_drain
o 7 Ex_field_plate
o 8 Ex_gate_drain_mid
p 17 2 601 20 3 602 21 4 603 22 3000 3001 3002 3003 3004 3005 3006 3007 
d 0.000000000e+000 0.000000000e+000 1.573838582e-002 1.000000000e+000 1.000000000e+000 3.414800709e-006 -3.000000000e+000 -3.000000000e+000 -1.574180062e-002 -8.610014889e+003 1.228229678e+005 -4.786358652e+004 -1.993320395e+004 9.904777376e+004 2.740399500e+003 -1.298929666e+005 -2.344365406e+005 
d 0.000000000e+000 0.000000000e+000 1.808844112e-002 1.000000000e+000 1.000000000e+000 4.451095888e-006 -3.375000000e+000 -3.375000000e+000 -1.809289221e-002 -2.317598763e+004 1.186751474e+005 -6.376192352e+004 -2.543000696e+004 1.114436636e+005 2.494058609e+003 -1.416681245e+005 -2.559363265e+005 
d 0.000000000e+000 0.000000000e+000 1.860702834e-002 1.000000000e+000 1.000000000e+000 3.388042377e-006 -3.468750000e+000 -3.468750000e+000 -1.861041638e-002 -2.170161732e+004 1.228036985e+005 -5.973401017e+004 -2.430095232e+004 1.147998051e+005 2.746077154e+003 -1.466066899e+005 -2.647860841e+005 
d 0.000000000e+000 0.000000000e+000 1.913459157e-002 1.000000000e+000 1.000000000e+000 2.681472613e-006 -3.562500000e+000 -3.562500000e+000 -1.913727304e-002 -2.085412212e+004 1.260797004e+005 -5.644394928e+004 -2.340012954e+004 1.181088386e+005 2.970364382e+003 -1.513558166e+005 -2.733162329e+005 
d 0.000000000e+000 0.000000000e+000 2.020854141e-002 1.000000000e+000 1.000000000e+000 1.759086559e-006 -3.750000000e+000 -3.750000000e+000 -2.021030050e-002 -2.041883070e+004 1.314001298e+005 -5.168278054e+004 -2.216669913e+004 1.246500976e+005 3.370799273e+003 -1.604002829e+005 -2.895874187e+005 
d 0.000000000e+000 0.000000000e+000 2.462916874e-002 1.000000000e+000 1.000000000e+000 3.019607375e-007 -4.500000000e+000 -4.500000000e+000 -2.462947070e-002 -2.530182531e+004 1.466759815e+005 -4.397840013e+004 -2.080078746e+004 1.505132749e+005 4.918502102e+003 -1.938109680e+005 -3.497478986e+005 
d 0.000000000e+000 0.000000000e+000 3.376369755e-002 1.000000000e+000 1.000000000e+000 1.048451783e-009 -6.000000000e+000 -6.000000000e+000 -3.376369860e-002 -4.204311574e+004 1.754994233e+005 -4.389459463e+004 -2.291433452e+004 2.021122652e+005 1.143429267e+004 -2.569355247e+005 -4.634030386e+005 
d 0.000000000e+000 0.000000000e+000 3.846270804e-002 1.000000000e+000 1.000000000e+000 6.632868437e-011 -6.750000000e+000 -6.750000000e+000 -3.846270811e-002 -5.187498930e+004 1.927786138e+005 -4.779589738e+004 -2.520452725e+004 2.279252817e+005 1.569989944e+004 -2.875134639e+005 -5.185180101e+005 
d 0.000000000e+000 0.000000000e+000 4.086263789e-002 1.000000000e+000 1.000000000e+000 2.285312176e-011 -7.125000000e+000 -7.125000000e+000 -4.086263792e-002 -5.786327994e+004 2.004508664e+005 -5.156795767e+004 -2.691715345e+004 2.407849878e+005 1.736255005e+004 -3.023415135e+005 -5.452845021e+005 
d 0.000000000e+000 0.000000000e+000 4.338217609e-002 1.000000000e+000 1.000000000e+000 2.362194463e-011 -7.500000000e+000 -7.500000000e+000 -4.338217611e-002 -6.827367437e+004 2.002493825e+005 -6.154776345e+004 -3.056374408e+004 2.533870902e+005 1.733257579e+004 -3.155975331e+005 -5.693549961e+005 
d 0.000000000e+000 0.000000000e+000 5.375879114e-002 1.000000000e+000 1.000000000e+000 2.804895426e-011 -9.000000000e+000 -9.000000000e+000 -5.375879117e-002 -1.095994412e+005 1.991296478e+005 -1.016996884e+005 -4.522256914e+004 3.038583034e+005 1.714539371e+004 -3.685626000e+005 -6.655359169e+005 
d 0.000000000e+000 0.000000000e+000 7.590041391e-002 1.000000000e+000 1.000000000e+000 3.899568184e-011 -1.200000000e+001 -1.200000000e+001 -7.590041395e-002 -1.907534828e+005 1.969356906e+005 -1.820011300e+005 -7.453947362e+004 4.050501397e+005 1.677115341e+004 -4.744933554e+005 -8.578988036e+005 
d 0.000000000e+000 0.000000000e+000 7.436752551e-002 1.000000000e+000 1.000000000e+000 3.816733647e-011 -1.180000000e+001 -1.180000000e+001 -7.436752555e-002 -1.853785285e+005 1.970802046e+005 -1.766478566e+005 -7.258506174e+004 3.982972490e+005 1.679607028e+004 -4.674312651e+005 -8.450745434e+005 
d 0.000000000e+000 0.000000000e+000 7.284268962e-002 1.000000000e+000 1.000000000e+000 3.735419852e-011 -1.160000000e+001 -1.160000000e+001 -7.284268966e-002 -1.800004662e+005 1.972249547e+005 -1.712945620e+005 -7.063064331e+004 3.915450433e+005 1.682099230e+004 -4.603691801e+005 -8.322502924e+005 
d 0.000000000e+000 0.000000000e+000 7.132591847e-002 1.000000000e+000 1.000000000e+000 3.655599637e-011 -1.140000000e+001 -1.140000000e+001 -7.132591851e-002 -1.746189023e+005 1.973699433e+005 -1.659412462e+005 -6.867621828e+004 3.847935823e+005 1.684591934e+004 -4.533071006e+005 -8.194260506e+005 
d 0.000000000e+000 0.000000000e+000 6.981722471e-002 1.000000000e+000 1.000000000e+000 3.577246234e-011 -1.120000000e+001 -1.120000000e+001 -6.981722475e-002 -1.692334240e+005 1.975151728e+005 -1.605879089e+005 -6.672178658e+004 3.780429281e+005 1.687085123e+004 -4.462450267e+005 -8.066018182e+005 
d 0.000000000e+000 0.000000000e+000 6.831662142e-002 1.000000000e+000 1.000000000e+000 3.500333269e-011 -1.100000000e+001 -1.100000000e+001 -6.831662146e-002 -1.638436005e+005 1.976606460e+005 -1.552345500e+005 -6.476734815e+004 3.712931446e+005 1.689578786e+004 -4.391829583e+005 -7.937775951e+005 
d 0.000000000e+000 0.000000000e+000 6.682412214e-002 1.000000000e+000 1.000000000e+000 3.424834755e-011 -1.080000000e+001 -1.080000000e+001 -6.682412218e-002 -1.584489832e+005 1.978063663e+005 -1.498811690e+005 -6.281290290e+004 3.645442974e+005 1.692072911e+004 -4.321208955e+005 -7.809533816e+005 
d 0.000000000e+000 0.000000000e+000 6.533974089e-002 1.000000000e+000 1.000000000e+000 3.350725083e-011 -1.060000000e+001 -1.060000000e+001 -6.533974092e-002 -1.530491067e+005 1.979523370e+005 -1.445277657e+005 -6.085845072e+004 3.577964536e+005 1.694567486e+004 -4.250588384e+005 -7.681291778e+005 
d 0.000000000e+000 0.000000000e+000 6.386349217e-002 1.000000000e+000 1.000000000e+000 3.277979025e-011 -1.040000000e+001 -1.040000000e+001 -6.386349220e-002 -1.476434889e+005 1.980985619e+005 -1.391743398e+005 -5.890399153e+004 3.510496819e+005 1.697062503e+004 -4.179967872e+005 -7.553049838e+005 
d 0.000000000e+000 0.000000000e+000 6.239539100e-002 1.000000000e+000 1.000000000e+000 3.206571721e-011 -1.020000000e+001 -1.020000000e+001 -6.239539104e-002 -1.422316310e+005 1.982450452e+005 -1.338208909e+005 -5.694952519e+004 3.443040522e+005 1.699557954e+004 -4.109347418e+005 -7.424807998e+005 
d 0.000000000e+000 0.000000000e+000 6.093545294e-002 1.000000000e+000 1.000000000e+000 3.136478682e-011 -1.000000000e+001 -1.000000000e+001 -6.093545297e-002 -1.368130183e+005 1.983917914e+005 -1.284674186e+005 -5.499505158e+004 3.375596354e+005 1.702053830e+004 -4.038727024e+005 -7.296566260e+005 
d 0.000000000e+000 0.000000000e+000 5.948369406e-002 1.000000000e+000 1.000000000e+000 3.067675779e-011 -9.800000000e+000 -9.800000000e+000 -5.948369409e-002 -1.313871193e+005 1.985388053e+005 -1.231139224e+005 -5.304057055e+004 3.308165037e+005 1.704550125e+004 -3.968106692e+005 -7.168324625e+005 
d 0.000000000e+000 0.000000000e+000 5.804013099e-002 1.000000000e+000 1.000000000e+000 3.000139245e-011 -9.600000000e+000 -9.600000000e+000 -5.804013102e-002 -1.259533858e+005 1.986860921e+005 -1.177604018e+005 -5.108608197e+004 3.240747301e+005 1.707046832e+004 -3.897486422e+005 -7.040083097e+005 
d 0.000000000e+000 0.000000000e+000 5.660478090e-002 1.000000000e+000 1.000000000e+000 2.933845662e-011 -9.400000000e+000 -9.400000000e+000 -5.660478093e-002 -1.205112529e+005 1.988336574e+005 -1.124068563e+005 -4.913158565e+004 3.173343889e+005 1.709543946e+004 -3.826866216e+005 -6.911841676e+005 
d 0.000000000e+000 0.000000000e+000 5.517766154e-002 1.000000000e+000 1.000000000e+000 2.868771964e-011 -9.200000000e+000 -9.200000000e+000 -5.517766157e-002 -1.150601381e+005 1.989815072e+005 -1.070532854e+005 -4.717708144e+004 3.105955548e+005 1.712041461e+004 -3.756246075e+005 -6.783600366e+005 
d 0.000000000e+000 0.000000000e+000 5.375879114e-002 1.000000000e+000 1.000000000e+000 2.804895426e-011 -9.000000000e+000 -9.000000000e+000 -5.375879117e-002 -1.095994412e+005 1.991296478e+005 -1.016996884e+005 -4.522256914e+004 3.038583034e+005 1.714539371e+004 -3.685626000e+005 -6.655359169e+005 
d 0.000000000e+000 0.000000000e+000 5.234818849e-002 1.000000000e+000 1.000000000e+000 2.742193660e-011 -8.800000000e+000 -8.800000000e+000 -5.234818851e-002 -1.041285435e+005 1.992780861e+005 -9.634606471e+004 -4.326804856e+004 2.971227111e+005 1.717037670e+004 -3.615005994e+005 -6.527118087e+005 
d 0.000000000e+000 0.000000000e+000 5.094587281e-002 1.000000000e+000 1.000000000e+000 2.680644608e-011 -8.600000000e+000 -8.600000000e+000 -5.094587284e-002 -9.864680697e+004 1.994268293e+005 -9.099241369e+004 -4.131351949e+004 2.903888547e+005 1.719536352e+004 -3.544386058e+005 -6.398877125e+005 
d 0.000000000e+000 0.000000000e+000 4.955186379e-002 1.000000000e+000 1.000000000e+000 2.620226536e-011 -8.400000000e+000 -8.400000000e+000 -4.955186382e-002 -9.315357339e+004 1.995758851e+005 -8.563873462e+004 -3.935898171e+004 2.836568115e+005 1.722035408e+004 -3.473766194e+005 -6.270636284e+005 
d 0.000000000e+000 0.000000000e+000 4.816618143e-002 1.000000000e+000 1.000000000e+000 2.560918024e-011 -8.200000000e+000 -8.200000000e+000 -4.816618146e-002 -8.764816271e+004 1.997252617e+005 -8.028502676e+004 -3.740443500e+004 2.769266590e+005 1.724534831e+004 -3.403146404e+005 -6.142395568e+005 
d 0.000000000e+000 0.000000000e+000 4.678884600e-002 1.000000000e+000 1.000000000e+000 2.502697958e-011 -8.000000000e+000 -8.000000000e+000 -4.678884602e-002 -8.212987139e+004 1.998749677e+005 -7.493128933e+004 -3.544987911e+004 2.701984747e+005 1.727034612e+004 -3.332526689e+005 -6.014154981e+005 
d 0.000000000e+000 0.000000000e+000 4.541987789e-002 1.000000000e+000 1.000000000e+000 2.445545524e-011 -7.800000000e+000 -7.800000000e+000 -4.541987792e-002 -7.659796988e+004 2.000250125e+005 -6.957752150e+004 -3.349531378e+004 2.634723363e+005 1.729534739e+004 -3.261907052e+005 -5.885914525e+005 
d 0.000000000e+000 0.000000000e+000 4.405929749e-002 1.000000000e+000 1.000000000e+000 2.389440190e-011 -7.600000000e+000 -7.600000000e+000 -4.405929752e-002 -7.105169938e+004 2.001754060e+005 -6.422372239e+004 -3.154073873e+004 2.567483209e+005 1.732035200e+004 -3.191287495e+005 -5.757674206e+005 
d 0.000000000e+000 0.000000000e+000 4.270712497e-002 1.000000000e+000 1.000000000e+000 2.334361700e-011 -7.400000000e+000 -7.400000000e+000 -4.270712500e-002 -6.549026752e+004 2.003261587e+005 -5.886989106e+004 -2.958615367e+004 2.500265049e+005 1.734535983e+004 -3.120668020e+005 -5.629434026e+005 
d 0.000000000e+000 0.000000000e+000 4.136338008e-002 1.000000000e+000 1.000000000e+000 2.280290061e-011 -7.200000000e+000 -7.200000000e+000 -4.136338010e-002 -5.991284282e+004 2.004772820e+005 -5.351602649e+004 -2.763155829e+004 2.433069643e+005 1.737037073e+004 -3.050048630e+005 -5.501193990e+005 
d 0.000000000e+000 0.000000000e+000 4.002808189e-002 1.000000000e+000 1.000000000e+000 2.227205525e-011 -7.000000000e+000 -7.000000000e+000 -4.002808192e-002 -5.431854753e+004 2.006287881e+005 -4.816212758e+004 -2.567695222e+004 2.365897732e+005 1.739538453e+004 -2.979429328e+005 -5.372954104e+005 
d 0.000000000e+000 0.000000000e+000 3.870124853e-002 1.000000000e+000 1.000000000e+000 2.175088575e-011 -6.800000000e+000 -6.800000000e+000 -3.870124855e-002 -4.870644861e+004 2.007806903e+005 -4.280819310e+004 -2.372233508e+004 2.298750048e+005 1.742040108e+004 -2.908810116e+005 -5.244714372e+005 
d 0.000000000e+000 0.000000000e+000 3.738289681e-002 1.000000000e+000 1.000000000e+000 2.123919913e-011 -6.600000000e+000 -6.600000000e+000 -3.738289683e-002 -4.307554657e+004 2.009330030e+005 -3.745422170e+004 -2.176770644e+004 2.231627299e+005 1.744542021e+004 -2.838190997e+005 -5.116474801e+005 
d 0.000000000e+000 0.000000000e+000 3.607304195e-002 1.000000000e+000 1.000000000e+000 2.073680433e-011 -6.400000000e+000 -6.400000000e+000 -3.607304197e-002 -3.742476176e+004 2.010857418e+005 -3.210021185e+004 -1.981306580e+004 2.164530170e+005 1.747044173e+004 -2.767571976e+005 -4.988235396e+005 
d 0.000000000e+000 0.000000000e+000 3.477169714e-002 1.000000000e+000 1.000000000e+000 2.024351212e-011 -6.200000000e+000 -6.200000000e+000 -3.477169716e-002 -3.175291793e+004 2.012389238e+005 -2.674616179e+004 -1.785841259e+004 2.097459317e+005 1.749546547e+004 -2.696953055e+005 -4.859996167e+005 
d 0.000000000e+000 0.000000000e+000 3.347887318e-002 1.000000000e+000 1.000000000e+000 1.975913485e-011 -6.000000000e+000 -6.000000000e+000 -3.347887320e-002 -2.605872253e+004 2.013925681e+005 -2.139206948e+004 -1.590374613e+004 2.030415364e+005 1.752049126e+004 -2.626334240e+005 -4.731757121e+005 
d 0.000000000e+000 0.000000000e+000 3.219457802e-002 1.000000000e+000 1.000000000e+000 1.928348626e-011 -5.800000000e+000 -5.800000000e+000 -3.219457804e-002 -2.034074345e+004 2.015466954e+005 -1.603793255e+004 -1.394906563e+004 1.963398889e+005 1.754551894e+004 -2.555715535e+005 -4.603518269e+005 
d 0.000000000e+000 0.000000000e+000 3.091881636e-002 1.000000000e+000 1.000000000e+000 1.881638134e-011 -5.600000000e+000 -5.600000000e+000 -3.091881638e-002 -1.459738153e+004 2.017013287e+005 -1.068374813e+004 -1.199437012e+004 1.896410425e+005 1.757054835e+004 -2.485096945e+005 -4.475279625e+005 
d 0.000000000e+000 0.000000000e+000 2.965158913e-002 1.000000000e+000 1.000000000e+000 1.835763612e-011 -5.400000000e+000 -5.400000000e+000 -2.965158915e-002 -8.826837756e+003 2.018564936e+005 -5.329512810e+003 -1.003965842e+004 1.829450441e+005 1.759557934e+004 -2.414478478e+005 -4.347041202e+005 
d 0.000000000e+000 0.000000000e+000 2.839289291e-002 1.000000000e+000 1.000000000e+000 1.790706751e-011 -5.200000000e+000 -5.200000000e+000 -2.839289293e-002 -3.027073832e+003 2.020122184e+005 2.477759097e+001 -8.084929070e+003 1.762519330e+005 1.762061172e+004 -2.343860139e+005 -4.218803020e+005 
d 0.000000000e+000 0.000000000e+000 2.714271927e-002 1.000000000e+000 1.000000000e+000 1.746449325e-011 -5.000000000e+000 -5.000000000e+000 -2.714271929e-002 2.804236500e+003 2.021685342e+005 5.379128221e+003 -6.130180234e+003 1.695617386e+005 1.764564529e+004 -2.273241937e+005 -4.090565102e+005 
d 0.000000000e+000 0.000000000e+000 2.590105393e-002 1.000000000e+000 1.000000000e+000 1.702973185e-011 -4.800000000e+000 -4.800000000e+000 -2.590105394e-002 8.669768695e+003 2.023254754e+005 1.073354550e+004 -4.175409583e+003 1.628744772e+005 1.767067977e+004 -2.202623882e+005 -3.962327477e+005 
d 0.000000000e+000 0.000000000e+000 2.466787569e-002 1.000000000e+000 1.000000000e+000 1.660260261e-011 -4.600000000e+000 -4.600000000e+000 -2.466787570e-002 1.457262590e+004 2.024830795e+005 1.608803751e+004 -2.220614127e+003 1.561901468e+005 1.769571473e+004 -2.132005983e+005 -3.834090180e+005 
d 0.000000000e+000 0.000000000e+000 2.344315514e-002 1.000000000e+000 1.000000000e+000 1.618292568e-011 -4.400000000e+000 -4.400000000e+000 -2.344315516e-002 2.051644017e+004 2.026413870e+005 2.144261459e+004 -2.657899754e+002 1.495087212e+005 1.772074953e+004 -2.061388252e+005 -3.705853260e+005 
d 0.000000000e+000 0.000000000e+000 2.222685312e-002 1.000000000e+000 1.000000000e+000 1.577052224e-011 -4.200000000e+000 -4.200000000e+000 -2.222685314e-002 2.650550161e+004 2.028004415e+005 2.679729011e+004 1.689067994e+003 1.428301398e+005 1.774578319e+004 -1.990770702e+005 -3.577616776e+005 
d 0.000000000e+000 0.000000000e+000 2.101891894e-002 1.000000000e+000 1.000000000e+000 1.536521456e-011 -4.000000000e+000 -4.000000000e+000 -2.101891895e-002 3.254491821e+004 2.029602891e+005 3.215208165e+004 3.643966618e+003 1.361542959e+005 1.777081429e+004 -1.920153349e+005 -3.449380810e+005 
d 0.000000000e+000 0.000000000e+000 1.981928864e-002 1.000000000e+000 1.000000000e+000 1.496682562e-011 -3.800000000e+000 -3.800000000e+000 -1.981928865e-002 3.864080359e+004 2.031209787e+005 3.750701268e+004 5.598915146e+003 1.294810214e+005 1.779584084e+004 -1.849536209e+005 -3.321145468e+005 
d 0.000000000e+000 0.000000000e+000 1.862788338e-002 1.000000000e+000 1.000000000e+000 1.457517877e-011 -3.600000000e+000 -3.600000000e+000 -1.862788339e-002 4.480048092e+004 2.032825619e+005 4.286211506e+004 7.553926250e+003 1.228100694e+005 1.782086019e+004 -1.778919303e+005 -3.192910897e+005 
d 0.000000000e+000 0.000000000e+000 1.744460808e-002 1.000000000e+000 1.000000000e+000 1.419009621e-011 -3.400000000e+000 -3.400000000e+000 -1.744460810e-002 5.103267923e+004 2.034450946e+005 4.821743264e+004 9.509017489e+003 1.161410954e+005 1.784586901e+004 -1.708302659e+005 -3.064677299e+005 
d 0.000000000e+000 0.000000000e+000 1.626935040e-002 1.000000000e+000 1.000000000e+000 1.381139729e-011 -3.200000000e+000 -3.200000000e+000 -1.626935041e-002 5.734768585e+004 2.036086393e+005 5.357302645e+004 1.146421336e+004 1.094736385e+005 1.787086333e+004 -1.637686311e+005 -2.936444955e+005 
d 0.000000000e+000 0.000000000e+000 1.510197971e-002 1.000000000e+000 1.000000000e+000 1.343889504e-011 -3.000000000e+000 -3.000000000e+000 -1.510197972e-002 6.375740591e+004 2.037732686e+005 5.892898175e+004 1.341954818e+004 1.028071038e+005 1.789583872e+004 -1.567070307e+005 -2.808214258e+005 
d 0.000000000e+000 0.000000000e+000 1.394234573e-002 1.000000000e+000 1.000000000e+000 1.307239395e-011 -2.800000000e+000 -2.800000000e+000 -1.394234575e-002 7.027526658e+004 2.039390708e+005 6.428541773e+004 1.537506989e+004 9.614074676e+004 1.792079039e+004 -1.496454715e+005 -2.679985757e+005 
d 0.000000000e+000 0.000000000e+000 1.279027623e-002 1.000000000e+000 1.000000000e+000 1.271168636e-011 -2.600000000e+000 -2.600000000e+000 -1.279027624e-002 7.691588704e+004 2.041061556e+005 6.964249985e+004 1.733084507e+004 8.947366077e+004 1.794571330e+004 -1.425839626e+005 -2.551760214e+005 
d 0.000000000e+000 0.000000000e+000 1.164557341e-002 1.000000000e+000 1.000000000e+000 1.235654959e-011 -2.400000000e+000 -2.400000000e+000 -1.164557342e-002 8.369441513e+004 2.042746599e+005 7.500045532e+004 1.928696517e+004 8.280476908e+004 1.797060195e+004 -1.355225168e+005 -2.423538675e+005 
d 0.000000000e+000 0.000000000e+000 1.050800922e-002 1.000000000e+000 1.000000000e+000 1.200674441e-011 -2.200000000e+000 -2.200000000e+000 -1.050800923e-002 9.062542460e+004 2.044447519e+005 8.035959086e+004 2.124355370e+004 7.613282671e+004 1.799544983e+004 -1.284611510e+005 -2.295322556e+005 
d 0.000000000e+000 0.000000000e+000 9.377320338e-003 1.000000000e+000 1.000000000e+000 1.166201885e-011 -2.000000000e+000 -2.000000000e+000 -9.377320350e-003 9.772131030e+004 2.046166344e+005 8.572031138e+004 2.320077392e+004 6.945644091e+004 1.802024814e+004 -1.213998872e+005 -2.167113721e+005 
d 0.000000000e+000 0.000000000e+000 8.253204700e-003 1.000000000e+000 1.000000000e+000 1.132210517e-011 -1.800000000e+000 -1.800000000e+000 -8.253204712e-003 1.049902636e+005 2.047905456e+005 9.108313605e+004 2.515883544e+004 6.277412306e+004 1.804498405e+004 -1.143387528e+005 -2.038914566e+005 
d 0.000000000e+000 0.000000000e+000 7.135322225e-003 1.000000000e+000 1.000000000e+000 1.098672371e-011 -1.600000000e+000 -1.600000000e+000 -7.135322236e-003 1.124341751e+005 2.049667637e+005 9.644870566e+004 2.711799736e+004 5.608438406e+004 1.806963829e+004 -1.072777812e+005 -1.910728046e+005 
d 0.000000000e+000 0.000000000e+000 6.023302809e-003 1.000000000e+000 1.000000000e+000 1.065557801e-011 -1.400000000e+000 -1.400000000e+000 -6.023302819e-003 1.200471126e+005 2.051456172e+005 1.018177730e+005 2.907856449e+004 4.938587316e+004 1.809418230e+004 -1.002170102e+005 -1.782557635e+005 
d 0.000000000e+000 0.000000000e+000 4.916763040e-003 1.000000000e+000 1.000000000e+000 1.032837077e-011 -1.200000000e+000 -1.200000000e+000 -4.916763050e-003 1.278151652e+005 2.053275114e+005 1.071911671e+005 3.104087284e+004 4.267753826e+004 1.811857458e+004 -9.315648098e+004 -1.654407161e+005 
d 0.000000000e+000 0.000000000e+000 3.815329626e-003 1.000000000e+000 1.000000000e+000 1.000475661e-011 -1.000000000e+000 -1.000000000e+000 -3.815329636e-003 1.357182281e+005 2.055129793e+005 1.125697275e+005 3.300526298e+004 3.595876241e+004 1.814275531e+004 -8.609623472e+004 -1.526280498e+005 
d 0.000000000e+000 0.000000000e+000 2.718663609e-003 1.000000000e+000 1.000000000e+000 9.684393168e-012 -8.000000000e-001 -8.000000000e-001 -2.718663619e-003 1.437338377e+005 2.057027804e+005 1.179542165e+005 3.497204405e+004 2.922942775e+004 1.816663699e+004 -7.903630867e+004 -1.398181167e+005 
d 0.000000000e+000 0.000000000e+000 1.626496440e-003 1.000000000e+000 1.000000000e+000 9.366847891e-012 -6.000000000e-001 -6.000000000e-001 -1.626496450e-003 1.518432858e+005 2.058981062e+005 1.233452294e+005 3.694145730e+004 2.248988296e+004 1.819008472e+004 -7.197673256e+004 -1.270111915e+005 
d 0.000000000e+000 0.000000000e+000 5.520595818e-004 1.000000000e+000 1.000000000e+000 9.051657435e-012 -4.000000000e-001 -4.000000000e-001 -5.520595909e-004 1.600465382e+005 2.061011663e+005 1.287431372e+005 3.891365170e+004 1.574078319e+004 1.821285983e+004 -6.491752783e+004 -1.142074451e+005 
d 0.000000000e+000 0.000000000e+000 1.653363138e-005 1.000000000e+000 1.000000000e+000 8.736284151e-012 -2.000000000e-001 -2.000000000e-001 -1.653364012e-005 1.702493304e+005 2.063634999e+005 1.341490217e+005 4.088897137e+004 8.963129684e+003 1.823020171e+004 -5.785895341e+004 -1.014073495e+005 
d 0.000000000e+000 0.000000000e+000 -1.171648068e-012 1.000000000e+000 1.000000000e+000 9.304761370e-012 1.446557558e-014 1.446557558e-014 -8.132969718e-012 2.261985796e+005 2.204202969e+005 1.396469184e+005 4.289339218e+004 3.722296787e+003 1.701881839e+004 -5.082277310e+004 -8.864735584e+004 
d 0.000000000e+000 0.000000000e+000 -1.958836530e-007 1.000000000e+000 1.000000000e+000 1.943375316e-009 2.000000000e-001 2.000000000e-001 1.939402777e-007 3.117106753e+005 2.744161049e+005 1.453131243e+005 4.495024574e+004 1.144651834e+003 1.305719578e+004 -4.382944586e+004 -7.596056013e+004 
d 0.000000000e+000 0.000000000e+000 -6.166459461e-007 1.000000000e+000 1.000000000e+000 2.278085950e-007 4.000000000e-001 4.000000000e-001 3.888373502e-007 4.003237017e+005 3.389835246e+005 1.516007659e+005 4.717825133e+004 -9.722022986e+002 1.307110842e+004 -3.705885808e+004 -6.354594032e+004 
d 0.000000000e+000 0.000000000e+000 -1.856646118e-006 1.000000000e+000 1.000000000e+000 1.219489661e-006 6.000000000e-001 6.000000000e-001 6.371564576e-007 4.898863191e+005 4.049938603e+005 1.592033290e+005 4.974859242e+004 -2.969957493e+003 1.506515672e+004 -3.081005559e+004 -5.171148607e+004 
d 0.000000000e+000 0.000000000e+000 -3.978257301e-006 1.000000000e+000 1.000000000e+000 3.042298960e-006 8.000000000e-001 8.000000000e-001 9.359583410e-007 5.797273798e+005 4.709752781e+005 1.680528503e+005 5.265284173e+004 -4.907201852e+003 1.737206908e+004 -2.501609560e+004 -4.046216746e+004 
d 0.000000000e+000 0.000000000e+000 -6.939505480e-006 1.000000000e+000 1.000000000e+000 5.655413683e-006 1.000000000e+000 1.000000000e+000 1.284091797e-006 6.692984059e+005 5.368169582e+005 1.782657134e+005 5.589421216e+004 -6.800055397e+003 1.976967597e+004 -1.962675304e+004 -3.042492765e+004 
d 0.000000000e+000 0.000000000e+000 -1.051327761e-005 1.000000000e+000 1.000000000e+000 8.832782898e-006 1.200000000e+000 1.200000000e+000 1.680494712e-006 7.580032170e+005 6.026809511e+005 1.875764883e+005 5.828251449e+004 -8.647434365e+003 2.221294336e+004 -1.532811640e+004 -2.500658496e+004 
d 0.000000000e+000 0.000000000e+000 -1.400370347e-005 1.000000000e+000 1.000000000e+000 1.187834300e-005 1.400000000e+000 1.400000000e+000 2.125360415e-006 8.450220809e+005 6.691929350e+005 1.938942564e+005 5.982297911e+004 -1.043040082e+004 2.472567226e+004 -1.408530764e+004 -2.377834083e+004 
d 0.000000000e+000 0.000000000e+000 -1.696565638e-005 1.000000000e+000 1.000000000e+000 1.435152174e-005 1.600000000e+000 1.600000000e+000 2.614134635e-006 9.291573971e+005 7.357157844e+005 1.984046589e+005 6.099888747e+004 -1.213154494e+004 2.724495572e+004 -1.385007253e+004 -2.352336893e+004 
d 0.000000000e+000 0.000000000e+000 -1.942892640e-005 1.000000000e+000 1.000000000e+000 1.627915503e-005 1.800000000e+000 1.800000000e+000 3.149771366e-006 1.009884799e+006 8.009613505e+005 2.020739040e+005 6.200450039e+004 -1.374002846e+004 2.966592077e+004 -1.370392198e+004 -2.328269053e+004 
d 0.000000000e+000 0.000000000e+000 -2.174638062e-005 1.000000000e+000 1.000000000e+000 1.797652569e-005 2.000000000e+000 2.000000000e+000 3.769854923e-006 1.088467814e+006 8.646519831e+005 2.061871061e+005 6.322972784e+004 -1.527864348e+004 3.196846183e+004 -1.337725314e+004 -2.263802185e+004 
