v ATLAS
# This file was created by ATLAS version 5.28.1.R on Fri Jun 19 17:49:14 2026.
#SSF 2.0 generic
##############################################################################
#                    Copyright (c) 1984 - 2019                               #
#                    Silvaco Inc. All rights reserved                        #
#                                                                            #
# This file format and the following Key are copyright Silvaco Inc.          #
# You may not use, this format or key without reproducing this message in    #
# full and obtaining express written permission from Silvaco Inc.            #
#                                                                            #
# To obtain such permission please contact: Silvaco Inc.                     #
#                                           support@silvaco.com              #
#                                                                            #
# KEY=SVC86hn7562asdx                       PROD=345                         #
##############################################################################
y 3 700 711 15
z 3 0 300
f 3 "source" "drain" "gate" 
o 1 Ey_gate_source
o 2 Ey_gate_drain
o 3 Ey_field_plate
o 4 Ey_gate_drain_mid
o 5 Ex_gate_source
o 6 Ex_gate_drain
o 7 Ex_field_plate
o 8 Ex_gate_drain_mid
p 17 2 601 20 3 602 21 4 603 22 3000 3001 3002 3003 3004 3005 3006 3007 
d 0.000000000e+000 0.000000000e+000 1.578784099e-002 5.000000000e+001 5.000000000e+001 6.478404381e-006 -3.000000000e+000 -3.000000000e+000 -1.579431939e-002 -1.248014426e+004 1.137122418e+005 -1.335826861e+006 -4.913184168e+005 9.885588934e+004 2.039072481e+003 -1.865814235e+006 -3.386632921e+006 
d 0.000000000e+000 0.000000000e+000 1.636095558e-002 5.000000000e+001 5.000000000e+001 6.503840986e-006 -3.093750000e+000 -3.093750000e+000 -1.636745942e-002 -1.522040985e+004 1.136148299e+005 -1.338346324e+006 -4.922376249e+005 1.019992099e+005 2.034694765e+003 -1.869121843e+006 -3.392639912e+006 
d 0.000000000e+000 0.000000000e+000 1.693565356e-002 5.000000000e+001 5.000000000e+001 6.523684910e-006 -3.187500000e+000 -3.187500000e+000 -1.694217725e-002 -1.793257542e+004 1.135336870e+005 -1.340853288e+006 -4.931529548e+005 1.051438966e+005 2.031213022e+003 -1.872432656e+006 -3.398652329e+006 
d 0.000000000e+000 0.000000000e+000 1.808901286e-002 5.000000000e+001 5.000000000e+001 6.525682797e-006 -3.375000000e+000 -3.375000000e+000 -1.809553855e-002 -2.322625865e+004 1.134773852e+005 -1.345786619e+006 -4.949586104e+005 1.114400212e+005 2.030042994e+003 -1.879074950e+006 -3.410712146e+006 
d 0.000000000e+000 0.000000000e+000 2.041639944e-002 5.000000000e+001 5.000000000e+001 6.525009272e-006 -3.750000000e+000 -3.750000000e+000 -2.042292446e-002 -3.367034888e+004 1.133831314e+005 -1.355643210e+006 -4.985667987e+005 1.240395912e+005 2.028477348e+003 -1.892362124e+006 -3.434836152e+006 
d 0.000000000e+000 0.000000000e+000 2.515414728e-002 5.000000000e+001 5.000000000e+001 6.517752818e-006 -4.500000000e+000 -4.500000000e+000 -2.516066503e-002 -5.412107749e+004 1.132285687e+005 -1.375343616e+006 -5.057792182e+005 1.492637896e+005 2.026462420e+003 -1.918939764e+006 -3.483089707e+006 
d 0.000000000e+000 0.000000000e+000 3.496454755e-002 5.000000000e+001 5.000000000e+001 6.501448241e-006 -6.000000000e+000 -6.000000000e+000 -3.497104900e-002 -9.397647902e+004 1.129719343e+005 -1.414741800e+006 -5.202032644e+005 1.997904628e+005 2.023337794e+003 -1.972095779e+006 -3.579597955e+006 
d 0.000000000e+000 0.000000000e+000 7.866882141e-002 5.000000000e+001 5.000000000e+001 6.449634906e-006 -1.200000000e+001 -1.200000000e+001 -7.867527104e-002 -2.490810639e+005 1.122033714e+005 -1.572405877e+006 -5.779218137e+005 4.024536474e+005 2.013490880e+003 -2.184702133e+006 -3.965599948e+006 
d 0.000000000e+000 0.000000000e+000 7.706570204e-002 5.000000000e+001 5.000000000e+001 6.105349746e-006 -1.180000000e+001 -1.180000000e+001 -7.707180739e-002 -2.433368572e+005 1.132029775e+005 -1.566331259e+006 -5.757436279e+005 3.957191175e+005 2.074137382e+003 -2.177825063e+006 -3.953088790e+006 
d 0.000000000e+000 0.000000000e+000 7.547165503e-002 5.000000000e+001 5.000000000e+001 5.798330495e-006 -1.160000000e+001 -1.160000000e+001 -7.547745336e-002 -2.375909013e+005 1.141345640e+005 -1.560259016e+006 -5.735661277e+005 3.889849409e+005 2.133098364e+003 -2.170947257e+006 -3.940576610e+006 
d 0.000000000e+000 0.000000000e+000 7.388670990e-002 5.000000000e+001 5.000000000e+001 5.520176415e-006 -1.140000000e+001 -1.140000000e+001 -7.389223007e-002 -2.318441665e+005 1.150146145e+005 -1.554190665e+006 -5.713897846e+005 3.822511267e+005 2.190447473e+003 -2.164068328e+006 -3.928062750e+006 
d 0.000000000e+000 0.000000000e+000 7.231080074e-002 5.000000000e+001 5.000000000e+001 5.264744507e-006 -1.120000000e+001 -1.120000000e+001 -7.231606548e-002 -2.260955693e+005 1.158556501e+005 -1.548125135e+006 -5.692142689e+005 3.755177663e+005 2.246476131e+003 -2.157188558e+006 -3.915547674e+006 
d 0.000000000e+000 0.000000000e+000 7.074406220e-002 5.000000000e+001 5.000000000e+001 5.029303191e-006 -1.100000000e+001 -1.100000000e+001 -7.074909151e-002 -2.203479171e+005 1.166612386e+005 -1.542066741e+006 -5.670409242e+005 3.687847591e+005 2.301086931e+003 -2.150306851e+006 -3.903029508e+006 
d 0.000000000e+000 0.000000000e+000 6.918624902e-002 5.000000000e+001 5.000000000e+001 4.809056838e-006 -1.080000000e+001 -1.080000000e+001 -6.919105807e-002 -2.145961955e+005 1.174431238e+005 -1.536009216e+006 -5.648678068e+005 3.620523699e+005 2.354876167e+003 -2.143424817e+006 -3.890510972e+006 
d 0.000000000e+000 0.000000000e+000 6.763793187e-002 5.000000000e+001 5.000000000e+001 4.606230401e-006 -1.060000000e+001 -1.060000000e+001 -6.764253810e-002 -2.088524798e+005 1.181897890e+005 -1.529969580e+006 -5.627002079e+005 3.553200563e+005 2.406858419e+003 -2.136538118e+006 -3.877984677e+006 
d 0.000000000e+000 0.000000000e+000 6.609862642e-002 5.000000000e+001 5.000000000e+001 4.415359466e-006 -1.040000000e+001 -1.040000000e+001 -6.610304178e-002 -2.031066583e+005 1.189170483e+005 -1.523934613e+006 -5.605340245e+005 3.485883205e+005 2.458045220e+003 -2.129650139e+006 -3.865456361e+006 
d 0.000000000e+000 0.000000000e+000 6.456832354e-002 5.000000000e+001 5.000000000e+001 4.235086344e-006 -1.020000000e+001 -1.020000000e+001 -6.457255862e-002 -1.973583705e+005 1.196273737e+005 -1.517904332e+006 -5.583692639e+005 3.418572045e+005 2.508538023e+003 -2.122760882e+006 -3.852926017e+006 
d 0.000000000e+000 0.000000000e+000 6.304705662e-002 5.000000000e+001 5.000000000e+001 4.064577685e-006 -1.000000000e+001 -1.000000000e+001 -6.305112120e-002 -1.916082194e+005 1.203216762e+005 -1.511880007e+006 -5.562063235e+005 3.351267038e+005 2.558342670e+003 -2.115870029e+006 -3.840393093e+006 
d 0.000000000e+000 0.000000000e+000 6.153484234e-002 5.000000000e+001 5.000000000e+001 3.903040495e-006 -9.800000000e+000 -9.800000000e+000 -6.153874538e-002 -1.858564885e+005 1.210009932e+005 -1.505862413e+006 -5.540454471e+005 3.283968273e+005 2.607486134e+003 -2.108977389e+006 -3.827857250e+006 
d 0.000000000e+000 0.000000000e+000 6.003138537e-002 5.000000000e+001 5.000000000e+001 3.747730476e-006 -9.600000000e+000 -9.600000000e+000 -6.003513310e-002 -1.800958615e+005 1.216748463e+005 -1.499841939e+006 -5.518836480e+005 3.216679397e+005 2.656653847e+003 -2.102085417e+006 -3.815322664e+006 
d 0.000000000e+000 0.000000000e+000 5.853705941e-002 5.000000000e+001 5.000000000e+001 3.600529502e-006 -9.400000000e+000 -9.400000000e+000 -5.854065994e-002 -1.743351017e+005 1.223340393e+005 -1.493830805e+006 -5.497247276e+005 3.149396438e+005 2.705115616e+003 -2.095191002e+006 -3.802784026e+006 
d 0.000000000e+000 0.000000000e+000 5.705191392e-002 5.000000000e+001 5.000000000e+001 3.461157907e-006 -9.200000000e+000 -9.200000000e+000 -5.705537508e-002 -1.685755682e+005 1.229779827e+005 -1.487831114e+006 -5.475693421e+005 3.082118863e+005 2.752788052e+003 -2.088293616e+006 -3.790240425e+006 
d 0.000000000e+000 0.000000000e+000 5.557548451e-002 5.000000000e+001 5.000000000e+001 3.326101305e-006 -9.000000000e+000 -9.000000000e+000 -5.557881061e-002 -1.628051450e+005 1.236209604e+005 -1.481826630e+006 -5.454124443e+005 3.014852451e+005 2.800758870e+003 -2.081397395e+006 -3.777698908e+006 
d 0.000000000e+000 0.000000000e+000 5.410806977e-002 5.000000000e+001 5.000000000e+001 3.196886333e-006 -8.800000000e+000 -8.800000000e+000 -5.411126666e-002 -1.570312030e+005 1.242552689e+005 -1.475827579e+006 -5.432572149e+005 2.947593704e+005 2.848410603e+003 -2.074499740e+006 -3.765155037e+006 
d 0.000000000e+000 0.000000000e+000 5.264931909e-002 5.000000000e+001 5.000000000e+001 3.070910323e-006 -8.600000000e+000 -8.600000000e+000 -5.265239000e-002 -1.512437828e+005 1.248923605e+005 -1.469820609e+006 -5.410995026e+005 2.880347236e+005 2.896639702e+003 -2.067604050e+006 -3.752614607e+006 
d 0.000000000e+000 0.000000000e+000 5.119951905e-002 5.000000000e+001 5.000000000e+001 2.949674386e-006 -8.400000000e+000 -8.400000000e+000 -5.120246872e-002 -1.454501968e+005 1.255245933e+005 -1.463815805e+006 -5.389424444e+005 2.813109390e+005 2.944832112e+003 -2.060707762e+006 -3.740073240e+006 
d 0.000000000e+000 0.000000000e+000 4.975883552e-002 5.000000000e+001 5.000000000e+001 2.833907539e-006 -8.200000000e+000 -8.200000000e+000 -4.976166943e-002 -1.396550783e+005 1.261473927e+005 -1.457819567e+006 -5.367880335e+005 2.745877661e+005 2.992603149e+003 -2.053809250e+006 -3.727528157e+006 
d 0.000000000e+000 0.000000000e+000 4.832717748e-002 5.000000000e+001 5.000000000e+001 2.722749208e-006 -8.000000000e+000 -8.000000000e+000 -4.832990023e-002 -1.338558086e+005 1.267640883e+005 -1.451828381e+006 -5.346351776e+005 2.678652856e+005 3.040206040e+003 -2.046909413e+006 -3.714980884e+006 
d 0.000000000e+000 0.000000000e+000 4.690460573e-002 5.000000000e+001 5.000000000e+001 2.616314711e-006 -7.800000000e+000 -7.800000000e+000 -4.690722204e-002 -1.280542633e+005 1.273731388e+005 -1.445844765e+006 -5.324846613e+005 2.611433528e+005 3.087500237e+003 -2.040007613e+006 -3.702430326e+006 
d 0.000000000e+000 0.000000000e+000 4.549106444e-002 5.000000000e+001 5.000000000e+001 2.514015353e-006 -7.600000000e+000 -7.600000000e+000 -4.549357846e-002 -1.222488106e+005 1.279767945e+005 -1.439866374e+006 -5.303357563e+005 2.544219753e+005 3.134658650e+003 -2.033104448e+006 -3.689877502e+006 
d 0.000000000e+000 0.000000000e+000 4.408659810e-002 5.000000000e+001 5.000000000e+001 2.415905642e-006 -7.400000000e+000 -7.400000000e+000 -4.408901400e-002 -1.164409802e+005 1.285738998e+005 -1.433895111e+006 -5.281890556e+005 2.477009999e+005 3.181574013e+003 -2.026199439e+006 -3.677321585e+006 
d 0.000000000e+000 0.000000000e+000 4.269095320e-002 5.000000000e+001 5.000000000e+001 2.320206403e-006 -7.200000000e+000 -7.200000000e+000 -4.269327341e-002 -1.106222881e+005 1.291740481e+005 -1.427919134e+006 -5.260408749e+005 2.409807257e+005 3.229050197e+003 -2.019295594e+006 -3.664767717e+006 
d 0.000000000e+000 0.000000000e+000 4.130432759e-002 5.000000000e+001 5.000000000e+001 2.227949664e-006 -7.000000000e+000 -7.000000000e+000 -4.130655554e-002 -1.047991156e+005 1.297708504e+005 -1.421946928e+006 -5.238938552e+005 2.342607521e+005 3.276548974e+003 -2.012390761e+006 -3.652212215e+006 
d 0.000000000e+000 0.000000000e+000 3.992681158e-002 5.000000000e+001 5.000000000e+001 2.139517027e-006 -6.800000000e+000 -6.800000000e+000 -3.992895110e-002 -9.897467526e+004 1.303612387e+005 -1.415982734e+006 -5.217493181e+005 2.275408289e+005 3.323801506e+003 -2.005483866e+006 -3.639653235e+006 
d 0.000000000e+000 0.000000000e+000 3.855832524e-002 5.000000000e+001 5.000000000e+001 2.054241502e-006 -6.600000000e+000 -6.600000000e+000 -3.856037948e-002 -9.314608681e+004 1.309485645e+005 -1.410022525e+006 -5.196060102e+005 2.208209887e+005 3.371090350e+003 -1.998575932e+006 -3.627092527e+006 
d 0.000000000e+000 0.000000000e+000 3.719863536e-002 5.000000000e+001 5.000000000e+001 1.970486753e-006 -6.400000000e+000 -6.400000000e+000 -3.720060584e-002 -8.730400693e+004 1.315430271e+005 -1.404053420e+006 -5.174599234e+005 2.141015527e+005 3.419311445e+003 -1.991670231e+006 -3.614535684e+006 
d 0.000000000e+000 0.000000000e+000 3.584804254e-002 5.000000000e+001 5.000000000e+001 1.889974125e-006 -6.200000000e+000 -6.200000000e+000 -3.584993251e-002 -8.145900740e+004 1.321331244e+005 -1.398090466e+006 -5.153157414e+005 2.073819760e+005 3.467466040e+003 -1.984762945e+006 -3.601976171e+006 
d 0.000000000e+000 0.000000000e+000 3.450732214e-002 5.000000000e+001 5.000000000e+001 1.817534690e-006 -6.000000000e+000 -6.000000000e+000 -3.450913968e-002 -7.564252386e+004 1.326841727e+005 -1.392178661e+006 -5.131874747e+005 2.006608809e+005 3.512441709e+003 -1.977842658e+006 -3.589394449e+006 
d 0.000000000e+000 0.000000000e+000 3.317561050e-002 5.000000000e+001 5.000000000e+001 1.747605879e-006 -5.800000000e+000 -5.800000000e+000 -3.317735811e-002 -6.982007290e+004 1.332326018e+005 -1.386271260e+006 -5.110605720e+005 1.939397628e+005 3.557444201e+003 -1.970921236e+006 -3.576810815e+006 
d 0.000000000e+000 0.000000000e+000 3.185285833e-002 5.000000000e+001 5.000000000e+001 1.679761674e-006 -5.600000000e+000 -5.600000000e+000 -3.185453809e-002 -6.398809192e+004 1.337810353e+005 -1.380365013e+006 -5.089340219e+005 1.872187818e+005 3.602709580e+003 -1.963999505e+006 -3.564226681e+006 
d 0.000000000e+000 0.000000000e+000 3.053909722e-002 5.000000000e+001 5.000000000e+001 1.614110436e-006 -5.400000000e+000 -5.400000000e+000 -3.054071133e-002 -5.814608636e+004 1.343283506e+005 -1.374461527e+006 -5.068083249e+005 1.804979947e+005 3.648136821e+003 -1.957077058e+006 -3.551641350e+006 
d 0.000000000e+000 0.000000000e+000 2.923433826e-002 5.000000000e+001 5.000000000e+001 1.550643378e-006 -5.200000000e+000 -5.200000000e+000 -2.923588890e-002 -5.229245727e+004 1.348742385e+005 -1.368561406e+006 -5.046836700e+005 1.737775285e+005 3.693695757e+003 -1.950153743e+006 -3.539054558e+006 
d 0.000000000e+000 0.000000000e+000 2.793856828e-002 5.000000000e+001 5.000000000e+001 1.489199405e-006 -5.000000000e+000 -5.000000000e+000 -2.794005748e-002 -4.642416823e+004 1.354196028e+005 -1.362663719e+006 -5.025597674e+005 1.670575865e+005 3.739467636e+003 -1.943229797e+006 -3.526466711e+006 
d 0.000000000e+000 0.000000000e+000 2.665176784e-002 5.000000000e+001 5.000000000e+001 1.429577173e-006 -4.800000000e+000 -4.800000000e+000 -2.665319741e-002 -4.053745198e+004 1.359657982e+005 -1.356766933e+006 -5.004361404e+005 1.603384115e+005 3.785578201e+003 -1.936305610e+006 -3.513878473e+006 
d 0.000000000e+000 0.000000000e+000 2.537397101e-002 5.000000000e+001 5.000000000e+001 1.371961385e-006 -4.600000000e+000 -4.600000000e+000 -2.537534297e-002 -3.463103509e+004 1.365110616e+005 -1.350873504e+006 -4.983135538e+005 1.536201535e+005 3.831859013e+003 -1.929380559e+006 -3.501288778e+006 
d 0.000000000e+000 0.000000000e+000 2.410524427e-002 5.000000000e+001 5.000000000e+001 1.316815546e-006 -4.400000000e+000 -4.400000000e+000 -2.410656108e-002 -2.870567261e+004 1.370509981e+005 -1.344989257e+006 -4.961938215e+005 1.469028845e+005 3.877879782e+003 -1.922453169e+006 -3.488695097e+006 
d 0.000000000e+000 0.000000000e+000 2.284549463e-002 5.000000000e+001 5.000000000e+001 1.263475019e-006 -4.200000000e+000 -4.200000000e+000 -2.284675811e-002 -2.275300230e+004 1.375908709e+005 -1.339107542e+006 -4.940748738e+005 1.401870250e+005 3.924130834e+003 -1.915525126e+006 -3.476100316e+006 
d 0.000000000e+000 0.000000000e+000 2.159472223e-002 5.000000000e+001 5.000000000e+001 1.211960464e-006 -4.000000000e+000 -4.000000000e+000 -2.159593419e-002 -1.676939511e+004 1.381302627e+005 -1.333229124e+006 -4.919569485e+005 1.334727973e+005 3.970560750e+003 -1.908596238e+006 -3.463504105e+006 
d 0.000000000e+000 0.000000000e+000 2.035288832e-002 5.000000000e+001 5.000000000e+001 1.162012479e-006 -3.800000000e+000 -3.800000000e+000 -2.035405033e-002 -1.074837767e+004 1.386714071e+005 -1.327351429e+006 -4.898392445e+005 1.267605187e+005 4.017375740e+003 -1.901667156e+006 -3.450907581e+006 
d 0.000000000e+000 0.000000000e+000 1.911999267e-002 5.000000000e+001 5.000000000e+001 1.113685298e-006 -3.600000000e+000 -3.600000000e+000 -1.912110635e-002 -4.685541694e+003 1.392137652e+005 -1.321475549e+006 -4.877221023e+005 1.200504078e+005 4.064508535e+003 -1.894737605e+006 -3.438310268e+006 
d 0.000000000e+000 0.000000000e+000 1.789602474e-002 5.000000000e+001 5.000000000e+001 1.066972526e-006 -3.400000000e+000 -3.400000000e+000 -1.789709171e-002 1.424453425e+003 1.397573648e+005 -1.315601887e+006 -4.856056470e+005 1.133426993e+005 4.111942237e+003 -1.887807484e+006 -3.425711994e+006 
d 0.000000000e+000 0.000000000e+000 1.668098420e-002 5.000000000e+001 5.000000000e+001 1.021981658e-006 -3.200000000e+000 -3.200000000e+000 -1.668200618e-002 7.586257510e+003 1.403010674e+005 -1.309732354e+006 -4.834904743e+005 1.066375781e+005 4.159535087e+003 -1.880876308e+006 -3.413111927e+006 
d 0.000000000e+000 0.000000000e+000 1.547482648e-002 5.000000000e+001 5.000000000e+001 9.784472717e-007 -3.000000000e+000 -3.000000000e+000 -1.547580493e-002 1.380841383e+004 1.408475941e+005 -1.303863875e+006 -4.813756269e+005 9.993535806e+004 4.207533145e+003 -1.873944856e+006 -3.400511403e+006 
d 0.000000000e+000 0.000000000e+000 1.427751221e-002 5.000000000e+001 5.000000000e+001 9.361660923e-007 -2.800000000e+000 -2.800000000e+000 -1.427844838e-002 2.009963883e+004 1.413993361e+005 -1.297993834e+006 -4.792602901e+005 9.323632962e+004 4.256151840e+003 -1.867013794e+006 -3.387911557e+006 
d 0.000000000e+000 0.000000000e+000 1.308904168e-002 5.000000000e+001 5.000000000e+001 8.954589364e-007 -2.600000000e+000 -2.600000000e+000 -1.308993714e-002 2.646417189e+004 1.419530593e+005 -1.292126957e+006 -4.771459354e+005 8.654054824e+004 4.305012460e+003 -1.860081922e+006 -3.375310339e+006 
d 0.000000000e+000 0.000000000e+000 1.190933594e-002 5.000000000e+001 5.000000000e+001 8.560378159e-007 -2.400000000e+000 -2.400000000e+000 -1.191019198e-002 3.291365465e+004 1.425123060e+005 -1.286259372e+006 -4.750313578e+005 7.984828592e+004 4.354432405e+003 -1.853150223e+006 -3.362709428e+006 
d 0.000000000e+000 0.000000000e+000 1.073834065e-002 5.000000000e+001 5.000000000e+001 8.182117436e-007 -2.200000000e+000 -2.200000000e+000 -1.073915887e-002 3.945541918e+004 1.430739488e+005 -1.280396035e+006 -4.729181006e+005 7.315949895e+004 4.404006271e+003 -1.846217441e+006 -3.350106673e+006 
d 0.000000000e+000 0.000000000e+000 9.575913354e-003 5.000000000e+001 5.000000000e+001 7.816565970e-007 -2.000000000e+000 -2.000000000e+000 -9.576695012e-003 4.610665984e+004 1.436424725e+005 -1.274532355e+006 -4.708047343e+005 6.647435196e+004 4.454121701e+003 -1.839284741e+006 -3.337504068e+006 
d 0.000000000e+000 0.000000000e+000 8.421905486e-003 5.000000000e+001 5.000000000e+001 7.464535671e-007 -1.800000000e+000 -1.800000000e+000 -8.422651941e-003 5.288435143e+004 1.442179031e+005 -1.268669823e+006 -4.686917235e+005 5.979271517e+004 4.504661771e+003 -1.832351745e+006 -3.324900964e+006 
d 0.000000000e+000 0.000000000e+000 7.276122380e-003 5.000000000e+001 5.000000000e+001 7.126429960e-007 -1.600000000e+000 -1.600000000e+000 -7.276835025e-003 5.981140463e+004 1.448010482e+005 -1.262809329e+006 -4.665793460e+005 5.311433845e+004 4.555550418e+003 -1.825418228e+006 -3.312296975e+006 
d 0.000000000e+000 0.000000000e+000 6.138325224e-003 5.000000000e+001 5.000000000e+001 6.802058246e-007 -1.400000000e+000 -1.400000000e+000 -6.139005431e-003 6.691886282e+004 1.453940162e+005 -1.256950666e+006 -4.644675372e+005 4.643886329e+004 4.606793742e+003 -1.818484245e+006 -3.299692192e+006 
d 0.000000000e+000 0.000000000e+000 5.008238739e-003 5.000000000e+001 5.000000000e+001 6.491508357e-007 -1.200000000e+000 -1.200000000e+000 -5.008887891e-003 7.424811377e+004 1.459994578e+005 -1.251093854e+006 -4.623563040e+005 3.976581037e+004 4.658361970e+003 -1.811549789e+006 -3.287086605e+006 
d 0.000000000e+000 0.000000000e+000 3.885551866e-003 5.000000000e+001 5.000000000e+001 6.195477024e-007 -1.000000000e+000 -1.000000000e+000 -3.886171414e-003 8.185771653e+004 1.466207172e+005 -1.245239659e+006 -4.602458849e+005 3.309464636e+004 4.710133938e+003 -1.804614669e+006 -3.274479882e+006 
d 0.000000000e+000 0.000000000e+000 2.769912180e-003 5.000000000e+001 5.000000000e+001 5.914471073e-007 -8.000000000e-001 -8.000000000e-001 -2.770503628e-003 8.984441432e+004 1.472644932e+005 -1.239387794e+006 -4.581361916e+005 2.642503643e+004 4.762041184e+003 -1.797678958e+006 -3.261872147e+006 
d 0.000000000e+000 0.000000000e+000 1.660944926e-003 5.000000000e+001 5.000000000e+001 5.650311019e-007 -6.000000000e-001 -6.000000000e-001 -1.661509959e-003 9.840553872e+004 1.479431893e+005 -1.233538603e+006 -4.560273321e+005 1.975732810e+004 4.813871827e+003 -1.790742572e+006 -3.249263250e+006 
d 0.000000000e+000 0.000000000e+000 5.716794168e-004 5.000000000e+001 5.000000000e+001 5.444166341e-007 -4.000000000e-001 -4.000000000e-001 -5.722238334e-004 1.081066871e+005 1.486352620e+005 -1.227765800e+006 -4.539422691e+005 1.309271735e+004 4.858240563e+003 -1.783786841e+006 -3.236621180e+006 
d 0.000000000e+000 0.000000000e+000 2.103267327e-005 5.000000000e+001 5.000000000e+001 5.442298397e-007 -2.000000000e-001 -2.000000000e-001 -2.157690312e-005 1.344193123e+005 1.504789072e+005 -1.221991569e+006 -4.518568332e+005 6.631370597e+003 4.889583380e+003 -1.776831654e+006 -3.223979719e+006 
d 0.000000000e+000 0.000000000e+000 -1.067348526e-006 5.000000000e+001 5.000000000e+001 1.218242126e-006 1.446557558e-014 1.446557558e-014 -1.508936001e-007 2.155648036e+005 1.794417872e+005 -1.216102775e+006 -4.497379779e+005 2.856545242e+003 5.026886606e+003 -1.769911299e+006 -3.211387680e+006 
d 0.000000000e+000 0.000000000e+000 -3.893826293e-006 5.000000000e+001 5.000000000e+001 3.663487571e-006 2.000000000e-001 2.000000000e-001 2.303387224e-007 3.052567475e+005 2.400331971e+005 -1.209954766e+006 -4.475436786e+005 5.226356881e+002 6.682554171e+003 -1.763070243e+006 -3.198907457e+006 
d 0.000000000e+000 0.000000000e+000 -7.746416045e-006 5.000000000e+001 5.000000000e+001 7.319806935e-006 4.000000000e-001 4.000000000e-001 4.266091093e-007 3.948465974e+005 3.019920309e+005 -1.203695384e+006 -4.453176505e+005 -1.573677619e+003 8.959065137e+003 -1.756265075e+006 -3.186475198e+006 
d 0.000000000e+000 0.000000000e+000 -1.281037384e-005 5.000000000e+001 5.000000000e+001 1.214572085e-005 6.000000000e-001 6.000000000e-001 6.646529905e-007 4.847424837e+005 3.645600762e+005 -1.197354500e+006 -4.430687808e+005 -3.581081422e+003 1.129676227e+004 -1.749487180e+006 -3.174078000e+006 
d 0.000000000e+000 0.000000000e+000 -1.906898810e-005 5.000000000e+001 5.000000000e+001 1.811845110e-005 8.000000000e-001 8.000000000e-001 9.505370015e-007 5.746971345e+005 4.275834435e+005 -1.190944576e+006 -4.408007714e+005 -5.538081263e+003 1.365677136e+004 -1.742732955e+006 -3.161710482e+006 
d 0.000000000e+000 0.000000000e+000 -2.649626164e-005 5.000000000e+001 5.000000000e+001 2.521287551e-005 1.000000000e+000 1.000000000e+000 1.283386132e-006 6.642798271e+005 4.907743272e+005 -1.184473741e+006 -4.385160309e+005 -7.457875285e+003 1.602116765e+004 -1.736000041e+006 -3.149369139e+006 
d 0.000000000e+000 0.000000000e+000 -3.506433729e-005 5.000000000e+001 5.000000000e+001 3.340341386e-005 1.200000000e+000 1.200000000e+000 1.660923422e-006 7.529200186e+005 5.538313989e+005 -1.177943678e+006 -4.362149923e+005 -9.344399418e+003 1.836974033e+004 -1.729287791e+006 -3.137053258e+006 
d 0.000000000e+000 0.000000000e+000 -4.474393508e-005 5.000000000e+001 5.000000000e+001 4.266508390e-005 1.400000000e+000 1.400000000e+000 2.078851174e-006 8.397526421e+005 6.163850465e+005 -1.171363334e+006 -4.339003668e+005 -1.119538377e+004 2.067621345e+004 -1.722593760e+006 -3.124758970e+006 
d 0.000000000e+000 0.000000000e+000 -5.549680187e-005 5.000000000e+001 5.000000000e+001 5.296693492e-005 1.600000000e+000 1.600000000e+000 2.529866939e-006 9.236012046e+005 6.779256589e+005 -1.164739098e+006 -4.315740668e+005 -1.299959948e+004 2.290320688e+004 -1.715916137e+006 -3.112483515e+006 
d 0.000000000e+000 0.000000000e+000 -6.727912122e-005 5.000000000e+001 5.000000000e+001 6.427374463e-005 1.800000000e+000 1.800000000e+000 3.005376588e-006 1.003927705e+006 7.378151686e+005 -1.158074593e+006 -4.292371428e+005 -1.473534721e+004 2.500251583e+004 -1.709253813e+006 -3.100225334e+006 
d 0.000000000e+000 0.000000000e+000 -8.006723783e-005 5.000000000e+001 5.000000000e+001 7.656475163e-005 2.000000000e+000 2.000000000e+000 3.502486204e-006 1.081956365e+006 7.956826498e+005 -1.151372736e+006 -4.268904647e+005 -1.640332834e+004 2.694478572e+004 -1.702605956e+006 -3.087983168e+006 
