v ATLAS
# This file was created by ATLAS version 5.28.1.R on Fri Jun 19 17:50:48 2026.
#SSF 2.0 generic
##############################################################################
#                    Copyright (c) 1984 - 2019                               #
#                    Silvaco Inc. All rights reserved                        #
#                                                                            #
# This file format and the following Key are copyright Silvaco Inc.          #
# You may not use, this format or key without reproducing this message in    #
# full and obtaining express written permission from Silvaco Inc.            #
#                                                                            #
# To obtain such permission please contact: Silvaco Inc.                     #
#                                           support@silvaco.com              #
#                                                                            #
# KEY=SVC86hn7562asdx                       PROD=345                         #
##############################################################################
y 3 700 711 15
z 3 0 300
f 3 "source" "drain" "gate" 
o 1 Ey_gate_source
o 2 Ey_gate_drain
o 3 Ey_field_plate
o 4 Ey_gate_drain_mid
o 5 Ex_gate_source
o 6 Ex_gate_drain
o 7 Ex_field_plate
o 8 Ex_gate_drain_mid
p 17 2 601 20 3 602 21 4 603 22 3000 3001 3002 3003 3004 3005 3006 3007 
d 0.000000000e+000 0.000000000e+000 3.487825776e-002 5.000000000e-001 5.000000000e-001 3.543232698e-006 -6.000000000e+000 -6.000000000e+000 -3.488180099e-002 -9.064176920e+004 1.215479857e+005 -1.129293027e+005 -4.376466143e+004 1.999626974e+005 2.695185906e+003 -2.185717584e+005 -3.955433274e+005 
d 0.000000000e+000 0.000000000e+000 3.487819872e-002 1.000000000e+000 1.000000000e+000 3.573037966e-006 -6.000000000e+000 -6.000000000e+000 -3.488177176e-002 -9.063956671e+004 1.214589617e+005 -1.259232620e+005 -4.852406497e+004 1.999627981e+005 2.687441612e+003 -2.363113639e+005 -4.277736402e+005 
d 0.000000000e+000 0.000000000e+000 3.487814342e-002 1.500000000e+000 1.500000000e+000 3.601681507e-006 -6.000000000e+000 -6.000000000e+000 -3.488174510e-002 -9.063750582e+004 1.213736060e+005 -1.389185643e+005 -5.328438315e+004 1.999628920e+005 2.680002598e+003 -2.540519204e+005 -4.600033045e+005 
d 0.000000000e+000 0.000000000e+000 3.487809764e-002 2.000000000e+000 2.000000000e+000 3.629364510e-006 -6.000000000e+000 -6.000000000e+000 -3.488172701e-002 -9.063581316e+004 1.212912260e+005 -1.519172854e+005 -5.804626326e+004 1.999629679e+005 2.672815558e+003 -2.717928880e+005 -4.922314127e+005 
d 0.000000000e+000 0.000000000e+000 3.487804663e-002 2.500000000e+000 2.500000000e+000 3.656052430e-006 -6.000000000e+000 -6.000000000e+000 -3.488170268e-002 -9.063391201e+004 1.212120707e+005 -1.649192586e+005 -6.280960961e+004 1.999630546e+005 2.665890880e+003 -2.895341983e+005 -5.244580443e+005 
d 0.000000000e+000 0.000000000e+000 3.487799398e-002 3.000000000e+000 3.000000000e+000 3.681877958e-006 -6.000000000e+000 -6.000000000e+000 -3.488167586e-002 -9.063194342e+004 1.211356831e+005 -1.779251042e+005 -6.757456204e+004 1.999631450e+005 2.659193264e+003 -3.072755638e+005 -5.566829401e+005 
d 0.000000000e+000 0.000000000e+000 3.487794356e-002 3.500000000e+000 3.500000000e+000 3.706962393e-006 -6.000000000e+000 -6.000000000e+000 -3.488165052e-002 -9.063005901e+004 1.210616418e+005 -1.909352388e+005 -7.234119891e+004 1.999632314e+005 2.652690538e+003 -3.250167523e+005 -5.889059284e+005 
d 0.000000000e+000 0.000000000e+000 3.487790547e-002 4.000000000e+000 4.000000000e+000 3.731480861e-006 -6.000000000e+000 -6.000000000e+000 -3.488163695e-002 -9.062865447e+004 1.209893011e+005 -2.039503489e+005 -7.710968814e+004 1.999632939e+005 2.646336229e+003 -3.427574759e+005 -6.211267193e+005 
d 0.000000000e+000 0.000000000e+000 3.487787322e-002 4.500000000e+000 4.500000000e+000 3.755426869e-006 -6.000000000e+000 -6.000000000e+000 -3.488162864e-002 -9.062747552e+004 1.209187425e+005 -2.169699975e+005 -8.187985389e+004 1.999633453e+005 2.640132586e+003 -3.604977445e+005 -6.533455087e+005 
d 0.000000000e+000 0.000000000e+000 3.487784066e-002 5.000000000e+000 5.000000000e+000 3.778788838e-006 -6.000000000e+000 -6.000000000e+000 -3.488161945e-002 -9.062628247e+004 1.208500577e+005 -2.299937492e+005 -8.665152680e+004 1.999633976e+005 2.634082957e+003 -3.782375822e+005 -6.855624907e+005 
d 0.000000000e+000 0.000000000e+000 3.487780670e-002 5.500000000e+000 5.500000000e+000 3.801600720e-006 -6.000000000e+000 -6.000000000e+000 -3.488160830e-002 -9.062503212e+004 1.207831481e+005 -2.430214701e+005 -9.142463671e+004 1.999634531e+005 2.628178410e+003 -3.959769491e+005 -7.177777273e+005 
d 0.000000000e+000 0.000000000e+000 3.487777129e-002 6.000000000e+000 6.000000000e+000 3.823902332e-006 -6.000000000e+000 -6.000000000e+000 -3.488159519e-002 -9.062372325e+004 1.207178868e+005 -2.560530819e+005 -9.619913520e+004 1.999635116e+005 2.622408427e+003 -4.137158027e+005 -7.499912557e+005 
d 0.000000000e+000 0.000000000e+000 3.487773362e-002 6.500000000e+000 6.500000000e+000 3.845720734e-006 -6.000000000e+000 -6.000000000e+000 -3.488157934e-002 -9.062232437e+004 1.206541941e+005 -2.690884494e+005 -1.009749599e+005 1.999635749e+005 2.616765852e+003 -4.314541244e+005 -7.822031373e+005 
d 0.000000000e+000 0.000000000e+000 3.487769462e-002 7.000000000e+000 7.000000000e+000 3.867097407e-006 -6.000000000e+000 -6.000000000e+000 -3.488156172e-002 -9.062087157e+004 1.205919298e+005 -2.821275334e+005 -1.057520814e+005 1.999636410e+005 2.611239718e+003 -4.491918789e+005 -8.144133911e+005 
d 0.000000000e+000 0.000000000e+000 3.487765734e-002 7.500000000e+000 7.500000000e+000 3.888093383e-006 -6.000000000e+000 -6.000000000e+000 -3.488154543e-002 -9.061948406e+004 1.205308750e+005 -2.951704128e+005 -1.105305094e+005 1.999637041e+005 2.605813973e+003 -4.669290075e+005 -8.466219848e+005 
d 0.000000000e+000 0.000000000e+000 3.487762267e-002 8.000000000e+000 8.000000000e+000 3.908744359e-006 -6.000000000e+000 -6.000000000e+000 -3.488153141e-002 -9.061819760e+004 1.204709094e+005 -3.082170322e+005 -1.153102143e+005 1.999637621e+005 2.600479279e+003 -4.846654910e+005 -8.788289438e+005 
d 0.000000000e+000 0.000000000e+000 3.487758934e-002 8.500000000e+000 8.500000000e+000 3.929060051e-006 -6.000000000e+000 -6.000000000e+000 -3.488151840e-002 -9.061696212e+004 1.204120133e+005 -3.212672077e+005 -1.200911277e+005 1.999638177e+005 2.595233102e+003 -5.024013473e+005 -9.110343493e+005 
d 0.000000000e+000 0.000000000e+000 3.487756370e-002 9.000000000e+000 9.000000000e+000 3.949130407e-006 -6.000000000e+000 -6.000000000e+000 -3.488151283e-002 -9.061602595e+004 1.203538515e+005 -3.343212095e+005 -1.248733244e+005 1.999638584e+005 2.590052019e+003 -5.201364823e+005 -9.432380850e+005 
d 0.000000000e+000 0.000000000e+000 3.487753435e-002 9.500000000e+000 9.500000000e+000 3.968851958e-006 -6.000000000e+000 -6.000000000e+000 -3.488150320e-002 -9.061494381e+004 1.202968433e+005 -3.473782737e+005 -1.296565583e+005 1.999639065e+005 2.584962952e+003 -5.378710681e+005 -9.754404834e+005 
d 0.000000000e+000 0.000000000e+000 3.487750488e-002 1.000000000e+001 1.000000000e+001 3.988280810e-006 -6.000000000e+000 -6.000000000e+000 -3.488149316e-002 -9.061385540e+004 1.202407821e+005 -3.604385226e+005 -1.344408602e+005 1.999639551e+005 2.579951230e+003 -5.556050539e+005 -1.007641492e+006 
d 0.000000000e+000 0.000000000e+000 3.487747734e-002 1.050000000e+001 1.050000000e+001 4.007455688e-006 -6.000000000e+000 -6.000000000e+000 -3.488148480e-002 -9.061284175e+004 1.201855294e+005 -3.735019891e+005 -1.392262338e+005 1.999640000e+005 2.575006774e+003 -5.733384135e+005 -1.039841097e+006 
d 0.000000000e+000 0.000000000e+000 3.487744896e-002 1.100000000e+001 1.100000000e+001 4.026360944e-006 -6.000000000e+000 -6.000000000e+000 -3.488147532e-002 -9.061179375e+004 1.201311562e+005 -3.865684254e+005 -1.440125961e+005 1.999640467e+005 2.570133570e+003 -5.910711939e+005 -1.072039407e+006 
d 0.000000000e+000 0.000000000e+000 3.487732340e-002 1.150000000e+001 1.150000000e+001 4.043950856e-006 -6.000000000e+000 -6.000000000e+000 -3.488136735e-002 -9.060694247e+004 1.200816948e+005 -3.996322740e+005 -1.487982139e+005 1.999642853e+005 2.565600202e+003 -6.088047962e+005 -1.104238835e+006 
d 0.000000000e+000 0.000000000e+000 3.487719808e-002 1.200000000e+001 1.200000000e+001 4.061302628e-006 -6.000000000e+000 -6.000000000e+000 -3.488125938e-002 -9.060209911e+004 1.200329881e+005 -4.126990399e+005 -1.535847943e+005 1.999645236e+005 2.561128655e+003 -6.265378056e+005 -1.136436992e+006 
d 0.000000000e+000 0.000000000e+000 3.487704734e-002 1.250000000e+001 1.250000000e+001 4.078144333e-006 -6.000000000e+000 -6.000000000e+000 -3.488112548e-002 -9.059626016e+004 1.199860852e+005 -4.257671925e+005 -1.583718568e+005 1.999648121e+005 2.556788482e+003 -6.442706000e+005 -1.168634541e+006 
d 0.000000000e+000 0.000000000e+000 3.487689675e-002 1.300000000e+001 1.300000000e+001 4.094767895e-006 -6.000000000e+000 -6.000000000e+000 -3.488099152e-002 -9.059042635e+004 1.199398706e+005 -4.388380974e+005 -1.631598222e+005 1.999651004e+005 2.552504633e+003 -6.620028208e+005 -1.200830891e+006 
d 0.000000000e+000 0.000000000e+000 3.487679044e-002 1.350000000e+001 1.350000000e+001 4.111673447e-006 -6.000000000e+000 -6.000000000e+000 -3.488090212e-002 -9.058632403e+004 1.198924449e+005 -4.519141262e+005 -1.679494241e+005 1.999653015e+005 2.548149497e+003 -6.797338539e+005 -1.233025013e+006 
d 0.000000000e+000 0.000000000e+000 3.487667779e-002 1.400000000e+001 1.400000000e+001 4.128310363e-006 -6.000000000e+000 -6.000000000e+000 -3.488080610e-002 -9.058197257e+004 1.198459211e+005 -4.649923687e+005 -1.727397548e+005 1.999655153e+005 2.543863886e+003 -6.974644323e+005 -1.265218170e+006 
d 0.000000000e+000 0.000000000e+000 3.487656532e-002 1.450000000e+001 1.450000000e+001 4.144759750e-006 -6.000000000e+000 -6.000000000e+000 -3.488071008e-002 -9.057762729e+004 1.197999953e+005 -4.780731237e+005 -1.775309043e+005 1.999657288e+005 2.539627030e+003 -7.151944723e+005 -1.297410232e+006 
d 0.000000000e+000 0.000000000e+000 3.487645014e-002 1.500000000e+001 1.500000000e+001 4.160997555e-006 -6.000000000e+000 -6.000000000e+000 -3.488061113e-002 -9.057317518e+004 1.197547641e+005 -4.911561719e+005 -1.823228019e+005 1.999659477e+005 2.535444967e+003 -7.329240229e+005 -1.329601295e+006 
d 0.000000000e+000 0.000000000e+000 3.487633165e-002 1.550000000e+001 1.550000000e+001 4.177024626e-006 -6.000000000e+000 -6.000000000e+000 -3.488050867e-002 -9.056859288e+004 1.197102285e+005 -5.042414252e+005 -1.871154182e+005 1.999661732e+005 2.531317383e+003 -7.506531007e+005 -1.361791397e+006 
d 0.000000000e+000 0.000000000e+000 3.487621309e-002 1.600000000e+001 1.600000000e+001 4.192884413e-006 -6.000000000e+000 -6.000000000e+000 -3.488040598e-002 -9.056400711e+004 1.196662284e+005 -5.173290046e+005 -1.919087886e+005 1.999663990e+005 2.527233186e+003 -7.683816690e+005 -1.393980487e+006 
d 0.000000000e+000 0.000000000e+000 3.487609306e-002 1.650000000e+001 1.650000000e+001 4.208567813e-006 -6.000000000e+000 -6.000000000e+000 -3.488030163e-002 -9.055936268e+004 1.196228023e+005 -5.304187762e+005 -1.967028696e+005 1.999666278e+005 2.523194612e+003 -7.861097570e+005 -1.426168621e+006 
d 0.000000000e+000 0.000000000e+000 3.487598202e-002 1.700000000e+001 1.700000000e+001 4.224199433e-006 -6.000000000e+000 -6.000000000e+000 -3.488020622e-002 -9.055506943e+004 1.195794862e+005 -5.435112443e+005 -2.014978162e+005 1.999668389e+005 2.519170201e+003 -8.038372312e+005 -1.458355583e+006 
d 0.000000000e+000 0.000000000e+000 3.487587044e-002 1.750000000e+001 1.750000000e+001 4.239677980e-006 -6.000000000e+000 -6.000000000e+000 -3.488011012e-002 -9.055075449e+004 1.195366654e+005 -5.566058326e+005 -2.062934476e+005 1.999670511e+005 2.515185494e+003 -8.215642341e+005 -1.490541621e+006 
d 0.000000000e+000 0.000000000e+000 3.487575746e-002 1.800000000e+001 1.800000000e+001 4.254999100e-006 -6.000000000e+000 -6.000000000e+000 -3.488001246e-002 -9.054638386e+004 1.194943594e+005 -5.697024352e+005 -2.110897294e+005 1.999672663e+005 2.511241522e+003 -8.392907886e+005 -1.522726782e+006 
d 0.000000000e+000 0.000000000e+000 3.487564433e-002 1.850000000e+001 1.850000000e+001 4.270182254e-006 -6.000000000e+000 -6.000000000e+000 -3.487991451e-002 -9.054200688e+004 1.194524982e+005 -5.828010611e+005 -2.158866629e+005 1.999674817e+005 2.507333333e+003 -8.570168883e+005 -1.554911063e+006 
d 0.000000000e+000 0.000000000e+000 3.487552773e-002 1.900000000e+001 1.900000000e+001 4.285194467e-006 -6.000000000e+000 -6.000000000e+000 -3.487981293e-002 -9.053749347e+004 1.194112075e+005 -5.959014798e+005 -2.206841752e+005 1.999677041e+005 2.503469122e+003 -8.747425887e+005 -1.587094563e+006 
d 0.000000000e+000 0.000000000e+000 3.487542396e-002 1.950000000e+001 1.950000000e+001 4.300226462e-006 -6.000000000e+000 -6.000000000e+000 -3.487972419e-002 -9.053348148e+004 1.193697808e+005 -6.090044984e+005 -2.254825158e+005 1.999679013e+005 2.499601151e+003 -8.924676804e+005 -1.619276932e+006 
d 0.000000000e+000 0.000000000e+000 3.487531816e-002 2.000000000e+001 2.000000000e+001 4.315113482e-006 -6.000000000e+000 -6.000000000e+000 -3.487963327e-002 -9.052938939e+004 1.193288346e+005 -6.221092847e+005 -2.302814252e+005 1.999681025e+005 2.495770632e+003 -9.101923728e+005 -1.651458532e+006 
d 0.000000000e+000 0.000000000e+000 3.487521596e-002 2.050000000e+001 2.050000000e+001 4.329924348e-006 -6.000000000e+000 -6.000000000e+000 -3.487954588e-002 -9.052543769e+004 1.192881163e+005 -6.352160923e+005 -2.350809809e+005 1.999682967e+005 2.491960352e+003 -9.279165983e+005 -1.683639252e+006 
d 0.000000000e+000 0.000000000e+000 3.487511620e-002 2.100000000e+001 2.100000000e+001 4.344650126e-006 -6.000000000e+000 -6.000000000e+000 -3.487946085e-002 -9.052158107e+004 1.192476620e+005 -6.483248217e+005 -2.398811513e+005 1.999684862e+005 2.488172530e+003 -9.456403800e+005 -1.715819136e+006 
d 0.000000000e+000 0.000000000e+000 3.487501512e-002 2.150000000e+001 2.150000000e+001 4.359251549e-006 -6.000000000e+000 -6.000000000e+000 -3.487937437e-002 -9.051767225e+004 1.192076192e+005 -6.614352428e+005 -2.446818639e+005 1.999686783e+005 2.484416894e+003 -9.633637741e+005 -1.747998284e+006 
d 0.000000000e+000 0.000000000e+000 3.487491315e-002 2.200000000e+001 2.200000000e+001 4.373737184e-006 -6.000000000e+000 -6.000000000e+000 -3.487928689e-002 -9.051372784e+004 1.191679583e+005 -6.745473464e+005 -2.494831152e+005 1.999688722e+005 2.480691255e+003 -9.810867810e+005 -1.780176699e+006 
d 0.000000000e+000 0.000000000e+000 3.487480855e-002 2.250000000e+001 2.250000000e+001 4.388090505e-006 -6.000000000e+000 -6.000000000e+000 -3.487919664e-002 -9.050968012e+004 1.191287416e+005 -6.876610126e+005 -2.542848672e+005 1.999690714e+005 2.476999642e+003 -9.988094292e+005 -1.812354435e+006 
d 0.000000000e+000 0.000000000e+000 3.487470064e-002 2.300000000e+001 2.300000000e+001 4.402306692e-006 -6.000000000e+000 -6.000000000e+000 -3.487910295e-002 -9.050550208e+004 1.190899880e+005 -7.007761753e+005 -2.590870986e+005 1.999692772e+005 2.473343165e+003 -1.016531734e+006 -1.844531519e+006 
d 0.000000000e+000 0.000000000e+000 3.487459410e-002 2.350000000e+001 2.350000000e+001 4.416443165e-006 -6.000000000e+000 -6.000000000e+000 -3.487901054e-002 -9.050137717e+004 1.190514883e+005 -7.138930413e+005 -2.638898730e+005 1.999694803e+005 2.469707572e+003 -1.034253640e+006 -1.876707862e+006 
d 0.000000000e+000 0.000000000e+000 3.487448374e-002 2.400000000e+001 2.400000000e+001 4.430442590e-006 -6.000000000e+000 -6.000000000e+000 -3.487891418e-002 -9.049710234e+004 1.190134538e+005 -7.270113109e+005 -2.686930966e+005 1.999696910e+005 2.466106961e+003 -1.051975223e+006 -1.908883594e+006 
d 0.000000000e+000 0.000000000e+000 3.487438069e-002 2.450000000e+001 2.450000000e+001 4.444437450e-006 -6.000000000e+000 -6.000000000e+000 -3.487882513e-002 -9.049311346e+004 1.189754023e+005 -7.401315116e+005 -2.734969327e+005 1.999698873e+005 2.462508660e+003 -1.069696345e+006 -1.941058486e+006 
d 0.000000000e+000 0.000000000e+000 3.487427557e-002 2.500000000e+001 2.500000000e+001 4.458321037e-006 -6.000000000e+000 -6.000000000e+000 -3.487873389e-002 -9.048904272e+004 1.189377248e+005 -7.532531282e+005 -2.783012207e+005 1.999700878e+005 2.458938926e+003 -1.087417138e+006 -1.973232763e+006 
d 0.000000000e+000 0.000000000e+000 3.487417095e-002 2.550000000e+001 2.550000000e+001 4.472126018e-006 -6.000000000e+000 -6.000000000e+000 -3.487864308e-002 -9.048499134e+004 1.189003037e+005 -7.663762533e+005 -2.831059886e+005 1.999702873e+005 2.455389683e+003 -1.105137575e+006 -2.005406383e+006 
d 0.000000000e+000 0.000000000e+000 3.487406426e-002 2.600000000e+001 2.600000000e+001 4.485824485e-006 -6.000000000e+000 -6.000000000e+000 -3.487855008e-002 -9.048085809e+004 1.188632412e+005 -7.795007201e+005 -2.879111842e+005 1.999704909e+005 2.451867732e+003 -1.122857699e+006 -2.037579419e+006 
d 0.000000000e+000 0.000000000e+000 3.487395171e-002 2.650000000e+001 2.650000000e+001 4.499374289e-006 -6.000000000e+000 -6.000000000e+000 -3.487845109e-002 -9.047649533e+004 1.188266905e+005 -7.926263065e+005 -2.927167379e+005 1.999707062e+005 2.448383316e+003 -1.140577563e+006 -2.069751968e+006 
d 0.000000000e+000 0.000000000e+000 3.487382950e-002 2.700000000e+001 2.700000000e+001 4.512732241e-006 -6.000000000e+000 -6.000000000e+000 -3.487834223e-002 -9.047175329e+004 1.187908073e+005 -8.057527926e+005 -2.975225810e+005 1.999709405e+005 2.444946874e+003 -1.158297224e+006 -2.101924126e+006 
d 0.000000000e+000 0.000000000e+000 3.487371587e-002 2.750000000e+001 2.750000000e+001 4.526115582e-006 -6.000000000e+000 -6.000000000e+000 -3.487824199e-002 -9.046734723e+004 1.187548075e+005 -8.188810576e+005 -3.023289861e+005 1.999711580e+005 2.441505282e+003 -1.176016455e+006 -2.134095510e+006 
d 0.000000000e+000 0.000000000e+000 3.487360201e-002 2.800000000e+001 2.800000000e+001 4.539422675e-006 -6.000000000e+000 -6.000000000e+000 -3.487814143e-002 -9.046293159e+004 1.187190598e+005 -8.320106353e+005 -3.071358081e+005 1.999713759e+005 2.438083358e+003 -1.193735375e+006 -2.166266323e+006 
d 0.000000000e+000 0.000000000e+000 3.487348876e-002 2.850000000e+001 2.850000000e+001 4.552665597e-006 -6.000000000e+000 -6.000000000e+000 -3.487804142e-002 -9.045853927e+004 1.186835218e+005 -8.451415438e+005 -3.119430523e+005 1.999715927e+005 2.434678125e+003 -1.211453979e+006 -2.198436557e+006 
d 0.000000000e+000 0.000000000e+000 3.487336928e-002 2.900000000e+001 2.900000000e+001 4.565765405e-006 -6.000000000e+000 -6.000000000e+000 -3.487793505e-002 -9.045390276e+004 1.186484777e+005 -8.582734274e+005 -3.167506078e+005 1.999718218e+005 2.431308726e+003 -1.229172355e+006 -2.230606367e+006 
d 0.000000000e+000 0.000000000e+000 3.487325604e-002 2.950000000e+001 2.950000000e+001 4.578871991e-006 -6.000000000e+000 -6.000000000e+000 -3.487783492e-002 -9.044951030e+004 1.186133907e+005 -8.714068798e+005 -3.215586588e+005 1.999720387e+005 2.427938703e+003 -1.246890352e+006 -2.262775495e+006 
d 0.000000000e+000 0.000000000e+000 3.487314242e-002 3.000000000e+001 3.000000000e+001 4.591908783e-006 -6.000000000e+000 -6.000000000e+000 -3.487773433e-002 -9.044510230e+004 1.185785366e+005 -8.845415584e+005 -3.263670987e+005 1.999722563e+005 2.424586639e+003 -1.264608056e+006 -2.294944089e+006 
d 0.000000000e+000 0.000000000e+000 3.487302604e-002 3.050000000e+001 3.050000000e+001 4.604849382e-006 -6.000000000e+000 -6.000000000e+000 -3.487763089e-002 -9.044058586e+004 1.185440107e+005 -8.976773322e+005 -3.311758864e+005 1.999724794e+005 2.421258881e+003 -1.282325501e+006 -2.327112207e+006 
d 0.000000000e+000 0.000000000e+000 3.487291723e-002 3.100000000e+001 3.100000000e+001 4.617818910e-006 -6.000000000e+000 -6.000000000e+000 -3.487753505e-002 -9.043636553e+004 1.185093673e+005 -9.108146866e+005 -3.359851726e+005 1.999726876e+005 2.417925141e+003 -1.300042561e+006 -2.359279638e+006 
d 0.000000000e+000 0.000000000e+000 3.487280947e-002 3.150000000e+001 3.150000000e+001 4.630741481e-006 -6.000000000e+000 -6.000000000e+000 -3.487744021e-002 -9.043218577e+004 1.184748789e+005 -9.239532868e+005 -3.407948529e+005 1.999728938e+005 2.414603780e+003 -1.317759322e+006 -2.391446527e+006 
d 0.000000000e+000 0.000000000e+000 3.487269391e-002 3.200000000e+001 3.200000000e+001 4.643512780e-006 -6.000000000e+000 -6.000000000e+000 -3.487733742e-002 -9.042770025e+004 1.184409169e+005 -9.370926892e+005 -3.456047895e+005 1.999731154e+005 2.411319911e+003 -1.335475897e+006 -2.423613067e+006 
d 0.000000000e+000 0.000000000e+000 3.487257711e-002 3.250000000e+001 3.250000000e+001 4.656212790e-006 -6.000000000e+000 -6.000000000e+000 -3.487723333e-002 -9.042316613e+004 1.184071968e+005 -9.502331932e+005 -3.504150750e+005 1.999733395e+005 2.408054172e+003 -1.353192207e+006 -2.455779128e+006 
d 0.000000000e+000 0.000000000e+000 3.487245391e-002 3.300000000e+001 3.300000000e+001 4.668780618e-006 -6.000000000e+000 -6.000000000e+000 -3.487712269e-002 -9.041838057e+004 1.183739345e+005 -9.633745312e+005 -3.552256261e+005 1.999735762e+005 2.404821155e+003 -1.370908322e+006 -2.487944826e+006 
d 0.000000000e+000 0.000000000e+000 3.487233194e-002 3.350000000e+001 3.350000000e+001 4.681309276e-006 -6.000000000e+000 -6.000000000e+000 -3.487701325e-002 -9.041364258e+004 1.183408006e+005 -9.765170480e+005 -3.600365496e+005 1.999738105e+005 2.401598440e+003 -1.388624152e+006 -2.520110012e+006 
d 0.000000000e+000 0.000000000e+000 3.487220978e-002 3.400000000e+001 3.400000000e+001 4.693783133e-006 -6.000000000e+000 -6.000000000e+000 -3.487690356e-002 -9.040889691e+004 1.183078512e+005 -9.896606529e+005 -3.648478172e+005 1.999740452e+005 2.398389761e+003 -1.406339719e+006 -2.552274724e+006 
d 0.000000000e+000 0.000000000e+000 3.487208881e-002 3.450000000e+001 3.450000000e+001 4.706220190e-006 -6.000000000e+000 -6.000000000e+000 -3.487679503e-002 -9.040419792e+004 1.182750232e+005 -1.002805388e+006 -3.696594416e+005 1.999742776e+005 2.395190782e+003 -1.424055013e+006 -2.584438945e+006 
d 0.000000000e+000 0.000000000e+000 3.487197339e-002 3.500000000e+001 3.500000000e+001 4.718674272e-006 -6.000000000e+000 -6.000000000e+000 -3.487669207e-002 -9.039971568e+004 1.182421281e+005 -1.015951434e+006 -3.744714789e+005 1.999744991e+005 2.391988621e+003 -1.441769986e+006 -2.616602596e+006 
d 0.000000000e+000 0.000000000e+000 3.487185706e-002 3.550000000e+001 3.550000000e+001 4.731068539e-006 -6.000000000e+000 -6.000000000e+000 -3.487658813e-002 -9.039519732e+004 1.182094372e+005 -1.029098462e+006 -3.792838262e+005 1.999747224e+005 2.388801667e+003 -1.459484722e+006 -2.648765820e+006 
d 0.000000000e+000 0.000000000e+000 3.487173448e-002 3.600000000e+001 3.600000000e+001 4.743339273e-006 -6.000000000e+000 -6.000000000e+000 -3.487647782e-002 -9.039043398e+004 1.181771742e+005 -1.042246198e+006 -3.840963987e+005 1.999749580e+005 2.385645087e+003 -1.477199291e+006 -2.680928736e+006 
d 0.000000000e+000 0.000000000e+000 3.487161042e-002 3.650000000e+001 3.650000000e+001 4.755545012e-006 -6.000000000e+000 -6.000000000e+000 -3.487636596e-002 -9.038561184e+004 1.181451333e+005 -1.055394846e+006 -3.889092595e+005 1.999751966e+005 2.382504845e+003 -1.494913639e+006 -2.713091255e+006 
d 0.000000000e+000 0.000000000e+000 3.487149363e-002 3.700000000e+001 3.700000000e+001 4.767793645e-006 -6.000000000e+000 -6.000000000e+000 -3.487626142e-002 -9.038107469e+004 1.181129374e+005 -1.068544798e+006 -3.937225298e+005 1.999754209e+005 2.379355230e+003 -1.512627667e+006 -2.745253208e+006 
d 0.000000000e+000 0.000000000e+000 3.487153831e-002 3.750000000e+001 3.750000000e+001 4.781969139e-006 -6.000000000e+000 -6.000000000e+000 -3.487632028e-002 -9.038286503e+004 1.180740133e+005 -1.081703225e+006 -3.985384374e+005 1.999753270e+005 2.375748629e+003 -1.530339540e+006 -2.777411481e+006 
d 0.000000000e+000 0.000000000e+000 3.487156675e-002 3.800000000e+001 3.800000000e+001 4.795909329e-006 -6.000000000e+000 -6.000000000e+000 -3.487636266e-002 -9.038401879e+004 1.180359289e+005 -1.094861785e+006 -4.033543901e+005 1.999752652e+005 2.372200062e+003 -1.548051391e+006 -2.809569696e+006 
d 0.000000000e+000 0.000000000e+000 3.487161300e-002 3.850000000e+001 3.850000000e+001 4.810031430e-006 -6.000000000e+000 -6.000000000e+000 -3.487642304e-002 -9.038587021e+004 1.179972302e+005 -1.108022047e+006 -4.081708764e+005 1.999751682e+005 2.368610479e+003 -1.565762818e+006 -2.841727171e+006 
d 0.000000000e+000 0.000000000e+000 3.487164422e-002 3.900000000e+001 3.900000000e+001 4.823934274e-006 -6.000000000e+000 -6.000000000e+000 -3.487646815e-002 -9.038713219e+004 1.179593140e+005 -1.121182476e+006 -4.129874182e+005 1.999751010e+005 2.365074939e+003 -1.583474214e+006 -2.873884573e+006 
d 0.000000000e+000 0.000000000e+000 3.487167715e-002 3.950000000e+001 3.950000000e+001 4.837823944e-006 -6.000000000e+000 -6.000000000e+000 -3.487651497e-002 -9.038846118e+004 1.179214631e+005 -1.134343839e+006 -4.178042544e+005 1.999750303e+005 2.361544566e+003 -1.601185381e+006 -2.906041569e+006 
d 0.000000000e+000 0.000000000e+000 3.487170934e-002 4.000000000e+001 4.000000000e+001 4.851671250e-006 -6.000000000e+000 -6.000000000e+000 -3.487656101e-002 -9.038976089e+004 1.178837793e+005 -1.147506014e+006 -4.226213468e+005 1.999749612e+005 2.358026233e+003 -1.618896351e+006 -2.938198212e+006 
d 0.000000000e+000 0.000000000e+000 3.487174374e-002 4.050000000e+001 4.050000000e+001 4.865513640e-006 -6.000000000e+000 -6.000000000e+000 -3.487660925e-002 -9.039114715e+004 1.178461333e+005 -1.160669129e+006 -4.274387351e+005 1.999748877e+005 2.354511094e+003 -1.636607091e+006 -2.970354447e+006 
d 0.000000000e+000 0.000000000e+000 3.487177944e-002 4.100000000e+001 4.100000000e+001 4.879340902e-006 -6.000000000e+000 -6.000000000e+000 -3.487665878e-002 -9.039258404e+004 1.178085613e+005 -1.173833135e+006 -4.322564040e+005 1.999748117e+005 2.351001552e+003 -1.654317613e+006 -3.002510294e+006 
d 0.000000000e+000 0.000000000e+000 3.487182094e-002 4.150000000e+001 4.150000000e+001 4.893209939e-006 -6.000000000e+000 -6.000000000e+000 -3.487671415e-002 -9.039424810e+004 1.177708681e+005 -1.186998231e+006 -4.370744152e+005 1.999747243e+005 2.347484255e+003 -1.672027866e+006 -3.034665667e+006 
d 0.000000000e+000 0.000000000e+000 3.487185996e-002 4.200000000e+001 4.200000000e+001 4.907019202e-006 -6.000000000e+000 -6.000000000e+000 -3.487676698e-002 -9.039581476e+004 1.177334040e+005 -1.200164031e+006 -4.418926486e+005 1.999746418e+005 2.343983031e+003 -1.689737949e+006 -3.066820735e+006 
d 0.000000000e+000 0.000000000e+000 3.487189417e-002 4.250000000e+001 4.250000000e+001 4.920740435e-006 -6.000000000e+000 -6.000000000e+000 -3.487681491e-002 -9.039719273e+004 1.176962657e+005 -1.213330423e+006 -4.467110696e+005 1.999745688e+005 2.340504425e+003 -1.707447890e+006 -3.098975544e+006 
d 0.000000000e+000 0.000000000e+000 3.487192975e-002 4.300000000e+001 4.300000000e+001 4.934451275e-006 -6.000000000e+000 -6.000000000e+000 -3.487686420e-002 -9.039862435e+004 1.176591867e+005 -1.226497682e+006 -4.515297632e+005 1.999744932e+005 2.337030227e+003 -1.725157618e+006 -3.131129977e+006 
d 0.000000000e+000 0.000000000e+000 3.487196427e-002 4.350000000e+001 4.350000000e+001 4.948122285e-006 -6.000000000e+000 -6.000000000e+000 -3.487691240e-002 -9.040001437e+004 1.176222682e+005 -1.239665688e+006 -4.563486926e+005 1.999744196e+005 2.333567291e+003 -1.742867165e+006 -3.163284086e+006 
d 0.000000000e+000 0.000000000e+000 3.487197936e-002 4.400000000e+001 4.400000000e+001 4.961524216e-006 -6.000000000e+000 -6.000000000e+000 -3.487694089e-002 -9.040064259e+004 1.175862921e+005 -1.252833604e+006 -4.611675974e+005 1.999743844e+005 2.330168906e+003 -1.760576743e+006 -3.195438232e+006 
d 0.000000000e+000 0.000000000e+000 3.487199280e-002 4.450000000e+001 4.450000000e+001 4.974879383e-006 -6.000000000e+000 -6.000000000e+000 -3.487696767e-002 -9.040120577e+004 1.175504974e+005 -1.266002225e+006 -4.659867246e+005 1.999743524e+005 2.326783154e+003 -1.778286150e+006 -3.227592072e+006 
d 0.000000000e+000 0.000000000e+000 3.487200540e-002 4.500000000e+001 4.500000000e+001 4.988198773e-006 -6.000000000e+000 -6.000000000e+000 -3.487699360e-002 -9.040173637e+004 1.175148465e+005 -1.279171578e+006 -4.708060821e+005 1.999743221e+005 2.323407444e+003 -1.795995378e+006 -3.259745594e+006 
d 0.000000000e+000 0.000000000e+000 3.487202304e-002 4.550000000e+001 4.550000000e+001 5.001556727e-006 -6.000000000e+000 -6.000000000e+000 -3.487702460e-002 -9.040246415e+004 1.174790873e+005 -1.292341912e+006 -4.756257476e+005 1.999742819e+005 2.320024531e+003 -1.813704363e+006 -3.291898690e+006 
d 0.000000000e+000 0.000000000e+000 3.487204502e-002 4.600000000e+001 4.600000000e+001 5.014945370e-006 -6.000000000e+000 -6.000000000e+000 -3.487705996e-002 -9.040336167e+004 1.174432476e+005 -1.305513180e+006 -4.804457063e+005 1.999742332e+005 2.316636284e+003 -1.831413117e+006 -3.324051379e+006 
d 0.000000000e+000 0.000000000e+000 3.487206565e-002 4.650000000e+001 4.650000000e+001 5.028293882e-006 -6.000000000e+000 -6.000000000e+000 -3.487709394e-002 -9.040420636e+004 1.174075679e+005 -1.318685115e+006 -4.852658750e+005 1.999741871e+005 2.313259092e+003 -1.849121708e+006 -3.356203779e+006 
d 0.000000000e+000 0.000000000e+000 3.487207327e-002 4.700000000e+001 4.700000000e+001 5.041455223e-006 -6.000000000e+000 -6.000000000e+000 -3.487711472e-002 -9.040454100e+004 1.173725448e+005 -1.331857184e+006 -4.900860882e+005 1.999741667e+005 2.309926814e+003 -1.866830272e+006 -3.388356120e+006 
d 0.000000000e+000 0.000000000e+000 3.487208011e-002 4.750000000e+001 4.750000000e+001 5.054584016e-006 -6.000000000e+000 -6.000000000e+000 -3.487713469e-002 -9.040484500e+004 1.173376542e+005 -1.345029920e+006 -4.949065110e+005 1.999741479e+005 2.306603674e+003 -1.884538673e+006 -3.420508172e+006 
d 0.000000000e+000 0.000000000e+000 3.487208616e-002 4.800000000e+001 4.800000000e+001 5.067680513e-006 -6.000000000e+000 -6.000000000e+000 -3.487715384e-002 -9.040511770e+004 1.173028953e+005 -1.358203307e+006 -4.997271388e+005 1.999741307e+005 2.303289588e+003 -1.902246915e+006 -3.452659940e+006 
d 0.000000000e+000 0.000000000e+000 3.487209592e-002 4.850000000e+001 4.850000000e+001 5.080802477e-006 -6.000000000e+000 -6.000000000e+000 -3.487717672e-002 -9.040553586e+004 1.172680738e+005 -1.371377531e+006 -5.045480292e+005 1.999741061e+005 2.299971273e+003 -1.919954948e+006 -3.484811344e+006 
d 0.000000000e+000 0.000000000e+000 3.487211109e-002 4.900000000e+001 4.900000000e+001 5.093972224e-006 -6.000000000e+000 -6.000000000e+000 -3.487720506e-002 -9.040616596e+004 1.172331157e+005 -1.384552653e+006 -5.093692009e+005 1.999740709e+005 2.296643646e+003 -1.937662759e+006 -3.516962358e+006 
d 0.000000000e+000 0.000000000e+000 3.487212645e-002 4.950000000e+001 4.950000000e+001 5.107123939e-006 -6.000000000e+000 -6.000000000e+000 -3.487723357e-002 -9.040680308e+004 1.171982427e+005 -1.397728430e+006 -5.141905784e+005 1.999740354e+005 2.293321822e+003 -1.955370408e+006 -3.549113088e+006 
d 0.000000000e+000 0.000000000e+000 3.487214316e-002 5.000000000e+001 5.000000000e+001 5.120273059e-006 -6.000000000e+000 -6.000000000e+000 -3.487726343e-002 -9.040749308e+004 1.171634033e+005 -1.410904902e+006 -5.190121739e+005 1.999739972e+005 2.290002260e+003 -1.973077886e+006 -3.581263516e+006 
