v ATLAS
# This file was created by ATLAS version 5.28.1.R on Fri Jun 19 17:52:37 2026.
#SSF 2.0 generic
##############################################################################
#                    Copyright (c) 1984 - 2019                               #
#                    Silvaco Inc. All rights reserved                        #
#                                                                            #
# This file format and the following Key are copyright Silvaco Inc.          #
# You may not use, this format or key without reproducing this message in    #
# full and obtaining express written permission from Silvaco Inc.            #
#                                                                            #
# To obtain such permission please contact: Silvaco Inc.                     #
#                                           support@silvaco.com              #
#                                                                            #
# KEY=SVC86hn7562asdx                       PROD=345                         #
##############################################################################
y 3 700 711 15
z 3 0 300
f 3 "source" "drain" "gate" 
o 1 Ey_gate_source
o 2 Ey_gate_drain
o 3 Ey_field_plate
o 4 Ey_gate_drain_mid
o 5 Ex_gate_source
o 6 Ex_gate_drain
o 7 Ex_field_plate
o 8 Ex_gate_drain_mid
p 17 2 601 20 3 602 21 4 603 22 3000 3001 3002 3003 3004 3005 3006 3007 
d 0.000000000e+000 0.000000000e+000 -2.297777901e-005 5.000000000e-001 5.000000000e-001 1.859367409e-005 2.000000000e+000 2.000000000e+000 4.384104921e-006 1.087721566e+006 8.649163354e+005 2.785334504e+005 9.072479193e+004 -1.533792338e+004 3.182868024e+004 -2.877150302e+003 -6.814663881e+003 
d 0.000000000e+000 0.000000000e+000 -3.521506074e-005 1.000000000e+000 1.000000000e+000 3.124234441e-005 2.000000000e+000 2.000000000e+000 3.972716329e-006 1.086497827e+006 8.513400390e+005 1.691526740e+005 5.214522167e+004 -1.556006835e+004 3.085098761e+004 -9.423374888e+003 -1.609780548e+004 
d 0.000000000e+000 0.000000000e+000 -5.146580190e-005 1.500000000e+000 1.500000000e+000 4.775800585e-005 2.000000000e+000 2.000000000e+000 3.707796045e-006 1.084893332e+006 8.328405389e+005 1.710604578e+005 5.154459631e+004 -1.585402619e+004 2.954086861e+004 -1.311372779e+004 -2.062599958e+004 
d 0.000000000e+000 0.000000000e+000 -6.050233052e-005 2.000000000e+000 2.000000000e+000 5.684705532e-005 2.000000000e+000 2.000000000e+000 3.655275198e-006 1.084011099e+006 8.223043101e+005 1.625638262e+005 4.949728428e+004 -1.601696111e+004 2.880425431e+004 -1.905640323e+004 -2.698607623e+004 
d 0.000000000e+000 0.000000000e+000 -6.375597426e-005 2.500000000e+000 2.500000000e+000 6.011871239e-005 2.000000000e+000 2.000000000e+000 3.637261870e-006 1.083695185e+006 8.184702616e+005 1.297278312e+005 3.863604285e+004 -1.607552975e+004 2.853640338e+004 -3.214479228e+004 -4.655578983e+004 
d 0.000000000e+000 0.000000000e+000 -6.541507028e-005 3.000000000e+000 3.000000000e+000 6.178685168e-005 2.000000000e+000 2.000000000e+000 3.628218599e-006 1.083534475e+006 8.165071692e+005 1.048742147e+005 2.995417991e+004 -1.610536963e+004 2.839928899e+004 -4.731155019e+004 -7.334624038e+004 
d 0.000000000e+000 0.000000000e+000 -6.657199362e-005 3.500000000e+000 3.500000000e+000 6.295003057e-005 2.000000000e+000 2.000000000e+000 3.621963046e-006 1.083422560e+006 8.151349943e+005 8.514489874e+004 2.310749580e+004 -1.612616752e+004 2.830345881e+004 -6.327672688e+004 -1.025808322e+005 
d 0.000000000e+000 0.000000000e+000 -6.749529475e-005 4.000000000e+000 4.000000000e+000 6.387829380e-005 2.000000000e+000 2.000000000e+000 3.617000952e-006 1.083333343e+006 8.140381091e+005 6.768202463e+004 1.704432995e+004 -1.614275797e+004 2.822686048e+004 -7.966165304e+004 -1.328566512e+005 
d 0.000000000e+000 0.000000000e+000 -6.828011791e-005 4.500000000e+000 4.500000000e+000 6.466731644e-005 2.000000000e+000 2.000000000e+000 3.612801474e-006 1.083257569e+006 8.131043679e+005 5.141702117e+004 1.137182751e+004 -1.615685601e+004 2.816165910e+004 -9.631881161e+004 -1.636710979e+005 
d 0.000000000e+000 0.000000000e+000 -6.897152679e-005 5.000000000e+000 5.000000000e+000 6.536241042e-005 2.000000000e+000 2.000000000e+000 3.609116366e-006 1.083190866e+006 8.122807853e+005 3.588589980e+004 5.926210069e+003 -1.616927207e+004 2.810415300e+004 -1.131689341e+005 -1.948106289e+005 
d 0.000000000e+000 0.000000000e+000 -6.959448873e-005 5.500000000e+000 5.500000000e+000 6.598868189e-005 2.000000000e+000 2.000000000e+000 3.605806835e-006 1.083130805e+006 8.115379131e+005 2.085398534e+004 6.293408866e+002 -1.618045618e+004 2.805228489e+004 -1.301618211e+005 -2.261691100e+005 
d 0.000000000e+000 0.000000000e+000 -7.016501805e-005 6.000000000e+000 6.000000000e+000 6.656223312e-005 2.000000000e+000 2.000000000e+000 3.602784929e-006 1.083075835e+006 8.108569050e+005 6.182060639e+003 -4.562719065e+003 -1.619069633e+004 2.800473820e+004 -1.472627177e+005 -2.576844053e+005 
d 0.000000000e+000 0.000000000e+000 -7.069413221e-005 6.500000000e+000 6.500000000e+000 6.709414222e-005 2.000000000e+000 2.000000000e+000 3.599989985e-006 1.083024884e+006 8.102247685e+005 -8.225423831e+003 -9.679422530e+003 -1.620019083e+004 2.796060533e+004 -1.644465443e+005 -2.893142613e+005 
d 0.000000000e+000 0.000000000e+000 -7.119099397e-005 7.000000000e+000 7.000000000e+000 6.759361629e-005 2.000000000e+000 2.000000000e+000 3.597377682e-006 1.082977089e+006 8.096310418e+005 -2.244031705e+004 -1.474278910e+004 -1.620910018e+004 2.791915567e+004 -1.816944321e+005 -3.210271567e+005 
d 0.000000000e+000 0.000000000e+000 -7.166009587e-005 7.500000000e+000 7.500000000e+000 6.806517868e-005 2.000000000e+000 2.000000000e+000 3.594917210e-006 1.082931989e+006 8.090700667e+005 -3.650917267e+004 -1.976678080e+004 -1.621750970e+004 2.787999384e+004 -1.989936723e+005 -3.528028487e+005 
d 0.000000000e+000 0.000000000e+000 -7.210563840e-005 8.000000000e+000 8.000000000e+000 6.851305312e-005 2.000000000e+000 2.000000000e+000 3.592585277e-006 1.082889175e+006 8.085368723e+005 -5.046554896e+004 -2.476124096e+004 -1.622549517e+004 2.784277260e+004 -2.163346850e+005 -3.846268560e+005 
d 0.000000000e+000 0.000000000e+000 -7.253103940e-005 8.500000000e+000 8.500000000e+000 6.894067541e-005 2.000000000e+000 2.000000000e+000 3.590363992e-006 1.082848319e+006 8.080274768e+005 -6.433306668e+004 -2.973296234e+004 -1.623311748e+004 2.780721384e+004 -2.337103792e+005 -4.164890022e+005 
d 0.000000000e+000 0.000000000e+000 -7.293888540e-005 9.000000000e+000 9.000000000e+000 6.935064606e-005 2.000000000e+000 2.000000000e+000 3.588239344e-006 1.082809172e+006 8.075388397e+005 -7.812824049e+004 -3.468665028e+004 -1.624042303e+004 2.777310518e+004 -2.511155770e+005 -4.483821268e+005 
d 0.000000000e+000 0.000000000e+000 -7.333101679e-005 9.500000000e+000 9.500000000e+000 6.974481661e-005 2.000000000e+000 2.000000000e+000 3.586200185e-006 1.082771550e+006 8.070687276e+005 -9.186253067e+004 -3.962557512e+004 -1.624744575e+004 2.774029057e+004 -2.685465531e+005 -4.803011934e+005 
d 0.000000000e+000 0.000000000e+000 -7.370922217e-005 1.000000000e+001 1.000000000e+001 7.012498502e-005 2.000000000e+000 2.000000000e+000 3.584237143e-006 1.082735281e+006 8.066150557e+005 -1.055449089e+005 -4.455234282e+004 -1.625421751e+004 2.770862439e+004 -2.860003839e+005 -5.122422046e+005 
d 0.000000000e+000 0.000000000e+000 -7.407981160e-005 1.050000000e+001 1.050000000e+001 7.049747251e-005 2.000000000e+000 2.000000000e+000 3.582339088e-006 1.082699854e+006 8.061717650e+005 -1.191913828e+005 -4.947183461e+004 -1.626083374e+004 2.767768482e+004 -3.034725460e+005 -5.441980979e+005 
d 0.000000000e+000 0.000000000e+000 -7.443914159e-005 1.100000000e+001 1.100000000e+001 7.085863892e-005 2.000000000e+000 2.000000000e+000 3.580502664e-006 1.082665525e+006 8.057417795e+005 -1.327980520e+005 -5.438266297e+004 -1.626724670e+004 2.764767487e+004 -3.209634093e+005 -5.761704891e+005 
d 0.000000000e+000 0.000000000e+000 -7.478825984e-005 1.150000000e+001 1.150000000e+001 7.120953764e-005 2.000000000e+000 2.000000000e+000 3.578722204e-006 1.082632191e+006 8.053238661e+005 -1.463694466e+005 -5.928607113e+004 -1.627347522e+004 2.761850841e+004 -3.384712802e+005 -6.081573642e+005 
d 0.000000000e+000 0.000000000e+000 -7.512796611e-005 1.200000000e+001 1.200000000e+001 7.155097321e-005 2.000000000e+000 2.000000000e+000 3.576992899e-006 1.082599772e+006 8.049170544e+005 -1.599093263e+005 -6.418301208e+004 -1.627953404e+004 2.759011761e+004 -3.559946038e+005 -6.401570855e+005 
d 0.000000000e+000 0.000000000e+000 -7.545904343e-005 1.250000000e+001 1.250000000e+001 7.188373291e-005 2.000000000e+000 2.000000000e+000 3.575310523e-006 1.082568194e+006 8.045204227e+005 -1.734212263e+005 -6.907432560e+004 -1.628543722e+004 2.756243808e+004 -3.735318372e+005 -6.721681498e+005 
d 0.000000000e+000 0.000000000e+000 -7.578219645e-005 1.300000000e+001 1.300000000e+001 7.220852507e-005 2.000000000e+000 2.000000000e+000 3.573671382e-006 1.082537388e+006 8.041331484e+005 -1.869083685e+005 -7.396072774e+004 -1.629119732e+004 2.753541238e+004 -3.910814982e+005 -7.041892153e+005 
d 0.000000000e+000 0.000000000e+000 -7.609865641e-005 1.350000000e+001 1.350000000e+001 7.252658460e-005 2.000000000e+000 2.000000000e+000 3.572071810e-006 1.082507248e+006 8.037539620e+005 -2.003747715e+005 -7.884317952e+004 -1.629683405e+004 2.750895205e+004 -4.086419240e+005 -7.362186088e+005 
d 0.000000000e+000 0.000000000e+000 -7.640833640e-005 1.400000000e+001 1.400000000e+001 7.283782699e-005 2.000000000e+000 2.000000000e+000 3.570509408e-006 1.082477771e+006 8.033827938e+005 -2.138218166e+005 -8.372182719e+004 -1.630234814e+004 2.748305202e+004 -4.262121502e+005 -7.682558080e+005 
d 0.000000000e+000 0.000000000e+000 -7.671166795e-005 1.450000000e+001 1.450000000e+001 7.314268625e-005 2.000000000e+000 2.000000000e+000 3.568981698e-006 1.082448913e+006 8.030191271e+005 -2.272516564e+005 -8.859708366e+004 -1.630774746e+004 2.745767619e+004 -4.437910859e+005 -8.002999537e+005 
d 0.000000000e+000 0.000000000e+000 -7.700895263e-005 1.500000000e+001 1.500000000e+001 7.344146609e-005 2.000000000e+000 2.000000000e+000 3.567486539e-006 1.082420643e+006 8.026625761e+005 -2.406660131e+005 -9.346925732e+004 -1.631303783e+004 2.743279755e+004 -4.613778209e+005 -8.323503686e+005 
d 0.000000000e+000 0.000000000e+000 -7.729908583e-005 1.550000000e+001 1.550000000e+001 7.373306283e-005 2.000000000e+000 2.000000000e+000 3.566023002e-006 1.082393036e+006 8.023140228e+005 -2.540638764e+005 -9.833783358e+004 -1.631820510e+004 2.740847708e+004 -4.789722010e+005 -8.644075558e+005 
d 0.000000000e+000 0.000000000e+000 -7.758382268e-005 1.600000000e+001 1.600000000e+001 7.401923441e-005 2.000000000e+000 2.000000000e+000 3.564588278e-006 1.082365953e+006 8.019718048e+005 -2.674492892e+005 -1.032039110e+005 -1.632327535e+004 2.738459921e+004 -4.965728826e+005 -8.964698150e+005 
d 0.000000000e+000 0.000000000e+000 -7.786352536e-005 1.650000000e+001 1.650000000e+001 7.430034467e-005 2.000000000e+000 2.000000000e+000 3.563180695e-006 1.082339359e+006 8.016355129e+005 -2.808235978e+005 -1.080677713e+005 -1.632825488e+004 2.736113540e+004 -5.141792552e+005 -9.285366105e+005 
d 0.000000000e+000 0.000000000e+000 -7.813852036e-005 1.700000000e+001 1.700000000e+001 7.457672163e-005 2.000000000e+000 2.000000000e+000 3.561798727e-006 1.082313224e+006 8.013047774e+005 -2.941879605e+005 -1.129296615e+005 -1.633314934e+004 2.733805984e+004 -5.317908079e+005 -9.606074817e+005 
d 0.000000000e+000 0.000000000e+000 -7.841331623e-005 1.750000000e+001 1.750000000e+001 7.485287834e-005 2.000000000e+000 2.000000000e+000 3.560437890e-006 1.082287208e+006 8.009755048e+005 -3.075508951e+005 -1.177921489e+005 -1.633802312e+004 2.731508864e+004 -5.494052248e+005 -9.926787639e+005 
d 0.000000000e+000 0.000000000e+000 -7.868380047e-005 1.800000000e+001 1.800000000e+001 7.512470040e-005 2.000000000e+000 2.000000000e+000 3.559100068e-006 1.082261612e+006 8.006512978e+005 -3.209053868e+005 -1.226529598e+005 -1.634281920e+004 2.729247147e+004 -5.670241150e+005 -1.024753537e+006 
d 0.000000000e+000 0.000000000e+000 -7.895024297e-005 1.850000000e+001 1.850000000e+001 7.539245893e-005 2.000000000e+000 2.000000000e+000 3.557784037e-006 1.082236411e+006 8.003318524e+005 -3.342522410e+005 -1.275122785e+005 -1.634754223e+004 2.727018709e+004 -5.846471511e+005 -1.056831479e+006 
d 0.000000000e+000 0.000000000e+000 -7.921290582e-005 1.900000000e+001 1.900000000e+001 7.565641718e-005 2.000000000e+000 2.000000000e+000 3.556488642e-006 1.082211580e+006 8.000168753e+005 -3.475921939e+005 -1.323702759e+005 -1.635219673e+004 2.724821505e+004 -6.022740359e+005 -1.088912290e+006 
d 0.000000000e+000 0.000000000e+000 -7.947193520e-005 1.950000000e+001 1.950000000e+001 7.591672233e-005 2.000000000e+000 2.000000000e+000 3.555212874e-006 1.082187105e+006 7.997061800e+005 -3.609257341e+005 -1.372270517e+005 -1.635678549e+004 2.722654229e+004 -6.199045411e+005 -1.120995779e+006 
d 0.000000000e+000 0.000000000e+000 -7.972756947e-005 2.000000000e+001 2.000000000e+001 7.617361376e-005 2.000000000e+000 2.000000000e+000 3.553955712e-006 1.082162963e+006 7.993995012e+005 -3.742534791e+005 -1.420827494e+005 -1.636131259e+004 2.720515031e+004 -6.375384080e+005 -1.153081690e+006 
d 0.000000000e+000 0.000000000e+000 -7.997984641e-005 2.050000000e+001 2.050000000e+001 7.642713007e-005 2.000000000e+000 2.000000000e+000 3.552716339e-006 1.082139148e+006 7.990967556e+005 -3.875756694e+005 -1.469373977e+005 -1.636577923e+004 2.718403322e+004 -6.551754728e+005 -1.185169934e+006 
d 0.000000000e+000 0.000000000e+000 -8.032191132e-005 2.100000000e+001 2.100000000e+001 7.677048733e-005 2.000000000e+000 2.000000000e+000 3.551423984e-006 1.082108828e+006 7.987150866e+005 -4.010537423e+005 -1.518413526e+005 -1.637148485e+004 2.715745575e+004 -6.727749548e+005 -1.217190366e+006 
d 0.000000000e+000 0.000000000e+000 -8.066169358e-005 2.150000000e+001 2.150000000e+001 7.711154743e-005 2.000000000e+000 2.000000000e+000 3.550146150e-006 1.082078789e+006 7.983364481e+005 -4.145268128e+005 -1.567443316e+005 -1.637714154e+004 2.713109357e+004 -6.903772584e+005 -1.249212909e+006 
d 0.000000000e+000 0.000000000e+000 -8.099930789e-005 2.200000000e+001 2.200000000e+001 7.745042576e-005 2.000000000e+000 2.000000000e+000 3.548882125e-006 1.082049020e+006 7.979607000e+005 -4.279952090e+005 -1.616463972e+005 -1.638275140e+004 2.710493686e+004 -7.079821996e+005 -1.281237428e+006 
d 0.000000000e+000 0.000000000e+000 -8.133606407e-005 2.250000000e+001 2.250000000e+001 7.778843375e-005 2.000000000e+000 2.000000000e+000 3.547630313e-006 1.082019423e+006 7.975866485e+005 -4.414612772e+005 -1.665482425e+005 -1.638833301e+004 2.707890291e+004 -7.255890857e+005 -1.313262907e+006 
d 0.000000000e+000 0.000000000e+000 -8.167098248e-005 2.300000000e+001 2.300000000e+001 7.812459154e-005 2.000000000e+000 2.000000000e+000 3.546390939e-006 1.081990067e+006 7.972151322e+005 -4.549234378e+005 -1.714493372e+005 -1.639387317e+004 2.705304964e+004 -7.431982166e+005 -1.345290037e+006 
d 0.000000000e+000 0.000000000e+000 -8.200417314e-005 2.350000000e+001 2.350000000e+001 7.845900969e-005 2.000000000e+000 2.000000000e+000 3.545163444e-006 1.081960942e+006 7.968460262e+005 -4.683819749e+005 -1.763497347e+005 -1.639937378e+004 2.702736829e+004 -7.608094272e+005 -1.377318699e+006 
d 0.000000000e+000 0.000000000e+000 -8.233543784e-005 2.400000000e+001 2.400000000e+001 7.879149028e-005 2.000000000e+000 2.000000000e+000 3.543947561e-006 1.081932061e+006 7.964794804e+005 -4.818366486e+005 -1.812493276e+005 -1.640483246e+004 2.700186909e+004 -7.784226904e+005 -1.409349001e+006 
d 0.000000000e+000 0.000000000e+000 -8.266574652e-005 2.450000000e+001 2.450000000e+001 7.912300440e-005 2.000000000e+000 2.000000000e+000 3.542742123e-006 1.081903352e+006 7.961146184e+005 -4.952891593e+005 -1.861486161e+005 -1.641026279e+004 2.697649142e+004 -7.960374962e+005 -1.441380206e+006 
d 0.000000000e+000 0.000000000e+000 -8.299473215e-005 2.500000000e+001 2.500000000e+001 7.945318509e-005 2.000000000e+000 2.000000000e+000 3.541547065e-006 1.081874841e+006 7.957517455e+005 -5.087389596e+005 -1.910474022e+005 -1.641565998e+004 2.695125629e+004 -8.136539097e+005 -1.473412555e+006 
d 0.000000000e+000 0.000000000e+000 -8.332228558e-005 2.550000000e+001 2.550000000e+001 7.978192342e-005 2.000000000e+000 2.000000000e+000 3.540362153e-006 1.081846534e+006 7.953909406e+005 -5.221859344e+005 -1.959456253e+005 -1.642102276e+004 2.692616905e+004 -8.312718945e+005 -1.505446100e+006 
d 0.000000000e+000 0.000000000e+000 -8.364844172e-005 2.600000000e+001 2.600000000e+001 8.010925466e-005 2.000000000e+000 2.000000000e+000 3.539187062e-006 1.081818427e+006 7.950321570e+005 -5.356302019e+005 -2.008433004e+005 -1.642635184e+004 2.690122639e+004 -8.488913631e+005 -1.537480794e+006 
d 0.000000000e+000 0.000000000e+000 -8.397333704e-005 2.650000000e+001 2.650000000e+001 8.043531564e-005 2.000000000e+000 2.000000000e+000 3.538021401e-006 1.081790510e+006 7.946752608e+005 -5.490720375e+005 -2.057404939e+005 -1.643164925e+004 2.687641900e+004 -8.665121950e+005 -1.569516519e+006 
d 0.000000000e+000 0.000000000e+000 -8.429702838e-005 2.700000000e+001 2.700000000e+001 8.076016353e-005 2.000000000e+000 2.000000000e+000 3.536864856e-006 1.081762778e+006 7.943201889e+005 -5.625115766e+005 -2.106372311e+005 -1.643691596e+004 2.685174242e+004 -8.841343115e+005 -1.601553218e+006 
d 0.000000000e+000 0.000000000e+000 -8.461973099e-005 2.750000000e+001 2.750000000e+001 8.108401400e-005 2.000000000e+000 2.000000000e+000 3.535716991e-006 1.081735215e+006 7.939667407e+005 -5.759491993e+005 -2.155336153e+005 -1.644215502e+004 2.682718278e+004 -9.017575778e+005 -1.633590728e+006 
d 0.000000000e+000 0.000000000e+000 -8.494131761e-005 2.800000000e+001 2.800000000e+001 8.140673995e-005 2.000000000e+000 2.000000000e+000 3.534577667e-006 1.081707828e+006 7.936150153e+005 -5.893847269e+005 -2.204295774e+005 -1.644736487e+004 2.680274681e+004 -9.193820052e+005 -1.665629129e+006 
d 0.000000000e+000 0.000000000e+000 -8.526153164e-005 2.850000000e+001 2.850000000e+001 8.172808477e-005 2.000000000e+000 2.000000000e+000 3.533446868e-006 1.081680635e+006 7.932652231e+005 -6.028177748e+005 -2.253249860e+005 -1.645254226e+004 2.677844892e+004 -9.370076613e+005 -1.697668589e+006 
d 0.000000000e+000 0.000000000e+000 -8.558378652e-005 2.900000000e+001 2.900000000e+001 8.205146516e-005 2.000000000e+000 2.000000000e+000 3.532321359e-006 1.081653402e+006 7.929143917e+005 -6.162537200e+005 -2.302215064e+005 -1.645773284e+004 2.675408447e+004 -9.546331578e+005 -1.729706775e+006 
d 0.000000000e+000 0.000000000e+000 -8.590510973e-005 2.950000000e+001 2.950000000e+001 8.237390625e-005 2.000000000e+000 2.000000000e+000 3.531203479e-006 1.081626333e+006 7.925650948e+005 -6.296878450e+005 -2.351176585e+005 -1.646289691e+004 2.672983060e+004 -9.722596652e+005 -1.761745738e+006 
d 0.000000000e+000 0.000000000e+000 -8.622543486e-005 3.000000000e+001 3.000000000e+001 8.269534181e-005 2.000000000e+000 2.000000000e+000 3.530093053e-006 1.081599432e+006 7.922173778e+005 -6.431200463e+005 -2.400134016e+005 -1.646803377e+004 2.670569034e+004 -9.898871883e+005 -1.793785523e+006 
d 0.000000000e+000 0.000000000e+000 -8.654486641e-005 3.050000000e+001 3.050000000e+001 8.301587665e-005 2.000000000e+000 2.000000000e+000 3.528989761e-006 1.081572690e+006 7.918711379e+005 -6.565504824e+005 -2.449087771e+005 -1.647314495e+004 2.668165653e+004 -1.007515666e+006 -1.825826064e+006 
d 0.000000000e+000 0.000000000e+000 -8.686378474e-005 3.100000000e+001 3.100000000e+001 8.333589171e-005 2.000000000e+000 2.000000000e+000 3.527893031e-006 1.081546080e+006 7.915260356e+005 -6.699797264e+005 -2.498039561e+005 -1.647823561e+004 2.665770576e+004 -1.025144935e+006 -1.857867111e+006 
d 0.000000000e+000 0.000000000e+000 -8.718214077e-005 3.150000000e+001 3.150000000e+001 8.365533809e-005 2.000000000e+000 2.000000000e+000 3.526802680e-006 1.081519607e+006 7.911821028e+005 -6.834076820e+005 -2.546989015e+005 -1.648330521e+004 2.663384013e+004 -1.042775000e+006 -1.889908709e+006 
d 0.000000000e+000 0.000000000e+000 -8.750014168e-005 3.200000000e+001 3.200000000e+001 8.397442338e-005 2.000000000e+000 2.000000000e+000 3.525718299e-006 1.081493256e+006 7.908391515e+005 -6.968346408e+005 -2.595936971e+005 -1.648835657e+004 2.661004667e+004 -1.060405768e+006 -1.921950731e+006 
d 0.000000000e+000 0.000000000e+000 -8.781760926e-005 3.250000000e+001 3.250000000e+001 8.429296942e-005 2.000000000e+000 2.000000000e+000 3.524639838e-006 1.081467038e+006 7.904973249e+005 -7.102603081e+005 -2.644882444e+005 -1.649338745e+004 2.658633514e+004 -1.078037298e+006 -1.953993305e+006 
d 0.000000000e+000 0.000000000e+000 -8.813474701e-005 3.300000000e+001 3.300000000e+001 8.461118011e-005 2.000000000e+000 2.000000000e+000 3.523566907e-006 1.081440940e+006 7.901564401e+005 -7.236849656e+005 -2.693826248e+005 -1.649840059e+004 2.656269290e+004 -1.095669498e+006 -1.986036311e+006 
d 0.000000000e+000 0.000000000e+000 -8.845152542e-005 3.350000000e+001 3.350000000e+001 8.492902608e-005 2.000000000e+000 2.000000000e+000 3.522499342e-006 1.081414962e+006 7.898165143e+005 -7.371085433e+005 -2.742768098e+005 -1.650339568e+004 2.653912107e+004 -1.113302370e+006 -2.018079778e+006 
d 0.000000000e+000 0.000000000e+000 -8.876785545e-005 3.400000000e+001 3.400000000e+001 8.524641840e-005 2.000000000e+000 2.000000000e+000 3.521437048e-006 1.081389112e+006 7.894776162e+005 -7.505308870e+005 -2.791707453e+005 -1.650837163e+004 2.651562429e+004 -1.130935935e+006 -2.050123774e+006 
d 0.000000000e+000 0.000000000e+000 -8.908379665e-005 3.450000000e+001 3.450000000e+001 8.556341685e-005 2.000000000e+000 2.000000000e+000 3.520379804e-006 1.081363384e+006 7.891396884e+005 -7.639520649e+005 -2.840644464e+005 -1.651332927e+004 2.649219855e+004 -1.148570159e+006 -2.082168270e+006 
d 0.000000000e+000 0.000000000e+000 -8.939973595e-005 3.500000000e+001 3.500000000e+001 8.588040886e-005 2.000000000e+000 2.000000000e+000 3.519327087e-006 1.081337753e+006 7.888023980e+005 -7.773726192e+005 -2.889580759e+005 -1.651827358e+004 2.646882097e+004 -1.166204886e+006 -2.114213031e+006 
d 0.000000000e+000 0.000000000e+000 -8.971533804e-005 3.550000000e+001 3.550000000e+001 8.619705897e-005 2.000000000e+000 2.000000000e+000 3.518279075e-006 1.081312243e+006 7.884660258e+005 -7.907920399e+005 -2.938514693e+005 -1.652320028e+004 2.644551071e+004 -1.183840231e+006 -2.146258278e+006 
d 0.000000000e+000 0.000000000e+000 -9.003077360e-005 3.600000000e+001 3.600000000e+001 8.651353812e-005 2.000000000e+000 2.000000000e+000 3.517235474e-006 1.081286840e+006 7.881304243e+005 -8.042105556e+005 -2.987446921e+005 -1.652811154e+004 2.642225763e+004 -1.201476118e+006 -2.178303912e+006 
d 0.000000000e+000 0.000000000e+000 -9.034602741e-005 3.650000000e+001 3.650000000e+001 8.682983123e-005 2.000000000e+000 2.000000000e+000 3.516196181e-006 1.081261548e+006 7.877956050e+005 -8.176281259e+005 -3.036377266e+005 -1.653300714e+004 2.639906244e+004 -1.219112544e+006 -2.210349952e+006 
d 0.000000000e+000 0.000000000e+000 -9.066126793e-005 3.700000000e+001 3.700000000e+001 8.714610701e-005 2.000000000e+000 2.000000000e+000 3.515160922e-006 1.081236356e+006 7.874614258e+005 -8.310449719e+005 -3.085306365e+005 -1.653788919e+004 2.637591536e+004 -1.236749437e+006 -2.242396300e+006 
d 0.000000000e+000 0.000000000e+000 -9.097645525e-005 3.750000000e+001 3.750000000e+001 8.746232561e-005 2.000000000e+000 2.000000000e+000 3.514129637e-006 1.081211267e+006 7.871279210e+005 -8.444610175e+005 -3.134233931e+005 -1.654275710e+004 2.635281870e+004 -1.254386804e+006 -2.274442991e+006 
d 0.000000000e+000 0.000000000e+000 -9.129177917e-005 3.800000000e+001 3.800000000e+001 8.777867713e-005 2.000000000e+000 2.000000000e+000 3.513102045e-006 1.081186269e+006 7.867949338e+005 -8.578765085e+005 -3.183160686e+005 -1.654761318e+004 2.632976167e+004 -1.272024568e+006 -2.306489918e+006 
d 0.000000000e+000 0.000000000e+000 -9.160723839e-005 3.850000000e+001 3.850000000e+001 8.809516033e-005 2.000000000e+000 2.000000000e+000 3.512078062e-006 1.081161365e+006 7.864624688e+005 -8.712914202e+005 -3.232086509e+005 -1.655245730e+004 2.630674455e+004 -1.289662723e+006 -2.338537092e+006 
d 0.000000000e+000 0.000000000e+000 -9.192255785e-005 3.900000000e+001 3.900000000e+001 8.841149996e-005 2.000000000e+000 2.000000000e+000 3.511057884e-006 1.081136570e+006 7.861307583e+005 -8.847053535e+005 -3.281010119e+005 -1.655728593e+004 2.628378317e+004 -1.307301361e+006 -2.370584685e+006 
d 0.000000000e+000 0.000000000e+000 -9.223755287e-005 3.950000000e+001 3.950000000e+001 8.872751124e-005 2.000000000e+000 2.000000000e+000 3.510041628e-006 1.081111898e+006 7.857999582e+005 -8.981180437e+005 -3.329930653e+005 -1.656209673e+004 2.626088812e+004 -1.324940536e+006 -2.402632814e+006 
d 0.000000000e+000 0.000000000e+000 -9.255219941e-005 4.000000000e+001 4.000000000e+001 8.904317016e-005 2.000000000e+000 2.000000000e+000 3.509029255e-006 1.081087349e+006 7.854700903e+005 -9.115294502e+005 -3.378847951e+005 -1.656688931e+004 2.623806083e+004 -1.342580250e+006 -2.434681496e+006 
d 0.000000000e+000 0.000000000e+000 -9.286642746e-005 4.050000000e+001 4.050000000e+001 8.935840668e-005 2.000000000e+000 2.000000000e+000 3.508020781e-006 1.081062929e+006 7.851412149e+005 -9.249394716e+005 -3.427761666e+005 -1.657166278e+004 2.621530532e+004 -1.360220520e+006 -2.466730775e+006 
d 0.000000000e+000 0.000000000e+000 -9.318075591e-005 4.100000000e+001 4.100000000e+001 8.967374028e-005 2.000000000e+000 2.000000000e+000 3.507015626e-006 1.081038607e+006 7.848129078e+005 -9.383487921e+005 -3.476673897e+005 -1.657642338e+004 2.619259258e+004 -1.377861163e+006 -2.498780355e+006 
d 0.000000000e+000 0.000000000e+000 -9.349531284e-005 4.150000000e+001 4.150000000e+001 8.998929924e-005 2.000000000e+000 2.000000000e+000 3.506013604e-006 1.081014377e+006 7.844850706e+005 -9.517575595e+005 -3.525585076e+005 -1.658117251e+004 2.616991583e+004 -1.395502133e+006 -2.530830170e+006 
d 0.000000000e+000 0.000000000e+000 -9.380929444e-005 4.200000000e+001 4.200000000e+001 9.030427895e-005 2.000000000e+000 2.000000000e+000 3.505015487e-006 1.080990287e+006 7.841583670e+005 -9.651646961e+005 -3.574491825e+005 -1.658590031e+004 2.614732029e+004 -1.413143698e+006 -2.562880690e+006 
d 0.000000000e+000 0.000000000e+000 -9.412345826e-005 4.250000000e+001 4.250000000e+001 9.061943780e-005 2.000000000e+000 2.000000000e+000 3.504020455e-006 1.080966293e+006 7.838321826e+005 -9.785711846e+005 -3.623397177e+005 -1.659061581e+004 2.612476396e+004 -1.430785600e+006 -2.594931488e+006 
d 0.000000000e+000 0.000000000e+000 -9.443775936e-005 4.300000000e+001 4.300000000e+001 9.093473085e-005 2.000000000e+000 2.000000000e+000 3.503028510e-006 1.080942398e+006 7.835065618e+005 -9.919769427e+005 -3.672300854e+005 -1.659531829e+004 2.610224982e+004 -1.448427855e+006 -2.626982599e+006 
d 0.000000000e+000 0.000000000e+000 -9.475007220e-005 4.350000000e+001 4.350000000e+001 9.124803039e-005 2.000000000e+000 2.000000000e+000 3.502041810e-006 1.080918725e+006 7.831832318e+005 -1.005379229e+006 -3.721194307e+005 -1.659998234e+004 2.607989554e+004 -1.466071155e+006 -2.659035214e+006 
d 0.000000000e+000 0.000000000e+000 -9.506276813e-005 4.400000000e+001 4.400000000e+001 9.156171025e-005 2.000000000e+000 2.000000000e+000 3.501057873e-006 1.080895139e+006 7.828602729e+005 -1.018781093e+006 -3.770087004e+005 -1.660463616e+004 2.605757012e+004 -1.483714718e+006 -2.691088009e+006 
d 0.000000000e+000 0.000000000e+000 -9.537561584e-005 4.450000000e+001 4.450000000e+001 9.187553894e-005 2.000000000e+000 2.000000000e+000 3.500076901e-006 1.080871653e+006 7.825378817e+005 -1.032182212e+006 -3.818977927e+005 -1.660927678e+004 2.603528688e+004 -1.501358622e+006 -2.723141124e+006 
d 0.000000000e+000 0.000000000e+000 -9.568918392e-005 4.500000000e+001 4.500000000e+001 9.219008566e-005 2.000000000e+000 2.000000000e+000 3.499098266e-006 1.080848239e+006 7.822156124e+005 -1.045583271e+006 -3.867869191e+005 -1.661391064e+004 2.601301538e+004 -1.519002688e+006 -2.755194262e+006 
d 0.000000000e+000 0.000000000e+000 -9.600201223e-005 4.550000000e+001 4.550000000e+001 9.250388877e-005 2.000000000e+000 2.000000000e+000 3.498123459e-006 1.080824977e+006 7.818946442e+005 -1.058982422e+006 -3.916755024e+005 -1.661852045e+004 2.599083588e+004 -1.536647381e+006 -2.787248226e+006 
d 0.000000000e+000 0.000000000e+000 -9.631523339e-005 4.600000000e+001 4.600000000e+001 9.281808212e-005 2.000000000e+000 2.000000000e+000 3.497151271e-006 1.080801807e+006 7.815740798e+005 -1.072381057e+006 -3.965639748e+005 -1.662311923e+004 2.596868713e+004 -1.554292343e+006 -2.819302410e+006 
d 0.000000000e+000 0.000000000e+000 -9.662805368e-005 4.650000000e+001 4.650000000e+001 9.313187117e-005 2.000000000e+000 2.000000000e+000 3.496182508e-006 1.080778773e+006 7.812545605e+005 -1.085778177e+006 -4.014520241e+005 -1.662769760e+004 2.594661270e+004 -1.571937826e+006 -2.851357250e+006 
d 0.000000000e+000 0.000000000e+000 -9.694204107e-005 4.700000000e+001 4.700000000e+001 9.344682557e-005 2.000000000e+000 2.000000000e+000 3.495215501e-006 1.080755793e+006 7.809348562e+005 -1.099175667e+006 -4.063402354e+005 -1.663227331e+004 2.592452876e+004 -1.589583344e+006 -2.883411925e+006 
d 0.000000000e+000 0.000000000e+000 -9.725661345e-005 4.750000000e+001 4.750000000e+001 9.376236261e-005 2.000000000e+000 2.000000000e+000 3.494250841e-006 1.080732899e+006 7.806154456e+005 -1.112572774e+006 -4.112283729e+005 -1.663683927e+004 2.590246779e+004 -1.607229086e+006 -2.915466765e+006 
d 0.000000000e+000 0.000000000e+000 -9.757200651e-005 4.800000000e+001 4.800000000e+001 9.407871825e-005 2.000000000e+000 2.000000000e+000 3.493288262e-006 1.080710082e+006 7.802961615e+005 -1.125969739e+006 -4.161165101e+005 -1.664139776e+004 2.588041832e+004 -1.624874988e+006 -2.947521663e+006 
d 0.000000000e+000 0.000000000e+000 -9.788821946e-005 4.850000000e+001 4.850000000e+001 9.439589170e-005 2.000000000e+000 2.000000000e+000 3.492327755e-006 1.080687344e+006 7.799770252e+005 -1.139366513e+006 -4.210046310e+005 -1.664594834e+004 2.585838168e+004 -1.642521058e+006 -2.979576641e+006 
d 0.000000000e+000 0.000000000e+000 -9.820509847e-005 4.900000000e+001 4.900000000e+001 9.471372900e-005 2.000000000e+000 2.000000000e+000 3.491369475e-006 1.080664697e+006 7.796581779e+005 -1.152762869e+006 -4.258926639e+005 -1.665048881e+004 2.583636732e+004 -1.660167351e+006 -3.011631798e+006 
d 0.000000000e+000 0.000000000e+000 -9.852254117e-005 4.950000000e+001 4.950000000e+001 9.503212764e-005 2.000000000e+000 2.000000000e+000 3.490413532e-006 1.080642147e+006 7.793397200e+005 -1.166158648e+006 -4.307805575e+005 -1.665501759e+004 2.581438195e+004 -1.677813903e+006 -3.043687204e+006 
d 0.000000000e+000 0.000000000e+000 -9.884069996e-005 5.000000000e+001 5.000000000e+001 9.535124019e-005 2.000000000e+000 2.000000000e+000 3.489459772e-006 1.080619690e+006 7.790215565e+005 -1.179553983e+006 -4.356683527e+005 -1.665953587e+004 2.579241892e+004 -1.695460678e+006 -3.075742799e+006 
