v ATLAS
# This file was created by ATLAS version 5.28.1.R on Fri Jun 19 17:46:04 2026.
#SSF 2.0 generic
##############################################################################
#                    Copyright (c) 1984 - 2019                               #
#                    Silvaco Inc. All rights reserved                        #
#                                                                            #
# This file format and the following Key are copyright Silvaco Inc.          #
# You may not use, this format or key without reproducing this message in    #
# full and obtaining express written permission from Silvaco Inc.            #
#                                                                            #
# To obtain such permission please contact: Silvaco Inc.                     #
#                                           support@silvaco.com              #
#                                                                            #
# KEY=SVC86hn7562asdx                       PROD=345                         #
##############################################################################
y 3 700 711 15
z 3 0 300
f 3 "source" "drain" "gate" 
o 1 Ey_gate_source
o 2 Ey_gate_drain
o 3 Ey_field_plate
o 4 Ey_gate_drain_mid
o 5 Ex_gate_source
o 6 Ex_gate_drain
o 7 Ex_field_plate
o 8 Ex_gate_drain_mid
p 17 2 601 20 3 602 21 4 603 22 3000 3001 3002 3003 3004 3005 3006 3007 
d 0.000000000e+000 0.000000000e+000 1.578904663e-002 0.000000000e+000 0.000000000e+000 4.315184360e-006 -3.000000000e+000 -3.000000000e+000 -1.579336182e-002 -1.255929352e+004 1.191706158e+005 -2.778598392e+004 -1.226375769e+004 9.885287410e+004 2.527462911e+003 -9.295075639e+004 -1.674127510e+005 
d 0.000000000e+000 0.000000000e+000 1.808306838e-002 0.000000000e+000 0.000000000e+000 4.235747115e-006 -3.375000000e+000 -3.375000000e+000 -1.808730413e-002 -2.280599204e+004 1.193646142e+005 -3.702415704e+004 -1.567301802e+004 1.114634650e+005 2.540317550e+003 -1.063746543e+005 -1.918048308e+005 
d 0.000000000e+000 0.000000000e+000 2.040396088e-002 0.000000000e+000 0.000000000e+000 4.157355625e-006 -3.750000000e+000 -3.750000000e+000 -2.040811823e-002 -3.288975032e+004 1.195639006e+005 -4.624177381e+004 -1.907823713e+004 1.240821838e+005 2.554194016e+003 -1.198095814e+005 -2.162054070e+005 
d 0.000000000e+000 0.000000000e+000 2.512749080e-002 0.000000000e+000 0.000000000e+000 4.019222411e-006 -4.500000000e+000 -4.500000000e+000 -2.513151002e-002 -5.273793434e+004 1.199166134e+005 -6.471522025e+004 -2.590269272e+004 1.493379926e+005 2.580662691e+003 -1.466762218e+005 -2.649900438e+005 
d 0.000000000e+000 0.000000000e+000 3.490284533e-002 0.000000000e+000 0.000000000e+000 3.766716711e-006 -6.000000000e+000 -6.000000000e+000 -3.490661205e-002 -9.160019729e+004 1.206048680e+005 -1.015935585e+005 -3.952377066e+004 1.999141110e+005 2.635909409e+003 -2.004179127e+005 -3.625928691e+005 
d 0.000000000e+000 0.000000000e+000 7.839963985e-002 0.000000000e+000 0.000000000e+000 2.956493469e-006 -1.200000000e+001 -1.200000000e+001 -7.840259634e-002 -2.440455384e+005 1.231721752e+005 -2.505532541e+005 -9.448541658e+004 4.026902445e+005 2.868911630e+003 -4.151068456e+005 -7.523795006e+005 
d 0.000000000e+000 0.000000000e+000 7.677678849e-002 0.000000000e+000 0.000000000e+000 2.684671523e-006 -1.180000000e+001 -1.180000000e+001 -7.677947317e-002 -2.377978313e+005 1.245109390e+005 -2.432349246e+005 -9.191892022e+004 3.959784879e+005 2.966262429e+003 -4.085424195e+005 -7.404085503e+005 
d 0.000000000e+000 0.000000000e+000 7.516474746e-002 0.000000000e+000 0.000000000e+000 2.440893952e-006 -1.160000000e+001 -1.160000000e+001 -7.516718836e-002 -2.315614101e+005 1.257941023e+005 -2.359683210e+005 -8.936828719e+004 3.892666118e+005 3.061590500e+003 -4.019642588e+005 -7.284151755e+005 
d 0.000000000e+000 0.000000000e+000 7.356444908e-002 0.000000000e+000 0.000000000e+000 2.225093514e-006 -1.140000000e+001 -1.140000000e+001 -7.356667417e-002 -2.253569097e+005 1.270059899e+005 -2.287922575e+005 -8.684568779e+004 3.825537217e+005 3.153427319e+003 -3.953627394e+005 -7.163825099e+005 
d 0.000000000e+000 0.000000000e+000 7.197463620e-002 0.000000000e+000 0.000000000e+000 2.028761483e-006 -1.120000000e+001 -1.120000000e+001 -7.197666496e-002 -2.191608530e+005 1.281797046e+005 -2.216599768e+005 -8.433658150e+004 3.758409481e+005 3.244153138e+003 -3.887497612e+005 -7.043308529e+005 
d 0.000000000e+000 0.000000000e+000 7.039505333e-002 0.000000000e+000 0.000000000e+000 1.848823782e-006 -1.100000000e+001 -1.100000000e+001 -7.039690215e-002 -2.129689502e+005 1.293241048e+005 -2.145623428e+005 -8.183815043e+004 3.691285243e+005 3.334402148e+003 -3.821277078e+005 -6.922641674e+005 
d 0.000000000e+000 0.000000000e+000 6.882578609e-002 0.000000000e+000 0.000000000e+000 1.683987181e-006 -1.080000000e+001 -1.080000000e+001 -6.882747007e-002 -2.067840231e+005 1.304392962e+005 -2.075037213e+005 -7.935178503e+004 3.624163426e+005 3.424143571e+003 -3.754955512e+005 -6.801805528e+005 
d 0.000000000e+000 0.000000000e+000 6.726789814e-002 0.000000000e+000 0.000000000e+000 1.536518275e-006 -1.060000000e+001 -1.060000000e+001 -6.726943466e-002 -2.006314229e+005 1.315005833e+005 -2.005302810e+005 -7.689192401e+004 3.557032394e+005 3.511217609e+003 -3.688417480e+005 -6.680599525e+005 
d 0.000000000e+000 0.000000000e+000 6.571968567e-002 0.000000000e+000 0.000000000e+000 1.399271660e-006 -1.040000000e+001 -1.040000000e+001 -6.572108494e-002 -1.944744591e+005 1.325499083e+005 -1.935722191e+005 -7.443679126e+004 3.489909067e+005 3.599129432e+003 -3.621838894e+005 -6.559326826e+005 
d 0.000000000e+000 0.000000000e+000 6.418154821e-002 0.000000000e+000 0.000000000e+000 1.272777767e-006 -1.020000000e+001 -1.020000000e+001 -6.418282099e-002 -1.883229135e+005 1.335784534e+005 -1.866466918e+005 -7.199175840e+004 3.422788755e+005 3.687152844e+003 -3.555177032e+005 -6.437912896e+005 
d 0.000000000e+000 0.000000000e+000 6.265337892e-002 0.000000000e+000 0.000000000e+000 1.155966300e-006 -1.000000000e+001 -1.000000000e+001 -6.265453488e-002 -1.821751712e+005 1.345892848e+005 -1.797499446e+005 -6.955566757e+004 3.355671886e+005 3.775585201e+003 -3.488441720e+005 -6.316374032e+005 
d 0.000000000e+000 0.000000000e+000 6.113537810e-002 0.000000000e+000 0.000000000e+000 1.048795981e-006 -9.800000000e+000 -9.800000000e+000 -6.113642689e-002 -1.760371991e+005 1.355772600e+005 -1.728924423e+005 -6.713179980e+004 3.288555217e+005 3.863977252e+003 -3.421607034e+005 -6.194664769e+005 
d 0.000000000e+000 0.000000000e+000 5.962769896e-002 0.000000000e+000 0.000000000e+000 9.510461532e-007 -9.600000000e+000 -9.600000000e+000 -5.962865001e-002 -1.699143902e+005 1.365379829e+005 -1.660827037e+005 -6.472282430e+004 3.221435623e+005 3.951905944e+003 -3.354651834e+005 -6.072748106e+005 
d 0.000000000e+000 0.000000000e+000 5.812832954e-002 0.000000000e+000 0.000000000e+000 8.567651414e-007 -9.400000000e+000 -9.400000000e+000 -5.812918631e-002 -1.637553474e+005 1.375260608e+005 -1.592262884e+005 -6.229925202e+004 3.154335939e+005 4.044789941e+003 -3.287813494e+005 -5.951034268e+005 
d 0.000000000e+000 0.000000000e+000 5.663875243e-002 0.000000000e+000 0.000000000e+000 7.697481793e-007 -9.200000000e+000 -9.200000000e+000 -5.663952218e-002 -1.575983324e+005 1.385029183e+005 -1.523907495e+005 -5.988218783e+004 3.087237410e+005 4.139097626e+003 -3.220922599e+005 -5.829229840e+005 
d 0.000000000e+000 0.000000000e+000 5.515899144e-002 0.000000000e+000 0.000000000e+000 6.896774003e-007 -9.000000000e+000 -9.000000000e+000 -5.515968112e-002 -1.514450670e+005 1.394678229e+005 -1.455783586e+005 -5.747234884e+004 3.020137988e+005 4.234876400e+003 -3.153973687e+005 -5.707324962e+005 
d 0.000000000e+000 0.000000000e+000 5.368910652e-002 0.000000000e+000 0.000000000e+000 6.163534883e-007 -8.800000000e+000 -8.800000000e+000 -5.368972287e-002 -1.452984553e+005 1.404185199e+005 -1.387933053e+005 -5.507104957e+004 2.953035001e+005 4.331990191e+003 -3.086956436e+005 -5.585301447e+005 
d 0.000000000e+000 0.000000000e+000 5.222896609e-002 0.000000000e+000 0.000000000e+000 5.490687711e-007 -8.600000000e+000 -8.600000000e+000 -5.222951516e-002 -1.391559730e+005 1.413592311e+005 -1.320288906e+005 -5.267620163e+004 2.885928229e+005 4.431025996e+003 -3.019887818e+005 -5.463188408e+005 
d 0.000000000e+000 0.000000000e+000 5.077867520e-002 0.000000000e+000 0.000000000e+000 4.876565265e-007 -8.400000000e+000 -8.400000000e+000 -5.077916286e-002 -1.330217572e+005 1.422876087e+005 -1.252895243e+005 -5.028918223e+004 2.818814558e+005 4.531881810e+003 -2.952756799e+005 -5.340966710e+005 
d 0.000000000e+000 0.000000000e+000 4.933813311e-002 0.000000000e+000 0.000000000e+000 4.316023431e-007 -8.200000000e+000 -8.200000000e+000 -4.933856472e-002 -1.268937621e+005 1.432064791e+005 -1.185697743e+005 -4.790829406e+004 2.751693841e+005 4.635024455e+003 -2.885577047e+005 -5.218659971e+005 
d 0.000000000e+000 0.000000000e+000 4.790733584e-002 0.000000000e+000 0.000000000e+000 3.806595314e-007 -8.000000000e+000 -8.000000000e+000 -4.790771650e-002 -1.207724273e+005 1.441153065e+005 -1.118706206e+005 -4.553384592e+004 2.684565157e+005 4.740525495e+003 -2.818346193e+005 -5.096263941e+005 
d 0.000000000e+000 0.000000000e+000 4.648625007e-002 0.000000000e+000 0.000000000e+000 3.344778957e-007 -7.800000000e+000 -7.800000000e+000 -4.648658455e-002 -1.146568660e+005 1.450154879e+005 -1.051916731e+005 -4.316572276e+004 2.617428619e+005 4.848720211e+003 -2.751065392e+005 -4.973780309e+005 
d 0.000000000e+000 0.000000000e+000 4.507481825e-002 0.000000000e+000 0.000000000e+000 2.926439048e-007 -7.600000000e+000 -7.600000000e+000 -4.507511089e-002 -1.085448574e+005 1.459102358e+005 -9.852955713e+004 -4.080287498e+004 2.550285387e+005 4.960236171e+003 -2.683743227e+005 -4.851223731e+005 
d 0.000000000e+000 0.000000000e+000 4.367305043e-002 0.000000000e+000 0.000000000e+000 2.549044292e-007 -7.400000000e+000 -7.400000000e+000 -4.367330533e-002 -1.024358666e+005 1.468002209e+005 -9.188314808e+004 -3.844494843e+004 2.483136386e+005 5.075382935e+003 -2.616382434e+005 -4.728599092e+005 
d 0.000000000e+000 0.000000000e+000 4.228388322e-002 0.000000000e+000 0.000000000e+000 2.252541698e-007 -7.200000000e+000 -7.200000000e+000 -4.228410847e-002 -9.643283870e+004 1.475762844e+005 -8.543421747e+004 -3.614866939e+004 2.415940752e+005 5.178247644e+003 -2.548524990e+005 -4.605116736e+005 
d 0.000000000e+000 0.000000000e+000 4.090418288e-002 0.000000000e+000 0.000000000e+000 1.984414202e-007 -7.000000000e+000 -7.000000000e+000 -4.090438132e-002 -9.042949465e+004 1.483476542e+005 -7.899850803e+004 -3.385652204e+004 2.348744060e+005 5.283834226e+003 -2.480634702e+005 -4.481577091e+005 
d 0.000000000e+000 0.000000000e+000 3.953394426e-002 0.000000000e+000 0.000000000e+000 1.742847337e-007 -6.800000000e+000 -6.800000000e+000 -3.953411855e-002 -8.442388244e+004 1.491150964e+005 -7.257637223e+004 -3.156861961e+004 2.281548621e+005 5.392326450e+003 -2.412710711e+005 -4.357978603e+005 
d 0.000000000e+000 0.000000000e+000 3.817308665e-002 0.000000000e+000 0.000000000e+000 1.525023297e-007 -6.600000000e+000 -6.600000000e+000 -3.817323915e-002 -7.841082721e+004 1.498830193e+005 -6.616284999e+004 -2.928341881e+004 2.214358220e+005 5.504508877e+003 -2.344765562e+005 -4.234342785e+005 
d 0.000000000e+000 0.000000000e+000 3.682165478e-002 0.000000000e+000 0.000000000e+000 1.329801098e-007 -6.400000000e+000 -6.400000000e+000 -3.682178776e-002 -7.238959476e+004 1.506510922e+005 -5.976047737e+004 -2.700171369e+004 2.147174952e+005 5.620437402e+003 -2.276792854e+005 -4.110658585e+005 
d 0.000000000e+000 0.000000000e+000 3.547963781e-002 0.000000000e+000 0.000000000e+000 1.155404551e-007 -6.200000000e+000 -6.200000000e+000 -3.547975335e-002 -6.635716586e+004 1.514211047e+005 -5.336732425e+004 -2.472290098e+004 2.080001893e+005 5.740488236e+003 -2.208797340e+005 -3.986934355e+005 
d 0.000000000e+000 0.000000000e+000 3.414711585e-002 0.000000000e+000 0.000000000e+000 1.001056117e-007 -6.000000000e+000 -6.000000000e+000 -3.414721596e-002 -6.031430246e+004 1.521904235e+005 -4.698774009e+004 -2.244833315e+004 2.012840593e+005 5.864226938e+003 -2.140767854e+005 -3.863151168e+005 
d 0.000000000e+000 0.000000000e+000 3.282405720e-002 0.000000000e+000 0.000000000e+000 8.648182180e-008 -5.800000000e+000 -5.800000000e+000 -3.282414368e-002 -5.425706806e+004 1.529611067e+005 -4.061837058e+004 -2.017695825e+004 1.945694465e+005 5.991978996e+003 -2.072712628e+005 -3.739323564e+005 
d 0.000000000e+000 0.000000000e+000 3.151047666e-002 0.000000000e+000 0.000000000e+000 7.452404590e-008 -5.600000000e+000 -5.600000000e+000 -3.151055118e-002 -4.818343317e+004 1.537331732e+005 -3.425995793e+004 -1.790900392e+004 1.878566092e+005 6.123684957e+003 -2.004629608e+005 -3.615448287e+005 
d 0.000000000e+000 0.000000000e+000 3.020632589e-002 0.000000000e+000 0.000000000e+000 6.403555740e-008 -5.400000000e+000 -5.400000000e+000 -3.020638993e-002 -4.208819089e+004 1.545102886e+005 -2.790845990e+004 -1.564320713e+004 1.811459319e+005 6.259979412e+003 -1.936528860e+005 -3.491542858e+005 
d 0.000000000e+000 0.000000000e+000 2.891133255e-002 0.000000000e+000 0.000000000e+000 5.468337884e-008 -5.200000000e+000 -5.200000000e+000 -2.891138723e-002 -3.595346381e+004 1.553100833e+005 -2.153907134e+004 -1.337182984e+004 1.744383400e+005 6.404389463e+003 -1.868472843e+005 -3.367714973e+005 
d 0.000000000e+000 0.000000000e+000 2.762568240e-002 0.000000000e+000 0.000000000e+000 4.649317416e-008 -5.000000000e+000 -5.000000000e+000 -2.762572889e-002 -2.978393661e+004 1.561256533e+005 -1.516495316e+004 -1.109897189e+004 1.677338120e+005 6.555661371e+003 -1.800428177e+005 -3.243907445e+005 
d 0.000000000e+000 0.000000000e+000 2.634953787e-002 0.000000000e+000 0.000000000e+000 3.943850749e-008 -4.800000000e+000 -4.800000000e+000 -2.634957731e-002 -2.358473487e+004 1.569491253e+005 -8.799394176e+003 -8.828766516e+003 1.610322766e+005 6.712131629e+003 -1.732361057e+005 -3.120062567e+005 
d 0.000000000e+000 0.000000000e+000 2.508272039e-002 0.000000000e+000 0.000000000e+000 3.329332337e-008 -4.600000000e+000 -4.600000000e+000 -2.508275368e-002 -1.734116246e+004 1.577940302e+005 -2.423265033e+003 -6.555233820e+003 1.543345215e+005 6.876622823e+003 -1.664319403e+005 -2.996263435e+005 
d 0.000000000e+000 0.000000000e+000 2.382551816e-002 0.000000000e+000 0.000000000e+000 2.809444615e-008 -4.400000000e+000 -4.400000000e+000 -2.382554625e-002 -1.106759546e+004 1.586410819e+005 3.935458243e+003 -4.287071871e+003 1.476400104e+005 7.044831148e+003 -1.596232098e+005 -2.872388640e+005 
d 0.000000000e+000 0.000000000e+000 2.257786818e-002 0.000000000e+000 0.000000000e+000 2.368986093e-008 -4.200000000e+000 -4.200000000e+000 -2.257789187e-002 -4.757839938e+003 1.594930892e+005 1.028172265e+004 -2.022708363e+003 1.409490877e+005 7.217113725e+003 -1.528111025e+005 -2.748459767e+005 
d 0.000000000e+000 0.000000000e+000 2.133970103e-002 0.000000000e+000 0.000000000e+000 1.994950409e-008 -4.000000000e+000 -4.000000000e+000 -2.133972098e-002 1.595428673e+003 1.603537533e+005 1.662108212e+004 2.396220875e+002 1.342621285e+005 7.394091487e+003 -1.459969529e+005 -2.624501053e+005 
d 0.000000000e+000 0.000000000e+000 2.011097781e-002 0.000000000e+000 0.000000000e+000 1.677600491e-008 -3.800000000e+000 -3.800000000e+000 -2.011099459e-002 7.997704871e+003 1.612242947e+005 2.295510945e+004 2.500448647e+003 1.275793866e+005 7.575873393e+003 -1.391810818e+005 -2.500519471e+005 
d 0.000000000e+000 0.000000000e+000 1.889163452e-002 0.000000000e+000 0.000000000e+000 1.408007988e-008 -3.600000000e+000 -3.600000000e+000 -1.889164860e-002 1.445675540e+004 1.621077649e+005 2.928781083e+004 4.761064504e+003 1.209011749e+005 7.763033984e+003 -1.323644125e+005 -2.376532578e+005 
d 0.000000000e+000 0.000000000e+000 1.768163857e-002 0.000000000e+000 0.000000000e+000 1.179892306e-008 -3.400000000e+000 -3.400000000e+000 -1.768165037e-002 2.097742815e+004 1.630027934e+005 3.561750906e+004 7.020997921e+003 1.142275817e+005 7.955114176e+003 -1.255464196e+005 -2.252533276e+005 
d 0.000000000e+000 0.000000000e+000 1.648091908e-002 0.000000000e+000 0.000000000e+000 9.871312551e-009 -3.200000000e+000 -3.200000000e+000 -1.648092895e-002 2.756751215e+004 1.639099074e+005 4.194535570e+004 9.280661882e+003 1.075587282e+005 8.152100049e+003 -1.187272845e+005 -2.128526756e+005 
d 0.000000000e+000 0.000000000e+000 1.528938451e-002 0.000000000e+000 0.000000000e+000 8.244489253e-009 -3.000000000e+000 -3.000000000e+000 -1.528939276e-002 3.423643718e+004 1.648297175e+005 4.827272543e+004 1.154053819e+004 1.008946639e+005 8.353999413e+003 -1.119072457e+005 -2.004519175e+005 
d 0.000000000e+000 0.000000000e+000 1.410694956e-002 0.000000000e+000 0.000000000e+000 6.880016752e-009 -2.800000000e+000 -2.800000000e+000 -1.410695644e-002 4.099140386e+004 1.657581032e+005 5.459517441e+004 1.379929263e+004 9.423509716e+004 8.559619711e+003 -1.050850771e+005 -1.880491418e+005 
d 0.000000000e+000 0.000000000e+000 1.293347553e-002 0.000000000e+000 0.000000000e+000 5.738235712e-009 -2.600000000e+000 -2.600000000e+000 -1.293348127e-002 4.784433335e+004 1.666937812e+005 6.091196016e+004 1.605673481e+004 8.757970861e+004 8.768428300e+003 -9.826050680e+004 -1.756440409e+005 
d 0.000000000e+000 0.000000000e+000 1.176879090e-002 0.000000000e+000 0.000000000e+000 4.784100693e-009 -2.400000000e+000 -2.400000000e+000 -1.176879569e-002 5.481014797e+004 1.676361874e+005 6.722302100e+004 1.831287350e+004 8.092801242e+004 8.980044298e+003 -9.143346187e+004 -1.632365985e+005 
d 0.000000000e+000 0.000000000e+000 1.061268563e-002 0.000000000e+000 0.000000000e+000 3.985527011e-009 -2.200000000e+000 -2.200000000e+000 -1.061268961e-002 6.190847096e+004 1.685875783e+005 7.353125172e+004 2.056862179e+004 7.427942252e+004 9.194798616e+003 -8.460465217e+004 -1.508280764e+005 
d 0.000000000e+000 0.000000000e+000 9.464927842e-003 0.000000000e+000 0.000000000e+000 3.316374728e-009 -2.000000000e+000 -2.000000000e+000 -9.464931158e-003 6.916082567e+004 1.695503199e+005 7.983918634e+004 2.282476522e+004 6.763308974e+004 9.413049309e+003 -7.777472883e+004 -1.384195756e+005 
d 0.000000000e+000 0.000000000e+000 8.325263689e-003 0.000000000e+000 0.000000000e+000 2.756096434e-009 -1.800000000e+000 -1.800000000e+000 -8.325266446e-003 7.658852582e+004 1.705253476e+005 8.614736692e+004 2.508145794e+004 6.098781217e+004 9.634750692e+003 -7.094386241e+004 -1.260113293e+005 
d 0.000000000e+000 0.000000000e+000 7.193402839e-003 0.000000000e+000 0.000000000e+000 2.287407759e-009 -1.600000000e+000 -1.600000000e+000 -7.193405126e-003 8.421277806e+004 1.715136508e+005 9.245616482e+004 2.733879307e+004 5.434212748e+004 9.859804571e+003 -6.411219690e+004 -1.136034944e+005 
d 0.000000000e+000 0.000000000e+000 6.069009200e-003 0.000000000e+000 0.000000000e+000 1.895361749e-009 -1.400000000e+000 -1.400000000e+000 -6.069011095e-003 9.205394999e+004 1.725173729e+005 9.876694627e+004 2.959716852e+004 4.769442312e+004 1.008832423e+004 -5.728013910e+004 -1.011966584e+005 
d 0.000000000e+000 0.000000000e+000 4.951707482e-003 0.000000000e+000 0.000000000e+000 1.569028217e-009 -1.200000000e+000 -1.200000000e+000 -4.951709051e-003 1.001240952e+005 1.735340636e+005 1.050755478e+005 3.185526327e+004 4.104273666e+004 1.031904155e+004 -5.044668915e+004 -8.878901062e+004 
d 0.000000000e+000 0.000000000e+000 3.841063318e-003 0.000000000e+000 0.000000000e+000 1.296930311e-009 -1.000000000e+000 -1.000000000e+000 -3.841064615e-003 1.084361526e+005 1.745678623e+005 1.113846092e+005 3.411387154e+004 3.438551935e+004 1.055224553e+004 -4.361257732e+004 -7.638169500e+004 
d 0.000000000e+000 0.000000000e+000 2.736619036e-003 0.000000000e+000 0.000000000e+000 1.070773057e-009 -8.000000000e-001 -8.000000000e-001 -2.736620107e-003 1.169958660e+005 1.756189099e+005 1.176913344e+005 3.637210279e+004 2.772130529e+004 1.078678947e+004 -3.677714038e+004 -6.397350480e+004 
d 0.000000000e+000 0.000000000e+000 1.637931725e-003 0.000000000e+000 0.000000000e+000 8.840108092e-010 -6.000000000e-001 -6.000000000e-001 -1.637932609e-003 1.258154721e+005 1.766846565e+005 1.239880743e+005 3.862756542e+004 2.104902184e+004 1.102006377e+004 -2.993846289e+004 -5.156115078e+004 
d 0.000000000e+000 0.000000000e+000 5.580251633e-004 0.000000000e+000 0.000000000e+000 7.287483265e-010 -4.000000000e-001 -4.000000000e-001 -5.580258921e-004 1.350007743e+005 1.777807951e+005 1.302810223e+005 4.088225629e+004 1.436907812e+004 1.125238720e+004 -2.309795222e+004 -3.914748462e+004 
d 0.000000000e+000 0.000000000e+000 1.798849007e-005 0.000000000e+000 0.000000000e+000 5.997882323e-010 -2.000000000e-001 -2.000000000e-001 -1.798908985e-005 1.509864757e+005 1.792665125e+005 1.366871675e+005 4.319211563e+004 7.695534696e+003 1.145626983e+004 -1.624297740e+004 -2.679407459e+004 
d 0.000000000e+000 0.000000000e+000 2.471192668e-018 0.000000000e+000 0.000000000e+000 -2.214212470e-022 1.446557558e-014 1.446557558e-014 3.516362611e-017 2.213622745e+005 2.049863657e+005 1.479177276e+005 4.769368953e+004 3.344720186e+003 9.947779741e+003 -9.175356334e+003 -1.732392117e+004 
d 0.000000000e+000 0.000000000e+000 -2.217350558e-007 0.000000000e+000 0.000000000e+000 -2.000299499e-008 2.000000000e-001 2.000000000e-001 2.417380508e-007 3.094969724e+005 2.686253300e+005 1.672304117e+005 5.463042455e+004 9.780570421e+002 9.911602187e+003 -5.804451644e+003 -1.376833921e+004 
d 0.000000000e+000 0.000000000e+000 -4.247287143e-007 0.000000000e+000 0.000000000e+000 -5.632382284e-008 4.000000000e-001 4.000000000e-001 4.810525372e-007 3.990026987e+005 3.378262427e+005 1.912060612e+005 6.271291631e+004 -1.062443636e+003 1.225867215e+004 -4.398215380e+003 -1.159198603e+004 
d 0.000000000e+000 0.000000000e+000 -6.838084246e-007 0.000000000e+000 0.000000000e+000 -1.014140944e-007 6.000000000e-001 6.000000000e-001 7.852225190e-007 4.892411199e+005 4.083919210e+005 2.168918854e+005 7.124622492e+004 -2.986224393e+003 1.498564278e+004 -3.404419092e+003 -9.814989990e+003 
d 0.000000000e+000 0.000000000e+000 -9.980171856e-007 0.000000000e+000 0.000000000e+000 -1.566164358e-007 8.000000000e-001 8.000000000e-001 1.154633621e-006 5.797100247e+005 4.794489930e+005 2.431953569e+005 7.994183821e+004 -4.846449600e+003 1.782044663e+004 -2.574756247e+003 -8.242915812e+003 
d 0.000000000e+000 0.000000000e+000 -1.365313187e-006 0.000000000e+000 0.000000000e+000 -2.219447181e-007 1.000000000e+000 1.000000000e+000 1.587257904e-006 6.698823271e+005 5.504845018e+005 2.698541266e+005 8.873659001e+004 -6.660753049e+003 2.067760168e+004 -1.827803145e+003 -6.789350580e+003 
d 0.000000000e+000 0.000000000e+000 -1.782230168e-006 0.000000000e+000 0.000000000e+000 -2.971365237e-007 1.200000000e+000 1.200000000e+000 2.079366686e-006 7.591266364e+005 6.210133562e+005 2.967647650e+005 9.760530337e+004 -8.433343873e+003 2.350463384e+004 -1.129408823e+003 -5.411939396e+003 
d 0.000000000e+000 0.000000000e+000 -2.242620705e-006 0.000000000e+000 0.000000000e+000 -3.819144472e-007 1.400000000e+000 1.400000000e+000 2.624535121e-006 8.465160116e+005 6.903913640e+005 3.238633886e+005 1.065309944e+005 -1.015910285e+004 2.624602763e+004 -4.627346935e+002 -4.087627422e+003 
d 0.000000000e+000 0.000000000e+000 -2.736723054e-006 0.000000000e+000 0.000000000e+000 -4.759470509e-007 1.600000000e+000 1.600000000e+000 3.212670105e-006 9.308301770e+005 7.577898144e+005 3.511045304e+005 1.155007614e+005 -1.182299931e+004 2.883497584e+004 1.815904059e+002 -2.802612373e+003 
d 0.000000000e+000 0.000000000e+000 -3.256323870e-006 0.000000000e+000 0.000000000e+000 -5.789350715e-007 1.800000000e+000 1.800000000e+000 3.835258942e-006 1.011629961e+006 8.228773566e+005 3.784558772e+005 1.245050990e+005 -1.340932656e+004 3.124264825e+004 8.093135612e+002 -1.547927994e+003 
d 0.000000000e+000 0.000000000e+000 -3.804308174e-006 0.000000000e+000 0.000000000e+000 -6.908962994e-007 2.000000000e+000 2.000000000e+000 4.495204473e-006 1.090284124e+006 8.865334455e+005 4.058958478e+005 1.335375615e+005 -1.493379533e+004 3.353583783e+004 1.424276418e+003 -3.173067812e+002 
